{"/Users/gabe.algo/Code/devportal-code-examples/projects/typescript-examples/algokit-utils-ts/setup-localnet-environment.ts": {"path":"/Users/gabe.algo/Code/devportal-code-examples/projects/typescript-examples/algokit-utils-ts/setup-localnet-environment.ts","all":true,"statementMap":{"0":{"start":{"line":1,"column":0},"end":{"line":1,"column":72}},"19":{"start":{"line":20,"column":0},"end":{"line":20,"column":59}},"28":{"start":{"line":29,"column":0},"end":{"line":29,"column":51}},"30":{"start":{"line":31,"column":0},"end":{"line":31,"column":62}},"33":{"start":{"line":34,"column":0},"end":{"line":34,"column":83}},"36":{"start":{"line":37,"column":0},"end":{"line":37,"column":113}},"38":{"start":{"line":39,"column":0},"end":{"line":39,"column":89}},"40":{"start":{"line":41,"column":0},"end":{"line":41,"column":10}},"41":{"start":{"line":42,"column":0},"end":{"line":42,"column":13}},"42":{"start":{"line":43,"column":0},"end":{"line":43,"column":14}},"43":{"start":{"line":44,"column":0},"end":{"line":44,"column":19}},"44":{"start":{"line":45,"column":0},"end":{"line":45,"column":19}},"45":{"start":{"line":46,"column":0},"end":{"line":46,"column":19}},"46":{"start":{"line":47,"column":0},"end":{"line":47,"column":19}},"48":{"start":{"line":49,"column":0},"end":{"line":49,"column":1}}},"s":{"0":0,"19":0,"28":0,"30":0,"33":0,"36":0,"38":0,"40":0,"41":0,"42":0,"43":0,"44":0,"45":0,"46":0,"48":0},"branchMap":{"0":{"type":"branch","line":1,"loc":{"start":{"line":1,"column":1558},"end":{"line":49,"column":1}},"locations":[{"start":{"line":1,"column":1558},"end":{"line":49,"column":1}}]}},"b":{"0":[0]},"fnMap":{"0":{"name":"(empty-report)","decl":{"start":{"line":1,"column":1558},"end":{"line":49,"column":1}},"loc":{"start":{"line":1,"column":1558},"end":{"line":49,"column":1}},"line":1}},"f":{"0":0}}
,"/Users/gabe.algo/Code/devportal-code-examples/projects/typescript-examples/algokit-utils-ts/accounts/creating-accounts.ts": {"path":"/Users/gabe.algo/Code/devportal-code-examples/projects/typescript-examples/algokit-utils-ts/accounts/creating-accounts.ts","all":true,"statementMap":{"0":{"start":{"line":1,"column":0},"end":{"line":1,"column":54}},"1":{"start":{"line":2,"column":0},"end":{"line":2,"column":88}},"3":{"start":{"line":4,"column":0},"end":{"line":4,"column":35}},"4":{"start":{"line":5,"column":0},"end":{"line":5,"column":55}},"11":{"start":{"line":12,"column":0},"end":{"line":12,"column":49}},"12":{"start":{"line":13,"column":0},"end":{"line":13,"column":50}},"13":{"start":{"line":14,"column":0},"end":{"line":14,"column":50}},"22":{"start":{"line":23,"column":0},"end":{"line":23,"column":79}},"30":{"start":{"line":31,"column":0},"end":{"line":31,"column":76}},"38":{"start":{"line":39,"column":0},"end":{"line":39,"column":61}},"45":{"start":{"line":46,"column":0},"end":{"line":46,"column":68}},"50":{"start":{"line":51,"column":0},"end":{"line":51,"column":88}},"52":{"start":{"line":53,"column":0},"end":{"line":53,"column":1}},"54":{"start":{"line":55,"column":0},"end":{"line":55,"column":18}}},"s":{"0":0,"1":0,"3":0,"4":0,"11":0,"12":0,"13":0,"22":0,"30":0,"38":0,"45":0,"50":0,"52":0,"54":0},"branchMap":{"0":{"type":"branch","line":1,"loc":{"start":{"line":1,"column":1810},"end":{"line":55,"column":18}},"locations":[{"start":{"line":1,"column":1810},"end":{"line":55,"column":18}}]}},"b":{"0":[0]},"fnMap":{"0":{"name":"(empty-report)","decl":{"start":{"line":1,"column":1810},"end":{"line":55,"column":18}},"loc":{"start":{"line":1,"column":1810},"end":{"line":55,"column":18}},"line":1}},"f":{"0":0}}
,"/Users/gabe.algo/Code/devportal-code-examples/projects/typescript-examples/algokit-utils-ts/accounts/funding-accounts.ts": {"path":"/Users/gabe.algo/Code/devportal-code-examples/projects/typescript-examples/algokit-utils-ts/accounts/funding-accounts.ts","all":true,"statementMap":{"0":{"start":{"line":1,"column":0},"end":{"line":1,"column":54}},"1":{"start":{"line":2,"column":0},"end":{"line":2,"column":72}},"3":{"start":{"line":4,"column":0},"end":{"line":4,"column":34}},"5":{"start":{"line":6,"column":0},"end":{"line":6,"column":51}},"11":{"start":{"line":12,"column":0},"end":{"line":12,"column":70}},"18":{"start":{"line":19,"column":0},"end":{"line":19,"column":80}},"26":{"start":{"line":27,"column":0},"end":{"line":27,"column":83}},"34":{"start":{"line":35,"column":0},"end":{"line":35,"column":79}},"43":{"start":{"line":44,"column":0},"end":{"line":44,"column":78}},"44":{"start":{"line":45,"column":0},"end":{"line":45,"column":104}},"51":{"start":{"line":52,"column":0},"end":{"line":52,"column":79}},"52":{"start":{"line":53,"column":0},"end":{"line":53,"column":58}},"54":{"start":{"line":55,"column":0},"end":{"line":55,"column":1}},"56":{"start":{"line":57,"column":0},"end":{"line":57,"column":17}}},"s":{"0":0,"1":0,"3":0,"5":0,"11":0,"18":0,"26":0,"34":0,"43":0,"44":0,"51":0,"52":0,"54":0,"56":0},"branchMap":{"0":{"type":"branch","line":1,"loc":{"start":{"line":1,"column":2063},"end":{"line":57,"column":17}},"locations":[{"start":{"line":1,"column":2063},"end":{"line":57,"column":17}}]}},"b":{"0":[0]},"fnMap":{"0":{"name":"(empty-report)","decl":{"start":{"line":1,"column":2063},"end":{"line":57,"column":17}},"loc":{"start":{"line":1,"column":2063},"end":{"line":57,"column":17}},"line":1}},"f":{"0":0}}
,"/Users/gabe.algo/Code/devportal-code-examples/projects/typescript-examples/algokit-utils-ts/accounts/keys-and-signing.ts": {"path":"/Users/gabe.algo/Code/devportal-code-examples/projects/typescript-examples/algokit-utils-ts/accounts/keys-and-signing.ts","all":true,"statementMap":{"0":{"start":{"line":1,"column":0},"end":{"line":1,"column":54}},"4":{"start":{"line":5,"column":0},"end":{"line":5,"column":40}},"5":{"start":{"line":6,"column":0},"end":{"line":6,"column":103}},"12":{"start":{"line":13,"column":0},"end":{"line":13,"column":51}},"20":{"start":{"line":21,"column":0},"end":{"line":21,"column":18}},"21":{"start":{"line":22,"column":0},"end":{"line":22,"column":41}},"22":{"start":{"line":23,"column":0},"end":{"line":23,"column":41}},"23":{"start":{"line":24,"column":0},"end":{"line":24,"column":41}},"31":{"start":{"line":32,"column":0},"end":{"line":32,"column":62}},"39":{"start":{"line":40,"column":0},"end":{"line":40,"column":70}},"41":{"start":{"line":42,"column":0},"end":{"line":42,"column":63}},"42":{"start":{"line":43,"column":0},"end":{"line":43,"column":27}},"43":{"start":{"line":44,"column":0},"end":{"line":44,"column":29}},"44":{"start":{"line":45,"column":0},"end":{"line":45,"column":20}},"45":{"start":{"line":46,"column":0},"end":{"line":46,"column":32}},"46":{"start":{"line":47,"column":0},"end":{"line":47,"column":4}},"49":{"start":{"line":50,"column":0},"end":{"line":50,"column":81}},"50":{"start":{"line":51,"column":0},"end":{"line":51,"column":23}},"53":{"start":{"line":54,"column":0},"end":{"line":54,"column":1}},"55":{"start":{"line":56,"column":0},"end":{"line":56,"column":16}}},"s":{"0":0,"4":0,"5":0,"12":0,"20":0,"21":0,"22":0,"23":0,"31":0,"39":0,"41":0,"42":0,"43":0,"44":0,"45":0,"46":0,"49":0,"50":0,"53":0,"55":0},"branchMap":{"0":{"type":"branch","line":1,"loc":{"start":{"line":1,"column":1770},"end":{"line":56,"column":16}},"locations":[{"start":{"line":1,"column":1770},"end":{"line":56,"column":16}}]}},"b":{"0":[0]},"fnMap":{"0":{"name":"(empty-report)","decl":{"start":{"line":1,"column":1770},"end":{"line":56,"column":16}},"loc":{"start":{"line":1,"column":1770},"end":{"line":56,"column":16}},"line":1}},"f":{"0":0}}
,"/Users/gabe.algo/Code/devportal-code-examples/projects/typescript-examples/algokit-utils-ts/accounts/multisignature-accounts.ts": {"path":"/Users/gabe.algo/Code/devportal-code-examples/projects/typescript-examples/algokit-utils-ts/accounts/multisignature-accounts.ts","all":true,"statementMap":{"0":{"start":{"line":1,"column":0},"end":{"line":1,"column":56}},"1":{"start":{"line":2,"column":0},"end":{"line":2,"column":88}},"3":{"start":{"line":4,"column":0},"end":{"line":4,"column":41}},"5":{"start":{"line":6,"column":0},"end":{"line":6,"column":114}},"10":{"start":{"line":11,"column":0},"end":{"line":11,"column":53}},"11":{"start":{"line":12,"column":0},"end":{"line":12,"column":90}},"12":{"start":{"line":13,"column":0},"end":{"line":13,"column":77}},"16":{"start":{"line":17,"column":0},"end":{"line":17,"column":79}},"21":{"start":{"line":22,"column":0},"end":{"line":22,"column":31}},"22":{"start":{"line":23,"column":0},"end":{"line":23,"column":29}},"23":{"start":{"line":24,"column":0},"end":{"line":24,"column":29}},"24":{"start":{"line":25,"column":0},"end":{"line":25,"column":20}},"25":{"start":{"line":26,"column":0},"end":{"line":26,"column":4}},"27":{"start":{"line":28,"column":0},"end":{"line":28,"column":1}},"29":{"start":{"line":30,"column":0},"end":{"line":30,"column":24}}},"s":{"0":0,"1":0,"3":0,"5":0,"10":0,"11":0,"12":0,"16":0,"21":0,"22":0,"23":0,"24":0,"25":0,"27":0,"29":0},"branchMap":{"0":{"type":"branch","line":1,"loc":{"start":{"line":1,"column":1255},"end":{"line":30,"column":24}},"locations":[{"start":{"line":1,"column":1255},"end":{"line":30,"column":24}}]}},"b":{"0":[0]},"fnMap":{"0":{"name":"(empty-report)","decl":{"start":{"line":1,"column":1255},"end":{"line":30,"column":24}},"loc":{"start":{"line":1,"column":1255},"end":{"line":30,"column":24}},"line":1}},"f":{"0":0}}
,"/Users/gabe.algo/Code/devportal-code-examples/projects/typescript-examples/algokit-utils-ts/accounts/rekeying-accounts.ts": {"path":"/Users/gabe.algo/Code/devportal-code-examples/projects/typescript-examples/algokit-utils-ts/accounts/rekeying-accounts.ts","all":true,"statementMap":{"0":{"start":{"line":1,"column":0},"end":{"line":1,"column":56}},"1":{"start":{"line":2,"column":0},"end":{"line":2,"column":88}},"3":{"start":{"line":4,"column":0},"end":{"line":4,"column":35}},"4":{"start":{"line":5,"column":0},"end":{"line":5,"column":103}},"11":{"start":{"line":12,"column":0},"end":{"line":12,"column":69}},"15":{"start":{"line":16,"column":0},"end":{"line":16,"column":31}},"16":{"start":{"line":17,"column":0},"end":{"line":17,"column":27}},"17":{"start":{"line":18,"column":0},"end":{"line":18,"column":29}},"18":{"start":{"line":19,"column":0},"end":{"line":19,"column":20}},"19":{"start":{"line":20,"column":0},"end":{"line":20,"column":4}},"22":{"start":{"line":23,"column":0},"end":{"line":23,"column":1}},"24":{"start":{"line":25,"column":0},"end":{"line":25,"column":18}}},"s":{"0":0,"1":0,"3":0,"4":0,"11":0,"15":0,"16":0,"17":0,"18":0,"19":0,"22":0,"24":0},"branchMap":{"0":{"type":"branch","line":1,"loc":{"start":{"line":1,"column":826},"end":{"line":25,"column":18}},"locations":[{"start":{"line":1,"column":826},"end":{"line":25,"column":18}}]}},"b":{"0":[0]},"fnMap":{"0":{"name":"(empty-report)","decl":{"start":{"line":1,"column":826},"end":{"line":25,"column":18}},"loc":{"start":{"line":1,"column":826},"end":{"line":25,"column":18}},"line":1}},"f":{"0":0}}
,"/Users/gabe.algo/Code/devportal-code-examples/projects/typescript-examples/algokit-utils-ts/transactions/atomic-transaction-groups.ts": {"path":"/Users/gabe.algo/Code/devportal-code-examples/projects/typescript-examples/algokit-utils-ts/transactions/atomic-transaction-groups.ts","all":true,"statementMap":{"0":{"start":{"line":1,"column":0},"end":{"line":1,"column":56}},"1":{"start":{"line":2,"column":0},"end":{"line":2,"column":88}},"3":{"start":{"line":4,"column":0},"end":{"line":4,"column":42}},"4":{"start":{"line":5,"column":0},"end":{"line":5,"column":103}},"9":{"start":{"line":10,"column":0},"end":{"line":10,"column":16}},"10":{"start":{"line":11,"column":0},"end":{"line":11,"column":15}},"12":{"start":{"line":13,"column":0},"end":{"line":13,"column":17}},"13":{"start":{"line":14,"column":0},"end":{"line":14,"column":29}},"14":{"start":{"line":15,"column":0},"end":{"line":15,"column":31}},"15":{"start":{"line":16,"column":0},"end":{"line":16,"column":22}},"16":{"start":{"line":17,"column":0},"end":{"line":17,"column":44}},"17":{"start":{"line":18,"column":0},"end":{"line":18,"column":6}},"19":{"start":{"line":20,"column":0},"end":{"line":20,"column":17}},"20":{"start":{"line":21,"column":0},"end":{"line":21,"column":29}},"21":{"start":{"line":22,"column":0},"end":{"line":22,"column":31}},"22":{"start":{"line":23,"column":0},"end":{"line":23,"column":67}},"23":{"start":{"line":24,"column":0},"end":{"line":24,"column":45}},"24":{"start":{"line":25,"column":0},"end":{"line":25,"column":6}},"26":{"start":{"line":27,"column":0},"end":{"line":27,"column":11}},"32":{"start":{"line":33,"column":0},"end":{"line":33,"column":24}},"33":{"start":{"line":34,"column":0},"end":{"line":34,"column":15}},"34":{"start":{"line":35,"column":0},"end":{"line":35,"column":17}},"35":{"start":{"line":36,"column":0},"end":{"line":36,"column":29}},"36":{"start":{"line":37,"column":0},"end":{"line":37,"column":31}},"37":{"start":{"line":38,"column":0},"end":{"line":38,"column":22}},"38":{"start":{"line":39,"column":0},"end":{"line":39,"column":6}},"39":{"start":{"line":40,"column":0},"end":{"line":40,"column":17}},"40":{"start":{"line":41,"column":0},"end":{"line":41,"column":29}},"41":{"start":{"line":42,"column":0},"end":{"line":42,"column":31}},"42":{"start":{"line":43,"column":0},"end":{"line":43,"column":24}},"43":{"start":{"line":44,"column":0},"end":{"line":44,"column":6}},"50":{"start":{"line":51,"column":0},"end":{"line":51,"column":47}},"51":{"start":{"line":52,"column":0},"end":{"line":52,"column":63}},"53":{"start":{"line":54,"column":0},"end":{"line":54,"column":38}},"54":{"start":{"line":55,"column":0},"end":{"line":55,"column":53}},"55":{"start":{"line":56,"column":0},"end":{"line":56,"column":38}},"56":{"start":{"line":57,"column":0},"end":{"line":57,"column":45}},"57":{"start":{"line":58,"column":0},"end":{"line":58,"column":4}},"60":{"start":{"line":61,"column":0},"end":{"line":61,"column":20}},"62":{"start":{"line":63,"column":0},"end":{"line":63,"column":1}},"64":{"start":{"line":65,"column":0},"end":{"line":65,"column":25}}},"s":{"0":0,"1":0,"3":0,"4":0,"9":0,"10":0,"12":0,"13":0,"14":0,"15":0,"16":0,"17":0,"19":0,"20":0,"21":0,"22":0,"23":0,"24":0,"26":0,"32":0,"33":0,"34":0,"35":0,"36":0,"37":0,"38":0,"39":0,"40":0,"41":0,"42":0,"43":0,"50":0,"51":0,"53":0,"54":0,"55":0,"56":0,"57":0,"60":0,"62":0,"64":0},"branchMap":{"0":{"type":"branch","line":1,"loc":{"start":{"line":1,"column":2025},"end":{"line":65,"column":25}},"locations":[{"start":{"line":1,"column":2025},"end":{"line":65,"column":25}}]}},"b":{"0":[0]},"fnMap":{"0":{"name":"(empty-report)","decl":{"start":{"line":1,"column":2025},"end":{"line":65,"column":25}},"loc":{"start":{"line":1,"column":2025},"end":{"line":65,"column":25}},"line":1}},"f":{"0":0}}
,"/Users/gabe.algo/Code/devportal-code-examples/projects/typescript-examples/algokit-utils-ts/transactions/leases.ts": {"path":"/Users/gabe.algo/Code/devportal-code-examples/projects/typescript-examples/algokit-utils-ts/transactions/leases.ts","all":true,"statementMap":{"0":{"start":{"line":1,"column":0},"end":{"line":1,"column":56}},"1":{"start":{"line":2,"column":0},"end":{"line":2,"column":88}},"3":{"start":{"line":4,"column":0},"end":{"line":4,"column":25}},"4":{"start":{"line":5,"column":0},"end":{"line":5,"column":103}},"8":{"start":{"line":9,"column":0},"end":{"line":9,"column":57}},"13":{"start":{"line":14,"column":0},"end":{"line":14,"column":31}},"14":{"start":{"line":15,"column":0},"end":{"line":15,"column":27}},"15":{"start":{"line":16,"column":0},"end":{"line":16,"column":29}},"16":{"start":{"line":17,"column":0},"end":{"line":17,"column":20}},"17":{"start":{"line":18,"column":0},"end":{"line":18,"column":17}},"19":{"start":{"line":20,"column":0},"end":{"line":20,"column":67}},"20":{"start":{"line":21,"column":0},"end":{"line":21,"column":4}},"24":{"start":{"line":25,"column":0},"end":{"line":25,"column":7}},"25":{"start":{"line":26,"column":0},"end":{"line":26,"column":33}},"26":{"start":{"line":27,"column":0},"end":{"line":27,"column":65}},"27":{"start":{"line":28,"column":0},"end":{"line":28,"column":31}},"28":{"start":{"line":29,"column":0},"end":{"line":29,"column":23}},"29":{"start":{"line":30,"column":0},"end":{"line":30,"column":19}},"30":{"start":{"line":31,"column":0},"end":{"line":31,"column":81}},"31":{"start":{"line":32,"column":0},"end":{"line":32,"column":6}},"32":{"start":{"line":33,"column":0},"end":{"line":33,"column":20}},"33":{"start":{"line":34,"column":0},"end":{"line":34,"column":59}},"34":{"start":{"line":35,"column":0},"end":{"line":35,"column":3}},"36":{"start":{"line":37,"column":0},"end":{"line":37,"column":1}},"38":{"start":{"line":39,"column":0},"end":{"line":39,"column":8}}},"s":{"0":0,"1":0,"3":0,"4":0,"8":0,"13":0,"14":0,"15":0,"16":0,"17":0,"19":0,"20":0,"24":0,"25":0,"26":0,"27":0,"28":0,"29":0,"30":0,"31":0,"32":0,"33":0,"34":0,"36":0,"38":0},"branchMap":{"0":{"type":"branch","line":1,"loc":{"start":{"line":1,"column":1406},"end":{"line":39,"column":8}},"locations":[{"start":{"line":1,"column":1406},"end":{"line":39,"column":8}}]}},"b":{"0":[0]},"fnMap":{"0":{"name":"(empty-report)","decl":{"start":{"line":1,"column":1406},"end":{"line":39,"column":8}},"loc":{"start":{"line":1,"column":1406},"end":{"line":39,"column":8}},"line":1}},"f":{"0":0}}
,"/Users/gabe.algo/Code/devportal-code-examples/projects/typescript-examples/algokit-utils-ts/transactions/signing-transactions.ts": {"path":"/Users/gabe.algo/Code/devportal-code-examples/projects/typescript-examples/algokit-utils-ts/transactions/signing-transactions.ts","all":true,"statementMap":{"0":{"start":{"line":1,"column":0},"end":{"line":1,"column":56}},"1":{"start":{"line":2,"column":0},"end":{"line":2,"column":88}},"3":{"start":{"line":4,"column":0},"end":{"line":4,"column":38}},"4":{"start":{"line":5,"column":0},"end":{"line":5,"column":87}},"9":{"start":{"line":10,"column":0},"end":{"line":10,"column":51}},"12":{"start":{"line":13,"column":0},"end":{"line":13,"column":92}},"16":{"start":{"line":17,"column":0},"end":{"line":17,"column":31}},"17":{"start":{"line":18,"column":0},"end":{"line":18,"column":27}},"18":{"start":{"line":19,"column":0},"end":{"line":19,"column":29}},"19":{"start":{"line":20,"column":0},"end":{"line":20,"column":20}},"20":{"start":{"line":21,"column":0},"end":{"line":21,"column":4}},"26":{"start":{"line":27,"column":0},"end":{"line":27,"column":16}},"27":{"start":{"line":28,"column":0},"end":{"line":28,"column":15}},"28":{"start":{"line":29,"column":0},"end":{"line":29,"column":17}},"29":{"start":{"line":30,"column":0},"end":{"line":30,"column":29}},"30":{"start":{"line":31,"column":0},"end":{"line":31,"column":31}},"31":{"start":{"line":32,"column":0},"end":{"line":32,"column":22}},"32":{"start":{"line":33,"column":0},"end":{"line":33,"column":6}},"33":{"start":{"line":34,"column":0},"end":{"line":34,"column":17}},"34":{"start":{"line":35,"column":0},"end":{"line":35,"column":29}},"35":{"start":{"line":36,"column":0},"end":{"line":36,"column":31}},"36":{"start":{"line":37,"column":0},"end":{"line":37,"column":24}},"37":{"start":{"line":38,"column":0},"end":{"line":38,"column":6}},"38":{"start":{"line":39,"column":0},"end":{"line":39,"column":11}},"40":{"start":{"line":41,"column":0},"end":{"line":41,"column":1}},"42":{"start":{"line":43,"column":0},"end":{"line":43,"column":21}}},"s":{"0":0,"1":0,"3":0,"4":0,"9":0,"12":0,"16":0,"17":0,"18":0,"19":0,"20":0,"26":0,"27":0,"28":0,"29":0,"30":0,"31":0,"32":0,"33":0,"34":0,"35":0,"36":0,"37":0,"38":0,"40":0,"42":0},"branchMap":{"0":{"type":"branch","line":1,"loc":{"start":{"line":1,"column":1408},"end":{"line":43,"column":21}},"locations":[{"start":{"line":1,"column":1408},"end":{"line":43,"column":21}}]}},"b":{"0":[0]},"fnMap":{"0":{"name":"(empty-report)","decl":{"start":{"line":1,"column":1408},"end":{"line":43,"column":21}},"loc":{"start":{"line":1,"column":1408},"end":{"line":43,"column":21}},"line":1}},"f":{"0":0}}
,"/Users/gabe.algo/Code/devportal-code-examples/projects/typescript-examples/algokit-utils-ts/transactions/transacton-types.ts": {"path":"/Users/gabe.algo/Code/devportal-code-examples/projects/typescript-examples/algokit-utils-ts/transactions/transacton-types.ts","all":true,"statementMap":{"0":{"start":{"line":1,"column":0},"end":{"line":1,"column":56}},"1":{"start":{"line":2,"column":0},"end":{"line":2,"column":88}},"3":{"start":{"line":4,"column":0},"end":{"line":4,"column":42}},"4":{"start":{"line":5,"column":0},"end":{"line":5,"column":87}},"7":{"start":{"line":8,"column":0},"end":{"line":8,"column":44}},"8":{"start":{"line":9,"column":0},"end":{"line":9,"column":81}},"9":{"start":{"line":10,"column":0},"end":{"line":10,"column":86}},"10":{"start":{"line":11,"column":0},"end":{"line":11,"column":38}},"11":{"start":{"line":12,"column":0},"end":{"line":12,"column":4}},"13":{"start":{"line":14,"column":0},"end":{"line":14,"column":1}},"15":{"start":{"line":16,"column":0},"end":{"line":16,"column":25}},"17":{"start":{"line":18,"column":0},"end":{"line":18,"column":40}},"18":{"start":{"line":19,"column":0},"end":{"line":19,"column":87}},"21":{"start":{"line":22,"column":0},"end":{"line":22,"column":48}},"22":{"start":{"line":23,"column":0},"end":{"line":23,"column":63}},"23":{"start":{"line":24,"column":0},"end":{"line":24,"column":74}},"24":{"start":{"line":25,"column":0},"end":{"line":25,"column":70}},"25":{"start":{"line":26,"column":0},"end":{"line":26,"column":89}},"26":{"start":{"line":27,"column":0},"end":{"line":27,"column":4}},"30":{"start":{"line":31,"column":0},"end":{"line":31,"column":48}},"31":{"start":{"line":32,"column":0},"end":{"line":32,"column":62}},"32":{"start":{"line":33,"column":0},"end":{"line":33,"column":52}},"33":{"start":{"line":34,"column":0},"end":{"line":34,"column":73}},"34":{"start":{"line":35,"column":0},"end":{"line":35,"column":4}},"38":{"start":{"line":39,"column":0},"end":{"line":39,"column":50}},"39":{"start":{"line":40,"column":0},"end":{"line":40,"column":56}},"40":{"start":{"line":41,"column":0},"end":{"line":41,"column":60}},"41":{"start":{"line":42,"column":0},"end":{"line":42,"column":49}},"42":{"start":{"line":43,"column":0},"end":{"line":43,"column":53}},"43":{"start":{"line":44,"column":0},"end":{"line":44,"column":4}},"47":{"start":{"line":48,"column":0},"end":{"line":48,"column":48}},"48":{"start":{"line":49,"column":0},"end":{"line":49,"column":57}},"49":{"start":{"line":50,"column":0},"end":{"line":50,"column":56}},"50":{"start":{"line":51,"column":0},"end":{"line":51,"column":58}},"51":{"start":{"line":52,"column":0},"end":{"line":52,"column":56}},"52":{"start":{"line":53,"column":0},"end":{"line":53,"column":4}},"56":{"start":{"line":57,"column":0},"end":{"line":57,"column":49}},"57":{"start":{"line":58,"column":0},"end":{"line":58,"column":56}},"58":{"start":{"line":59,"column":0},"end":{"line":59,"column":48}},"59":{"start":{"line":60,"column":0},"end":{"line":60,"column":4}},"63":{"start":{"line":64,"column":0},"end":{"line":64,"column":47}},"64":{"start":{"line":65,"column":0},"end":{"line":65,"column":70}},"65":{"start":{"line":66,"column":0},"end":{"line":66,"column":49}},"66":{"start":{"line":67,"column":0},"end":{"line":67,"column":4}},"70":{"start":{"line":71,"column":0},"end":{"line":71,"column":48}},"71":{"start":{"line":72,"column":0},"end":{"line":72,"column":161}},"72":{"start":{"line":73,"column":0},"end":{"line":73,"column":82}},"73":{"start":{"line":74,"column":0},"end":{"line":74,"column":64}},"74":{"start":{"line":75,"column":0},"end":{"line":75,"column":4}},"76":{"start":{"line":77,"column":0},"end":{"line":77,"column":1}},"78":{"start":{"line":79,"column":0},"end":{"line":79,"column":23}},"80":{"start":{"line":81,"column":0},"end":{"line":81,"column":46}},"81":{"start":{"line":82,"column":0},"end":{"line":82,"column":71}},"84":{"start":{"line":85,"column":0},"end":{"line":85,"column":23}},"91":{"start":{"line":92,"column":0},"end":{"line":92,"column":48}},"92":{"start":{"line":93,"column":0},"end":{"line":93,"column":57}},"93":{"start":{"line":94,"column":0},"end":{"line":94,"column":79}},"94":{"start":{"line":95,"column":0},"end":{"line":95,"column":77}},"95":{"start":{"line":96,"column":0},"end":{"line":96,"column":4}},"97":{"start":{"line":98,"column":0},"end":{"line":98,"column":60}},"101":{"start":{"line":102,"column":0},"end":{"line":102,"column":43}},"102":{"start":{"line":103,"column":0},"end":{"line":103,"column":70}},"103":{"start":{"line":104,"column":0},"end":{"line":104,"column":67}},"105":{"start":{"line":106,"column":0},"end":{"line":106,"column":33}},"106":{"start":{"line":107,"column":0},"end":{"line":107,"column":27}},"107":{"start":{"line":108,"column":0},"end":{"line":108,"column":84}},"108":{"start":{"line":109,"column":0},"end":{"line":109,"column":83}},"109":{"start":{"line":110,"column":0},"end":{"line":110,"column":4}},"112":{"start":{"line":113,"column":0},"end":{"line":113,"column":46}},"113":{"start":{"line":114,"column":0},"end":{"line":114,"column":62}},"114":{"start":{"line":115,"column":0},"end":{"line":115,"column":43}},"115":{"start":{"line":116,"column":0},"end":{"line":116,"column":68}},"116":{"start":{"line":117,"column":0},"end":{"line":117,"column":73}},"117":{"start":{"line":118,"column":0},"end":{"line":118,"column":4}},"121":{"start":{"line":122,"column":0},"end":{"line":122,"column":44}},"122":{"start":{"line":123,"column":0},"end":{"line":123,"column":82}},"123":{"start":{"line":124,"column":0},"end":{"line":124,"column":81}},"124":{"start":{"line":125,"column":0},"end":{"line":125,"column":4}},"128":{"start":{"line":129,"column":0},"end":{"line":129,"column":46}},"129":{"start":{"line":130,"column":0},"end":{"line":130,"column":82}},"130":{"start":{"line":131,"column":0},"end":{"line":131,"column":81}},"131":{"start":{"line":132,"column":0},"end":{"line":132,"column":4}},"133":{"start":{"line":134,"column":0},"end":{"line":134,"column":1}},"135":{"start":{"line":136,"column":0},"end":{"line":136,"column":29}},"137":{"start":{"line":138,"column":0},"end":{"line":138,"column":50}},"138":{"start":{"line":139,"column":0},"end":{"line":139,"column":71}},"141":{"start":{"line":142,"column":0},"end":{"line":142,"column":58}},"142":{"start":{"line":143,"column":0},"end":{"line":143,"column":81}},"143":{"start":{"line":144,"column":0},"end":{"line":144,"column":67}},"144":{"start":{"line":145,"column":0},"end":{"line":145,"column":57}},"145":{"start":{"line":146,"column":0},"end":{"line":146,"column":148}},"146":{"start":{"line":147,"column":0},"end":{"line":147,"column":145}},"147":{"start":{"line":148,"column":0},"end":{"line":148,"column":164}},"148":{"start":{"line":149,"column":0},"end":{"line":149,"column":4}},"152":{"start":{"line":153,"column":0},"end":{"line":153,"column":59}},"153":{"start":{"line":154,"column":0},"end":{"line":154,"column":81}},"154":{"start":{"line":155,"column":0},"end":{"line":155,"column":4}},"156":{"start":{"line":157,"column":0},"end":{"line":157,"column":1}},"158":{"start":{"line":159,"column":0},"end":{"line":159,"column":33}}},"s":{"0":0,"1":0,"3":0,"4":0,"7":0,"8":0,"9":0,"10":0,"11":0,"13":0,"15":0,"17":0,"18":0,"21":0,"22":0,"23":0,"24":0,"25":0,"26":0,"30":0,"31":0,"32":0,"33":0,"34":0,"38":0,"39":0,"40":0,"41":0,"42":0,"43":0,"47":0,"48":0,"49":0,"50":0,"51":0,"52":0,"56":0,"57":0,"58":0,"59":0,"63":0,"64":0,"65":0,"66":0,"70":0,"71":0,"72":0,"73":0,"74":0,"76":0,"78":0,"80":0,"81":0,"84":0,"91":0,"92":0,"93":0,"94":0,"95":0,"97":0,"101":0,"102":0,"103":0,"105":0,"106":0,"107":0,"108":0,"109":0,"112":0,"113":0,"114":0,"115":0,"116":0,"117":0,"121":0,"122":0,"123":0,"124":0,"128":0,"129":0,"130":0,"131":0,"133":0,"135":0,"137":0,"138":0,"141":0,"142":0,"143":0,"144":0,"145":0,"146":0,"147":0,"148":0,"152":0,"153":0,"154":0,"156":0,"158":0},"branchMap":{"0":{"type":"branch","line":1,"loc":{"start":{"line":1,"column":6515},"end":{"line":159,"column":33}},"locations":[{"start":{"line":1,"column":6515},"end":{"line":159,"column":33}}]}},"b":{"0":[0]},"fnMap":{"0":{"name":"(empty-report)","decl":{"start":{"line":1,"column":6515},"end":{"line":159,"column":33}},"loc":{"start":{"line":1,"column":6515},"end":{"line":159,"column":33}},"line":1}},"f":{"0":0}}
,"/Users/gabe.algo/Code/devportal-code-examples/projects/typescript-examples/contracts/index.ts": {"path":"/Users/gabe.algo/Code/devportal-code-examples/projects/typescript-examples/contracts/index.ts","all":true,"statementMap":{"0":{"start":{"line":1,"column":0},"end":{"line":1,"column":58}},"1":{"start":{"line":2,"column":0},"end":{"line":2,"column":84}},"2":{"start":{"line":3,"column":0},"end":{"line":3,"column":79}},"3":{"start":{"line":4,"column":0},"end":{"line":4,"column":29}},"4":{"start":{"line":5,"column":0},"end":{"line":5,"column":33}},"9":{"start":{"line":10,"column":0},"end":{"line":10,"column":18}},"10":{"start":{"line":11,"column":0},"end":{"line":11,"column":24}},"11":{"start":{"line":12,"column":0},"end":{"line":12,"column":14}},"12":{"start":{"line":13,"column":0},"end":{"line":13,"column":17}},"13":{"start":{"line":14,"column":0},"end":{"line":14,"column":2}},"14":{"start":{"line":15,"column":0},"end":{"line":15,"column":28}},"17":{"start":{"line":18,"column":0},"end":{"line":18,"column":39}},"20":{"start":{"line":21,"column":0},"end":{"line":21,"column":52}},"21":{"start":{"line":22,"column":0},"end":{"line":22,"column":57}},"23":{"start":{"line":24,"column":0},"end":{"line":24,"column":83}},"24":{"start":{"line":25,"column":0},"end":{"line":25,"column":47}},"25":{"start":{"line":26,"column":0},"end":{"line":26,"column":52}},"26":{"start":{"line":27,"column":0},"end":{"line":27,"column":3}},"27":{"start":{"line":28,"column":0},"end":{"line":28,"column":13}},"28":{"start":{"line":29,"column":0},"end":{"line":29,"column":1}},"31":{"start":{"line":32,"column":0},"end":{"line":32,"column":31}},"32":{"start":{"line":33,"column":0},"end":{"line":33,"column":59}},"33":{"start":{"line":34,"column":0},"end":{"line":34,"column":64}},"35":{"start":{"line":36,"column":0},"end":{"line":36,"column":109}},"37":{"start":{"line":38,"column":0},"end":{"line":38,"column":67}},"38":{"start":{"line":39,"column":0},"end":{"line":39,"column":32}},"39":{"start":{"line":40,"column":0},"end":{"line":40,"column":3}},"41":{"start":{"line":42,"column":0},"end":{"line":42,"column":62}},"42":{"start":{"line":43,"column":0},"end":{"line":43,"column":68}},"45":{"start":{"line":46,"column":0},"end":{"line":46,"column":78}},"46":{"start":{"line":47,"column":0},"end":{"line":47,"column":100}},"47":{"start":{"line":48,"column":0},"end":{"line":48,"column":1}},"50":{"start":{"line":51,"column":0},"end":{"line":51,"column":23}},"51":{"start":{"line":52,"column":0},"end":{"line":52,"column":76}},"52":{"start":{"line":53,"column":0},"end":{"line":53,"column":48}},"54":{"start":{"line":55,"column":0},"end":{"line":55,"column":40}},"55":{"start":{"line":56,"column":0},"end":{"line":56,"column":76}},"56":{"start":{"line":57,"column":0},"end":{"line":57,"column":23}},"58":{"start":{"line":59,"column":0},"end":{"line":59,"column":55}},"59":{"start":{"line":60,"column":0},"end":{"line":60,"column":72}},"60":{"start":{"line":61,"column":0},"end":{"line":61,"column":10}},"61":{"start":{"line":62,"column":0},"end":{"line":62,"column":3}},"63":{"start":{"line":64,"column":0},"end":{"line":64,"column":45}},"64":{"start":{"line":65,"column":0},"end":{"line":65,"column":9}},"65":{"start":{"line":66,"column":0},"end":{"line":66,"column":29}},"66":{"start":{"line":67,"column":0},"end":{"line":67,"column":17}},"67":{"start":{"line":68,"column":0},"end":{"line":68,"column":59}},"68":{"start":{"line":69,"column":0},"end":{"line":69,"column":5}},"69":{"start":{"line":70,"column":0},"end":{"line":70,"column":3}},"70":{"start":{"line":71,"column":0},"end":{"line":71,"column":1}},"73":{"start":{"line":74,"column":0},"end":{"line":74,"column":30}},"74":{"start":{"line":75,"column":0},"end":{"line":75,"column":29}},"75":{"start":{"line":76,"column":0},"end":{"line":76,"column":1}}},"s":{"0":0,"1":0,"2":0,"3":0,"4":0,"9":0,"10":0,"11":0,"12":0,"13":0,"14":0,"17":0,"20":0,"21":0,"23":0,"24":0,"25":0,"26":0,"27":0,"28":0,"31":0,"32":0,"33":0,"35":0,"37":0,"38":0,"39":0,"41":0,"42":0,"45":0,"46":0,"47":0,"50":0,"51":0,"52":0,"54":0,"55":0,"56":0,"58":0,"59":0,"60":0,"61":0,"63":0,"64":0,"65":0,"66":0,"67":0,"68":0,"69":0,"70":0,"73":0,"74":0,"75":0},"branchMap":{"0":{"type":"branch","line":1,"loc":{"start":{"line":1,"column":2794},"end":{"line":76,"column":1}},"locations":[{"start":{"line":1,"column":2794},"end":{"line":76,"column":1}}]}},"b":{"0":[0]},"fnMap":{"0":{"name":"(empty-report)","decl":{"start":{"line":1,"column":2794},"end":{"line":76,"column":1}},"loc":{"start":{"line":1,"column":2794},"end":{"line":76,"column":1}},"line":1}},"f":{"0":0}}
,"/Users/gabe.algo/Code/devportal-code-examples/projects/typescript-examples/contracts/GlobalStorage/contract.algo.ts": {"path":"/Users/gabe.algo/Code/devportal-code-examples/projects/typescript-examples/contracts/GlobalStorage/contract.algo.ts","all":false,"statementMap":{"0":{"start":{"line":1,"column":0},"end":{"line":1,"column":8}},"8":{"start":{"line":9,"column":0},"end":{"line":9,"column":11}},"15":{"start":{"line":16,"column":0},"end":{"line":16,"column":62}},"16":{"start":{"line":17,"column":0},"end":{"line":17,"column":58}},"18":{"start":{"line":19,"column":0},"end":{"line":19,"column":99}},"19":{"start":{"line":20,"column":0},"end":{"line":20,"column":83}},"20":{"start":{"line":21,"column":0},"end":{"line":21,"column":104}},"21":{"start":{"line":22,"column":0},"end":{"line":22,"column":99}},"22":{"start":{"line":23,"column":0},"end":{"line":23,"column":84}},"23":{"start":{"line":24,"column":0},"end":{"line":24,"column":80}},"27":{"start":{"line":28,"column":0},"end":{"line":28,"column":24}},"30":{"start":{"line":31,"column":0},"end":{"line":31,"column":11}},"31":{"start":{"line":32,"column":0},"end":{"line":32,"column":45}},"32":{"start":{"line":33,"column":0},"end":{"line":33,"column":41}},"33":{"start":{"line":34,"column":0},"end":{"line":34,"column":3}},"42":{"start":{"line":43,"column":0},"end":{"line":43,"column":37}},"43":{"start":{"line":44,"column":0},"end":{"line":44,"column":84}},"45":{"start":{"line":46,"column":0},"end":{"line":46,"column":69}},"47":{"start":{"line":48,"column":0},"end":{"line":48,"column":12}},"48":{"start":{"line":49,"column":0},"end":{"line":49,"column":27}},"49":{"start":{"line":50,"column":0},"end":{"line":50,"column":36}},"50":{"start":{"line":51,"column":0},"end":{"line":51,"column":29}},"51":{"start":{"line":52,"column":0},"end":{"line":52,"column":30}},"52":{"start":{"line":53,"column":0},"end":{"line":53,"column":28}},"53":{"start":{"line":54,"column":0},"end":{"line":54,"column":21}},"55":{"start":{"line":56,"column":0},"end":{"line":56,"column":3}},"64":{"start":{"line":65,"column":0},"end":{"line":65,"column":37}},"65":{"start":{"line":66,"column":0},"end":{"line":66,"column":46}},"66":{"start":{"line":67,"column":0},"end":{"line":67,"column":53}},"67":{"start":{"line":68,"column":0},"end":{"line":68,"column":47}},"69":{"start":{"line":70,"column":0},"end":{"line":70,"column":45}},"71":{"start":{"line":72,"column":0},"end":{"line":72,"column":28}},"72":{"start":{"line":73,"column":0},"end":{"line":73,"column":3}},"82":{"start":{"line":83,"column":0},"end":{"line":83,"column":19}},"83":{"start":{"line":84,"column":0},"end":{"line":84,"column":97}},"84":{"start":{"line":85,"column":0},"end":{"line":85,"column":41}},"85":{"start":{"line":86,"column":0},"end":{"line":86,"column":37}},"86":{"start":{"line":87,"column":0},"end":{"line":87,"column":43}},"88":{"start":{"line":89,"column":0},"end":{"line":89,"column":51}},"89":{"start":{"line":90,"column":0},"end":{"line":90,"column":47}},"90":{"start":{"line":91,"column":0},"end":{"line":91,"column":53}},"91":{"start":{"line":92,"column":0},"end":{"line":92,"column":3}},"100":{"start":{"line":101,"column":0},"end":{"line":101,"column":19}},"101":{"start":{"line":102,"column":0},"end":{"line":102,"column":70}},"103":{"start":{"line":104,"column":0},"end":{"line":104,"column":60}},"104":{"start":{"line":105,"column":0},"end":{"line":105,"column":37}},"106":{"start":{"line":107,"column":0},"end":{"line":107,"column":47}},"108":{"start":{"line":109,"column":0},"end":{"line":109,"column":36}},"109":{"start":{"line":110,"column":0},"end":{"line":110,"column":3}}},"s":{"0":1,"8":1,"15":1,"16":1,"18":1,"19":1,"20":1,"21":1,"22":1,"23":1,"27":1,"30":5,"31":5,"32":5,"33":5,"42":1,"43":1,"45":1,"47":1,"48":1,"49":1,"50":1,"51":1,"52":1,"53":1,"55":1,"64":1,"65":1,"66":1,"67":1,"69":1,"71":1,"72":1,"82":1,"83":1,"84":1,"85":1,"86":1,"88":1,"89":1,"90":1,"91":1,"100":1,"101":1,"103":1,"104":1,"106":1,"108":1,"109":1},"branchMap":{"0":{"type":"branch","line":28,"loc":{"start":{"line":28,"column":2},"end":{"line":34,"column":3}},"locations":[{"start":{"line":28,"column":2},"end":{"line":34,"column":3}}]},"1":{"type":"branch","line":44,"loc":{"start":{"line":44,"column":9},"end":{"line":56,"column":3}},"locations":[{"start":{"line":44,"column":9},"end":{"line":56,"column":3}}]},"2":{"type":"branch","line":66,"loc":{"start":{"line":66,"column":9},"end":{"line":73,"column":3}},"locations":[{"start":{"line":66,"column":9},"end":{"line":73,"column":3}}]},"3":{"type":"branch","line":84,"loc":{"start":{"line":84,"column":9},"end":{"line":92,"column":3}},"locations":[{"start":{"line":84,"column":9},"end":{"line":92,"column":3}}]},"4":{"type":"branch","line":102,"loc":{"start":{"line":102,"column":9},"end":{"line":110,"column":3}},"locations":[{"start":{"line":102,"column":9},"end":{"line":110,"column":3}}]}},"b":{"0":[5],"1":[1],"2":[1],"3":[1],"4":[1]},"fnMap":{"0":{"name":"GlobalStorage2","decl":{"start":{"line":28,"column":2},"end":{"line":34,"column":3}},"loc":{"start":{"line":28,"column":2},"end":{"line":34,"column":3}},"line":28},"1":{"name":"has","decl":{"start":{"line":44,"column":2},"end":{"line":44,"column":9}},"loc":{"start":{"line":44,"column":2},"end":{"line":44,"column":9}},"line":44},"2":{"name":"get","decl":{"start":{"line":44,"column":2},"end":{"line":44,"column":24}},"loc":{"start":{"line":44,"column":2},"end":{"line":44,"column":24}},"line":44},"3":{"name":"has","decl":{"start":{"line":66,"column":2},"end":{"line":66,"column":9}},"loc":{"start":{"line":66,"column":2},"end":{"line":66,"column":9}},"line":66},"4":{"name":"get","decl":{"start":{"line":66,"column":2},"end":{"line":66,"column":23}},"loc":{"start":{"line":66,"column":2},"end":{"line":66,"column":23}},"line":66},"5":{"name":"has","decl":{"start":{"line":84,"column":2},"end":{"line":84,"column":9}},"loc":{"start":{"line":84,"column":2},"end":{"line":84,"column":9}},"line":84},"6":{"name":"get","decl":{"start":{"line":84,"column":2},"end":{"line":84,"column":25}},"loc":{"start":{"line":84,"column":2},"end":{"line":84,"column":25}},"line":84},"7":{"name":"has","decl":{"start":{"line":102,"column":2},"end":{"line":102,"column":9}},"loc":{"start":{"line":102,"column":2},"end":{"line":102,"column":9}},"line":102},"8":{"name":"get","decl":{"start":{"line":102,"column":2},"end":{"line":102,"column":32}},"loc":{"start":{"line":102,"column":2},"end":{"line":102,"column":32}},"line":102},"9":{"name":"readGlobalState","decl":{"start":{"line":44,"column":9},"end":{"line":56,"column":3}},"loc":{"start":{"line":44,"column":9},"end":{"line":56,"column":3}},"line":44},"10":{"name":"hasGlobalState","decl":{"start":{"line":66,"column":9},"end":{"line":73,"column":3}},"loc":{"start":{"line":66,"column":9},"end":{"line":73,"column":3}},"line":66},"11":{"name":"writeGlobalState","decl":{"start":{"line":84,"column":9},"end":{"line":92,"column":3}},"loc":{"start":{"line":84,"column":9},"end":{"line":92,"column":3}},"line":84},"12":{"name":"writeDynamicGlobalState","decl":{"start":{"line":102,"column":9},"end":{"line":110,"column":3}},"loc":{"start":{"line":102,"column":9},"end":{"line":110,"column":3}},"line":102}},"f":{"0":5,"1":0,"2":0,"3":0,"4":0,"5":0,"6":0,"7":0,"8":0,"9":1,"10":1,"11":1,"12":1}}
,"/Users/gabe.algo/Code/devportal-code-examples/projects/typescript-examples/contracts/GlobalStorage/deploy-config.ts": {"path":"/Users/gabe.algo/Code/devportal-code-examples/projects/typescript-examples/contracts/GlobalStorage/deploy-config.ts","all":true,"statementMap":{"0":{"start":{"line":1,"column":0},"end":{"line":1,"column":66}},"4":{"start":{"line":5,"column":0},"end":{"line":5,"column":32}},"8":{"start":{"line":9,"column":0},"end":{"line":9,"column":51}},"12":{"start":{"line":13,"column":0},"end":{"line":13,"column":69}},"16":{"start":{"line":17,"column":0},"end":{"line":17,"column":81}},"17":{"start":{"line":18,"column":0},"end":{"line":18,"column":33}},"18":{"start":{"line":19,"column":0},"end":{"line":19,"column":4}},"20":{"start":{"line":21,"column":0},"end":{"line":21,"column":80}},"25":{"start":{"line":26,"column":0},"end":{"line":26,"column":59}},"26":{"start":{"line":27,"column":0},"end":{"line":27,"column":34}},"27":{"start":{"line":28,"column":0},"end":{"line":28,"column":23}},"28":{"start":{"line":29,"column":0},"end":{"line":29,"column":28}},"29":{"start":{"line":30,"column":0},"end":{"line":30,"column":22}},"30":{"start":{"line":31,"column":0},"end":{"line":31,"column":4}},"34":{"start":{"line":35,"column":0},"end":{"line":35,"column":66}},"35":{"start":{"line":36,"column":0},"end":{"line":36,"column":33}},"36":{"start":{"line":37,"column":0},"end":{"line":37,"column":25}},"37":{"start":{"line":38,"column":0},"end":{"line":38,"column":28}},"38":{"start":{"line":39,"column":0},"end":{"line":39,"column":37}},"39":{"start":{"line":40,"column":0},"end":{"line":40,"column":6}},"40":{"start":{"line":41,"column":0},"end":{"line":41,"column":3}},"43":{"start":{"line":44,"column":0},"end":{"line":44,"column":50}},"45":{"start":{"line":46,"column":0},"end":{"line":46,"column":17}},"46":{"start":{"line":47,"column":0},"end":{"line":47,"column":18}},"47":{"start":{"line":48,"column":0},"end":{"line":48,"column":25}},"48":{"start":{"line":49,"column":0},"end":{"line":49,"column":35}},"49":{"start":{"line":50,"column":0},"end":{"line":50,"column":39}},"50":{"start":{"line":51,"column":0},"end":{"line":51,"column":59}},"51":{"start":{"line":52,"column":0},"end":{"line":52,"column":4}},"52":{"start":{"line":53,"column":0},"end":{"line":53,"column":1}}},"s":{"0":0,"4":0,"8":0,"12":0,"16":0,"17":0,"18":0,"20":0,"25":0,"26":0,"27":0,"28":0,"29":0,"30":0,"34":0,"35":0,"36":0,"37":0,"38":0,"39":0,"40":0,"43":0,"45":0,"46":0,"47":0,"48":0,"49":0,"50":0,"51":0,"52":0},"branchMap":{"0":{"type":"branch","line":1,"loc":{"start":{"line":1,"column":2186},"end":{"line":53,"column":1}},"locations":[{"start":{"line":1,"column":2186},"end":{"line":53,"column":1}}]}},"b":{"0":[0]},"fnMap":{"0":{"name":"(empty-report)","decl":{"start":{"line":1,"column":2186},"end":{"line":53,"column":1}},"loc":{"start":{"line":1,"column":2186},"end":{"line":53,"column":1}},"line":1}},"f":{"0":0}}
,"/Users/gabe.algo/Code/devportal-code-examples/projects/typescript-examples/contracts/HelloWorld/contract.algo.ts": {"path":"/Users/gabe.algo/Code/devportal-code-examples/projects/typescript-examples/contracts/HelloWorld/contract.algo.ts","all":false,"statementMap":{"0":{"start":{"line":1,"column":0},"end":{"line":1,"column":62}},"5":{"start":{"line":6,"column":0},"end":{"line":6,"column":51}},"10":{"start":{"line":11,"column":0},"end":{"line":11,"column":61}},"11":{"start":{"line":12,"column":0},"end":{"line":12,"column":31}},"12":{"start":{"line":13,"column":0},"end":{"line":13,"column":20}},"13":{"start":{"line":14,"column":0},"end":{"line":14,"column":3}},"19":{"start":{"line":20,"column":0},"end":{"line":20,"column":54}},"26":{"start":{"line":27,"column":0},"end":{"line":27,"column":64}},"27":{"start":{"line":28,"column":0},"end":{"line":28,"column":51}},"28":{"start":{"line":29,"column":0},"end":{"line":29,"column":17}},"29":{"start":{"line":30,"column":0},"end":{"line":30,"column":3}}},"s":{"0":1,"5":1,"10":1,"11":1,"12":1,"13":1,"19":1,"26":1,"27":1,"28":1,"29":1},"branchMap":{"0":{"type":"branch","line":12,"loc":{"start":{"line":12,"column":9},"end":{"line":14,"column":3}},"locations":[{"start":{"line":12,"column":9},"end":{"line":14,"column":3}}]},"1":{"type":"branch","line":27,"loc":{"start":{"line":27,"column":9},"end":{"line":30,"column":3}},"locations":[{"start":{"line":27,"column":9},"end":{"line":30,"column":3}}]}},"b":{"0":[1],"1":[1]},"fnMap":{"0":{"name":"has","decl":{"start":{"line":12,"column":2},"end":{"line":12,"column":9}},"loc":{"start":{"line":12,"column":2},"end":{"line":12,"column":9}},"line":12},"1":{"name":"get","decl":{"start":{"line":12,"column":2},"end":{"line":12,"column":19}},"loc":{"start":{"line":12,"column":2},"end":{"line":12,"column":19}},"line":12},"2":{"name":"sayBananas","decl":{"start":{"line":12,"column":9},"end":{"line":14,"column":3}},"loc":{"start":{"line":12,"column":9},"end":{"line":14,"column":3}},"line":12},"3":{"name":"sayHello","decl":{"start":{"line":27,"column":9},"end":{"line":30,"column":3}},"loc":{"start":{"line":27,"column":9},"end":{"line":30,"column":3}},"line":27}},"f":{"0":0,"1":0,"2":1,"3":1}}
,"/Users/gabe.algo/Code/devportal-code-examples/projects/typescript-examples/contracts/HelloWorld/deploy-config.ts": {"path":"/Users/gabe.algo/Code/devportal-code-examples/projects/typescript-examples/contracts/HelloWorld/deploy-config.ts","all":true,"statementMap":{"0":{"start":{"line":1,"column":0},"end":{"line":1,"column":66}},"4":{"start":{"line":5,"column":0},"end":{"line":5,"column":32}},"8":{"start":{"line":9,"column":0},"end":{"line":9,"column":51}},"12":{"start":{"line":13,"column":0},"end":{"line":13,"column":69}},"16":{"start":{"line":17,"column":0},"end":{"line":17,"column":78}},"17":{"start":{"line":18,"column":0},"end":{"line":18,"column":33}},"18":{"start":{"line":19,"column":0},"end":{"line":19,"column":4}},"20":{"start":{"line":21,"column":0},"end":{"line":21,"column":80}},"25":{"start":{"line":26,"column":0},"end":{"line":26,"column":59}},"26":{"start":{"line":27,"column":0},"end":{"line":27,"column":34}},"27":{"start":{"line":28,"column":0},"end":{"line":28,"column":23}},"28":{"start":{"line":29,"column":0},"end":{"line":29,"column":28}},"29":{"start":{"line":30,"column":0},"end":{"line":30,"column":22}},"30":{"start":{"line":31,"column":0},"end":{"line":31,"column":4}},"34":{"start":{"line":35,"column":0},"end":{"line":35,"column":66}},"35":{"start":{"line":36,"column":0},"end":{"line":36,"column":33}},"36":{"start":{"line":37,"column":0},"end":{"line":37,"column":25}},"37":{"start":{"line":38,"column":0},"end":{"line":38,"column":28}},"38":{"start":{"line":39,"column":0},"end":{"line":39,"column":37}},"39":{"start":{"line":40,"column":0},"end":{"line":40,"column":6}},"40":{"start":{"line":41,"column":0},"end":{"line":41,"column":3}},"43":{"start":{"line":44,"column":0},"end":{"line":44,"column":50}},"45":{"start":{"line":46,"column":0},"end":{"line":46,"column":17}},"46":{"start":{"line":47,"column":0},"end":{"line":47,"column":18}},"47":{"start":{"line":48,"column":0},"end":{"line":48,"column":25}},"48":{"start":{"line":49,"column":0},"end":{"line":49,"column":35}},"49":{"start":{"line":50,"column":0},"end":{"line":50,"column":39}},"50":{"start":{"line":51,"column":0},"end":{"line":51,"column":59}},"51":{"start":{"line":52,"column":0},"end":{"line":52,"column":4}},"52":{"start":{"line":53,"column":0},"end":{"line":53,"column":1}}},"s":{"0":0,"4":0,"8":0,"12":0,"16":0,"17":0,"18":0,"20":0,"25":0,"26":0,"27":0,"28":0,"29":0,"30":0,"34":0,"35":0,"36":0,"37":0,"38":0,"39":0,"40":0,"43":0,"45":0,"46":0,"47":0,"48":0,"49":0,"50":0,"51":0,"52":0},"branchMap":{"0":{"type":"branch","line":1,"loc":{"start":{"line":1,"column":2174},"end":{"line":53,"column":1}},"locations":[{"start":{"line":1,"column":2174},"end":{"line":53,"column":1}}]}},"b":{"0":[0]},"fnMap":{"0":{"name":"(empty-report)","decl":{"start":{"line":1,"column":2174},"end":{"line":53,"column":1}},"loc":{"start":{"line":1,"column":2174},"end":{"line":53,"column":1}},"line":1}},"f":{"0":0}}
,"/Users/gabe.algo/Code/devportal-code-examples/projects/typescript-examples/contracts/LocalStorage/contract.algo.ts": {"path":"/Users/gabe.algo/Code/devportal-code-examples/projects/typescript-examples/contracts/LocalStorage/contract.algo.ts","all":false,"statementMap":{"0":{"start":{"line":1,"column":0},"end":{"line":1,"column":8}},"8":{"start":{"line":9,"column":0},"end":{"line":9,"column":9}},"21":{"start":{"line":22,"column":0},"end":{"line":22,"column":60}},"22":{"start":{"line":23,"column":0},"end":{"line":23,"column":57}},"24":{"start":{"line":25,"column":0},"end":{"line":25,"column":54}},"25":{"start":{"line":26,"column":0},"end":{"line":26,"column":49}},"26":{"start":{"line":27,"column":0},"end":{"line":27,"column":41}},"27":{"start":{"line":28,"column":0},"end":{"line":28,"column":43}},"28":{"start":{"line":29,"column":0},"end":{"line":29,"column":42}},"29":{"start":{"line":30,"column":0},"end":{"line":30,"column":45}},"44":{"start":{"line":45,"column":0},"end":{"line":45,"column":44}},"45":{"start":{"line":46,"column":0},"end":{"line":46,"column":37}},"46":{"start":{"line":47,"column":0},"end":{"line":47,"column":41}},"47":{"start":{"line":48,"column":0},"end":{"line":48,"column":50}},"48":{"start":{"line":49,"column":0},"end":{"line":49,"column":55}},"49":{"start":{"line":50,"column":0},"end":{"line":50,"column":49}},"50":{"start":{"line":51,"column":0},"end":{"line":51,"column":43}},"51":{"start":{"line":52,"column":0},"end":{"line":52,"column":52}},"52":{"start":{"line":53,"column":0},"end":{"line":53,"column":3}},"66":{"start":{"line":67,"column":0},"end":{"line":67,"column":37}},"67":{"start":{"line":68,"column":0},"end":{"line":68,"column":83}},"68":{"start":{"line":69,"column":0},"end":{"line":69,"column":29}},"70":{"start":{"line":71,"column":0},"end":{"line":71,"column":76}},"72":{"start":{"line":73,"column":0},"end":{"line":73,"column":12}},"73":{"start":{"line":74,"column":0},"end":{"line":74,"column":34}},"74":{"start":{"line":75,"column":0},"end":{"line":75,"column":43}},"75":{"start":{"line":76,"column":0},"end":{"line":76,"column":36}},"76":{"start":{"line":77,"column":0},"end":{"line":77,"column":37}},"77":{"start":{"line":78,"column":0},"end":{"line":78,"column":35}},"78":{"start":{"line":79,"column":0},"end":{"line":79,"column":21}},"80":{"start":{"line":81,"column":0},"end":{"line":81,"column":3}},"91":{"start":{"line":92,"column":0},"end":{"line":92,"column":19}},"92":{"start":{"line":93,"column":0},"end":{"line":93,"column":96}},"94":{"start":{"line":95,"column":0},"end":{"line":95,"column":29}},"96":{"start":{"line":97,"column":0},"end":{"line":97,"column":98}},"98":{"start":{"line":99,"column":0},"end":{"line":99,"column":48}},"99":{"start":{"line":100,"column":0},"end":{"line":100,"column":44}},"100":{"start":{"line":101,"column":0},"end":{"line":101,"column":50}},"102":{"start":{"line":103,"column":0},"end":{"line":103,"column":58}},"103":{"start":{"line":104,"column":0},"end":{"line":104,"column":54}},"104":{"start":{"line":105,"column":0},"end":{"line":105,"column":60}},"105":{"start":{"line":106,"column":0},"end":{"line":106,"column":3}},"116":{"start":{"line":117,"column":0},"end":{"line":117,"column":19}},"117":{"start":{"line":118,"column":0},"end":{"line":118,"column":69}},"118":{"start":{"line":119,"column":0},"end":{"line":119,"column":29}},"120":{"start":{"line":121,"column":0},"end":{"line":121,"column":98}},"122":{"start":{"line":123,"column":0},"end":{"line":123,"column":58}},"124":{"start":{"line":125,"column":0},"end":{"line":125,"column":44}},"126":{"start":{"line":127,"column":0},"end":{"line":127,"column":54}},"128":{"start":{"line":129,"column":0},"end":{"line":129,"column":43}},"129":{"start":{"line":130,"column":0},"end":{"line":130,"column":3}},"138":{"start":{"line":139,"column":0},"end":{"line":139,"column":19}},"139":{"start":{"line":140,"column":0},"end":{"line":140,"column":53}},"140":{"start":{"line":141,"column":0},"end":{"line":141,"column":29}},"142":{"start":{"line":143,"column":0},"end":{"line":143,"column":98}},"144":{"start":{"line":145,"column":0},"end":{"line":145,"column":58}},"146":{"start":{"line":147,"column":0},"end":{"line":147,"column":64}},"148":{"start":{"line":149,"column":0},"end":{"line":149,"column":43}},"149":{"start":{"line":150,"column":0},"end":{"line":150,"column":3}},"157":{"start":{"line":158,"column":0},"end":{"line":158,"column":19}},"158":{"start":{"line":159,"column":0},"end":{"line":159,"column":34}},"159":{"start":{"line":160,"column":0},"end":{"line":160,"column":29}},"161":{"start":{"line":162,"column":0},"end":{"line":162,"column":98}},"163":{"start":{"line":164,"column":0},"end":{"line":164,"column":34}},"164":{"start":{"line":165,"column":0},"end":{"line":165,"column":43}},"165":{"start":{"line":166,"column":0},"end":{"line":166,"column":36}},"166":{"start":{"line":167,"column":0},"end":{"line":167,"column":37}},"167":{"start":{"line":168,"column":0},"end":{"line":168,"column":35}},"168":{"start":{"line":169,"column":0},"end":{"line":169,"column":38}},"169":{"start":{"line":170,"column":0},"end":{"line":170,"column":3}}},"s":{"0":1,"8":1,"21":1,"22":1,"24":1,"25":1,"26":1,"27":1,"28":1,"29":1,"44":1,"45":1,"46":1,"47":1,"48":1,"49":1,"50":1,"51":1,"52":1,"66":1,"67":1,"68":1,"70":1,"72":1,"73":1,"74":1,"75":1,"76":1,"77":1,"78":1,"80":1,"91":1,"92":1,"94":0,"96":0,"98":0,"99":0,"100":0,"102":0,"103":0,"104":0,"105":0,"116":1,"117":1,"118":0,"120":0,"122":0,"124":0,"126":0,"128":0,"129":0,"138":1,"139":1,"140":0,"142":0,"144":0,"146":0,"148":0,"149":0,"157":1,"158":1,"159":0,"161":0,"163":0,"164":0,"165":0,"166":0,"167":0,"168":0,"169":0},"branchMap":{"0":{"type":"branch","line":46,"loc":{"start":{"line":46,"column":9},"end":{"line":53,"column":3}},"locations":[{"start":{"line":46,"column":9},"end":{"line":53,"column":3}}]},"1":{"type":"branch","line":68,"loc":{"start":{"line":68,"column":9},"end":{"line":81,"column":3}},"locations":[{"start":{"line":68,"column":9},"end":{"line":81,"column":3}}]}},"b":{"0":[1],"1":[1]},"fnMap":{"0":{"name":"has","decl":{"start":{"line":46,"column":2},"end":{"line":46,"column":9}},"loc":{"start":{"line":46,"column":2},"end":{"line":46,"column":9}},"line":46},"1":{"name":"get","decl":{"start":{"line":46,"column":2},"end":{"line":46,"column":27}},"loc":{"start":{"line":46,"column":2},"end":{"line":46,"column":27}},"line":46},"2":{"name":"has","decl":{"start":{"line":68,"column":2},"end":{"line":68,"column":9}},"loc":{"start":{"line":68,"column":2},"end":{"line":68,"column":9}},"line":68},"3":{"name":"get","decl":{"start":{"line":68,"column":2},"end":{"line":68,"column":23}},"loc":{"start":{"line":68,"column":2},"end":{"line":68,"column":23}},"line":68},"4":{"name":"has","decl":{"start":{"line":93,"column":2},"end":{"line":93,"column":9}},"loc":{"start":{"line":93,"column":2},"end":{"line":93,"column":9}},"line":93},"5":{"name":"get","decl":{"start":{"line":93,"column":2},"end":{"line":93,"column":24}},"loc":{"start":{"line":93,"column":2},"end":{"line":93,"column":24}},"line":93},"6":{"name":"has","decl":{"start":{"line":118,"column":2},"end":{"line":118,"column":9}},"loc":{"start":{"line":118,"column":2},"end":{"line":118,"column":9}},"line":118},"7":{"name":"get","decl":{"start":{"line":118,"column":2},"end":{"line":118,"column":31}},"loc":{"start":{"line":118,"column":2},"end":{"line":118,"column":31}},"line":118},"8":{"name":"has","decl":{"start":{"line":140,"column":2},"end":{"line":140,"column":9}},"loc":{"start":{"line":140,"column":2},"end":{"line":140,"column":9}},"line":140},"9":{"name":"get","decl":{"start":{"line":140,"column":2},"end":{"line":140,"column":30}},"loc":{"start":{"line":140,"column":2},"end":{"line":140,"column":30}},"line":140},"10":{"name":"has","decl":{"start":{"line":159,"column":2},"end":{"line":159,"column":9}},"loc":{"start":{"line":159,"column":2},"end":{"line":159,"column":9}},"line":159},"11":{"name":"get","decl":{"start":{"line":159,"column":2},"end":{"line":159,"column":24}},"loc":{"start":{"line":159,"column":2},"end":{"line":159,"column":24}},"line":159},"12":{"name":"optInToApplication","decl":{"start":{"line":46,"column":9},"end":{"line":53,"column":3}},"loc":{"start":{"line":46,"column":9},"end":{"line":53,"column":3}},"line":46},"13":{"name":"readLocalState","decl":{"start":{"line":68,"column":9},"end":{"line":81,"column":3}},"loc":{"start":{"line":68,"column":9},"end":{"line":81,"column":3}},"line":68},"14":{"name":"writeLocalState","decl":{"start":{"line":93,"column":9},"end":{"line":106,"column":3}},"loc":{"start":{"line":93,"column":9},"end":{"line":106,"column":3}},"line":93},"15":{"name":"writeDynamicLocalState","decl":{"start":{"line":118,"column":9},"end":{"line":130,"column":3}},"loc":{"start":{"line":118,"column":9},"end":{"line":130,"column":3}},"line":118},"16":{"name":"readDynamicLocalState","decl":{"start":{"line":140,"column":9},"end":{"line":150,"column":3}},"loc":{"start":{"line":140,"column":9},"end":{"line":150,"column":3}},"line":140},"17":{"name":"clearLocalState","decl":{"start":{"line":159,"column":9},"end":{"line":170,"column":3}},"loc":{"start":{"line":159,"column":9},"end":{"line":170,"column":3}},"line":159}},"f":{"0":0,"1":0,"2":0,"3":0,"4":0,"5":0,"6":0,"7":0,"8":0,"9":0,"10":0,"11":0,"12":1,"13":1,"14":0,"15":0,"16":0,"17":0}}
,"/Users/gabe.algo/Code/devportal-code-examples/projects/typescript-examples/contracts/LocalStorage/deploy-config.ts": {"path":"/Users/gabe.algo/Code/devportal-code-examples/projects/typescript-examples/contracts/LocalStorage/deploy-config.ts","all":true,"statementMap":{"0":{"start":{"line":1,"column":0},"end":{"line":1,"column":66}},"4":{"start":{"line":5,"column":0},"end":{"line":5,"column":32}},"8":{"start":{"line":9,"column":0},"end":{"line":9,"column":51}},"12":{"start":{"line":13,"column":0},"end":{"line":13,"column":69}},"16":{"start":{"line":17,"column":0},"end":{"line":17,"column":80}},"17":{"start":{"line":18,"column":0},"end":{"line":18,"column":33}},"18":{"start":{"line":19,"column":0},"end":{"line":19,"column":4}},"20":{"start":{"line":21,"column":0},"end":{"line":21,"column":80}},"25":{"start":{"line":26,"column":0},"end":{"line":26,"column":59}},"26":{"start":{"line":27,"column":0},"end":{"line":27,"column":34}},"27":{"start":{"line":28,"column":0},"end":{"line":28,"column":23}},"28":{"start":{"line":29,"column":0},"end":{"line":29,"column":28}},"29":{"start":{"line":30,"column":0},"end":{"line":30,"column":22}},"30":{"start":{"line":31,"column":0},"end":{"line":31,"column":4}},"34":{"start":{"line":35,"column":0},"end":{"line":35,"column":66}},"35":{"start":{"line":36,"column":0},"end":{"line":36,"column":33}},"36":{"start":{"line":37,"column":0},"end":{"line":37,"column":25}},"37":{"start":{"line":38,"column":0},"end":{"line":38,"column":28}},"38":{"start":{"line":39,"column":0},"end":{"line":39,"column":37}},"39":{"start":{"line":40,"column":0},"end":{"line":40,"column":6}},"40":{"start":{"line":41,"column":0},"end":{"line":41,"column":3}},"43":{"start":{"line":44,"column":0},"end":{"line":44,"column":50}},"45":{"start":{"line":46,"column":0},"end":{"line":46,"column":17}},"46":{"start":{"line":47,"column":0},"end":{"line":47,"column":18}},"47":{"start":{"line":48,"column":0},"end":{"line":48,"column":25}},"48":{"start":{"line":49,"column":0},"end":{"line":49,"column":35}},"49":{"start":{"line":50,"column":0},"end":{"line":50,"column":39}},"50":{"start":{"line":51,"column":0},"end":{"line":51,"column":59}},"51":{"start":{"line":52,"column":0},"end":{"line":52,"column":4}},"52":{"start":{"line":53,"column":0},"end":{"line":53,"column":1}}},"s":{"0":0,"4":0,"8":0,"12":0,"16":0,"17":0,"18":0,"20":0,"25":0,"26":0,"27":0,"28":0,"29":0,"30":0,"34":0,"35":0,"36":0,"37":0,"38":0,"39":0,"40":0,"43":0,"45":0,"46":0,"47":0,"48":0,"49":0,"50":0,"51":0,"52":0},"branchMap":{"0":{"type":"branch","line":1,"loc":{"start":{"line":1,"column":2182},"end":{"line":53,"column":1}},"locations":[{"start":{"line":1,"column":2182},"end":{"line":53,"column":1}}]}},"b":{"0":[0]},"fnMap":{"0":{"name":"(empty-report)","decl":{"start":{"line":1,"column":2182},"end":{"line":53,"column":1}},"loc":{"start":{"line":1,"column":2182},"end":{"line":53,"column":1}},"line":1}},"f":{"0":0}}
,"/Users/gabe.algo/Code/devportal-code-examples/projects/typescript-examples/contracts/artifacts/clients/GlobalStorage/GlobalStorageClient.ts": {"path":"/Users/gabe.algo/Code/devportal-code-examples/projects/typescript-examples/contracts/artifacts/clients/GlobalStorage/GlobalStorageClient.ts","all":false,"statementMap":{"0":{"start":{"line":1,"column":0},"end":{"line":1,"column":20}},"26":{"start":{"line":27,"column":0},"end":{"line":27,"column":23254}},"42":{"start":{"line":43,"column":0},"end":{"line":43,"column":47}},"43":{"start":{"line":44,"column":0},"end":{"line":44,"column":55}},"45":{"start":{"line":46,"column":0},"end":{"line":46,"column":41}},"46":{"start":{"line":47,"column":0},"end":{"line":47,"column":21}},"47":{"start":{"line":48,"column":0},"end":{"line":48,"column":3}},"49":{"start":{"line":50,"column":0},"end":{"line":50,"column":34}},"50":{"start":{"line":51,"column":0},"end":{"line":51,"column":91}},"51":{"start":{"line":52,"column":0},"end":{"line":52,"column":3}},"229":{"start":{"line":230,"column":0},"end":{"line":230,"column":50}},"238":{"start":{"line":239,"column":0},"end":{"line":239,"column":288}},"239":{"start":{"line":240,"column":0},"end":{"line":240,"column":12}},"240":{"start":{"line":241,"column":0},"end":{"line":241,"column":16}},"241":{"start":{"line":242,"column":0},"end":{"line":242,"column":85}},"242":{"start":{"line":243,"column":0},"end":{"line":243,"column":58}},"244":{"start":{"line":245,"column":0},"end":{"line":245,"column":3}},"253":{"start":{"line":254,"column":0},"end":{"line":254,"column":227}},"254":{"start":{"line":255,"column":0},"end":{"line":255,"column":12}},"255":{"start":{"line":256,"column":0},"end":{"line":256,"column":16}},"256":{"start":{"line":257,"column":0},"end":{"line":257,"column":55}},"257":{"start":{"line":258,"column":0},"end":{"line":258,"column":58}},"259":{"start":{"line":260,"column":0},"end":{"line":260,"column":3}},"268":{"start":{"line":269,"column":0},"end":{"line":269,"column":253}},"269":{"start":{"line":270,"column":0},"end":{"line":270,"column":12}},"270":{"start":{"line":271,"column":0},"end":{"line":271,"column":16}},"271":{"start":{"line":272,"column":0},"end":{"line":272,"column":67}},"272":{"start":{"line":273,"column":0},"end":{"line":273,"column":130}},"274":{"start":{"line":275,"column":0},"end":{"line":275,"column":3}},"283":{"start":{"line":284,"column":0},"end":{"line":284,"column":266}},"284":{"start":{"line":285,"column":0},"end":{"line":285,"column":12}},"285":{"start":{"line":286,"column":0},"end":{"line":286,"column":16}},"286":{"start":{"line":287,"column":0},"end":{"line":287,"column":70}},"287":{"start":{"line":288,"column":0},"end":{"line":288,"column":92}},"289":{"start":{"line":290,"column":0},"end":{"line":290,"column":3}},"295":{"start":{"line":296,"column":0},"end":{"line":296,"column":35}},"306":{"start":{"line":307,"column":0},"end":{"line":307,"column":58}},"307":{"start":{"line":308,"column":0},"end":{"line":308,"column":39}},"308":{"start":{"line":309,"column":0},"end":{"line":309,"column":16}},"309":{"start":{"line":310,"column":0},"end":{"line":310,"column":24}},"310":{"start":{"line":311,"column":0},"end":{"line":311,"column":6}},"311":{"start":{"line":312,"column":0},"end":{"line":312,"column":3}},"314":{"start":{"line":315,"column":0},"end":{"line":315,"column":24}},"315":{"start":{"line":316,"column":0},"end":{"line":316,"column":34}},"316":{"start":{"line":317,"column":0},"end":{"line":317,"column":3}},"319":{"start":{"line":320,"column":0},"end":{"line":320,"column":17}},"320":{"start":{"line":321,"column":0},"end":{"line":321,"column":19}},"321":{"start":{"line":322,"column":0},"end":{"line":322,"column":3}},"324":{"start":{"line":325,"column":0},"end":{"line":325,"column":50}},"325":{"start":{"line":326,"column":0},"end":{"line":326,"column":35}},"326":{"start":{"line":327,"column":0},"end":{"line":327,"column":3}},"336":{"start":{"line":337,"column":0},"end":{"line":337,"column":62}},"337":{"start":{"line":338,"column":0},"end":{"line":338,"column":76}},"338":{"start":{"line":339,"column":0},"end":{"line":339,"column":3}},"349":{"start":{"line":350,"column":0},"end":{"line":350,"column":44}},"350":{"start":{"line":351,"column":0},"end":{"line":351,"column":61}},"352":{"start":{"line":353,"column":0},"end":{"line":353,"column":94}},"353":{"start":{"line":354,"column":0},"end":{"line":354,"column":3}},"361":{"start":{"line":362,"column":0},"end":{"line":362,"column":63}},"362":{"start":{"line":363,"column":0},"end":{"line":363,"column":49}},"363":{"start":{"line":364,"column":0},"end":{"line":364,"column":16}},"364":{"start":{"line":365,"column":0},"end":{"line":365,"column":6}},"365":{"start":{"line":366,"column":0},"end":{"line":366,"column":90}},"366":{"start":{"line":367,"column":0},"end":{"line":367,"column":3}},"371":{"start":{"line":372,"column":0},"end":{"line":372,"column":21}},"375":{"start":{"line":376,"column":0},"end":{"line":376,"column":13}},"382":{"start":{"line":383,"column":0},"end":{"line":383,"column":149}},"383":{"start":{"line":384,"column":0},"end":{"line":384,"column":57}},"384":{"start":{"line":385,"column":0},"end":{"line":385,"column":8}},"392":{"start":{"line":393,"column":0},"end":{"line":393,"column":32}},"396":{"start":{"line":397,"column":0},"end":{"line":397,"column":13}},"403":{"start":{"line":404,"column":0},"end":{"line":404,"column":149}},"404":{"start":{"line":405,"column":0},"end":{"line":405,"column":68}},"405":{"start":{"line":406,"column":0},"end":{"line":406,"column":8}},"413":{"start":{"line":414,"column":0},"end":{"line":414,"column":19}},"417":{"start":{"line":418,"column":0},"end":{"line":418,"column":13}},"424":{"start":{"line":425,"column":0},"end":{"line":425,"column":168}},"425":{"start":{"line":426,"column":0},"end":{"line":426,"column":69}},"426":{"start":{"line":427,"column":0},"end":{"line":427,"column":94}},"427":{"start":{"line":428,"column":0},"end":{"line":428,"column":8}},"436":{"start":{"line":437,"column":0},"end":{"line":437,"column":34}},"454":{"start":{"line":455,"column":0},"end":{"line":455,"column":81}},"455":{"start":{"line":456,"column":0},"end":{"line":456,"column":99}},"456":{"start":{"line":457,"column":0},"end":{"line":457,"column":27}},"457":{"start":{"line":458,"column":0},"end":{"line":458,"column":24}},"458":{"start":{"line":459,"column":0},"end":{"line":459,"column":6}},"459":{"start":{"line":460,"column":0},"end":{"line":460,"column":3}},"465":{"start":{"line":466,"column":0},"end":{"line":466,"column":134}},"466":{"start":{"line":467,"column":0},"end":{"line":467,"column":164}},"467":{"start":{"line":468,"column":0},"end":{"line":468,"column":3}},"474":{"start":{"line":475,"column":0},"end":{"line":475,"column":131}},"475":{"start":{"line":476,"column":0},"end":{"line":476,"column":103}},"476":{"start":{"line":477,"column":0},"end":{"line":477,"column":3}},"485":{"start":{"line":486,"column":0},"end":{"line":486,"column":27}},"486":{"start":{"line":487,"column":0},"end":{"line":487,"column":54}},"488":{"start":{"line":489,"column":0},"end":{"line":489,"column":96}},"489":{"start":{"line":490,"column":0},"end":{"line":490,"column":3}},"492":{"start":{"line":493,"column":0},"end":{"line":493,"column":22}},"493":{"start":{"line":494,"column":0},"end":{"line":494,"column":31}},"494":{"start":{"line":495,"column":0},"end":{"line":495,"column":3}},"497":{"start":{"line":498,"column":0},"end":{"line":498,"column":27}},"498":{"start":{"line":499,"column":0},"end":{"line":499,"column":36}},"499":{"start":{"line":500,"column":0},"end":{"line":500,"column":3}},"502":{"start":{"line":503,"column":0},"end":{"line":503,"column":24}},"503":{"start":{"line":504,"column":0},"end":{"line":504,"column":33}},"504":{"start":{"line":505,"column":0},"end":{"line":505,"column":3}},"507":{"start":{"line":508,"column":0},"end":{"line":508,"column":24}},"508":{"start":{"line":509,"column":0},"end":{"line":509,"column":33}},"509":{"start":{"line":510,"column":0},"end":{"line":510,"column":3}},"512":{"start":{"line":513,"column":0},"end":{"line":513,"column":50}},"513":{"start":{"line":514,"column":0},"end":{"line":514,"column":34}},"514":{"start":{"line":515,"column":0},"end":{"line":515,"column":3}},"519":{"start":{"line":520,"column":0},"end":{"line":520,"column":21}},"526":{"start":{"line":527,"column":0},"end":{"line":527,"column":63}},"527":{"start":{"line":528,"column":0},"end":{"line":528,"column":58}},"528":{"start":{"line":529,"column":0},"end":{"line":529,"column":6}},"542":{"start":{"line":543,"column":0},"end":{"line":543,"column":286}},"543":{"start":{"line":544,"column":0},"end":{"line":544,"column":91}},"544":{"start":{"line":545,"column":0},"end":{"line":545,"column":6}},"558":{"start":{"line":559,"column":0},"end":{"line":559,"column":225}},"559":{"start":{"line":560,"column":0},"end":{"line":560,"column":90}},"560":{"start":{"line":561,"column":0},"end":{"line":561,"column":6}},"570":{"start":{"line":571,"column":0},"end":{"line":571,"column":238}},"571":{"start":{"line":572,"column":0},"end":{"line":572,"column":92}},"572":{"start":{"line":573,"column":0},"end":{"line":573,"column":6}},"582":{"start":{"line":583,"column":0},"end":{"line":583,"column":251}},"583":{"start":{"line":584,"column":0},"end":{"line":584,"column":99}},"584":{"start":{"line":585,"column":0},"end":{"line":585,"column":6}},"591":{"start":{"line":592,"column":0},"end":{"line":592,"column":32}},"598":{"start":{"line":599,"column":0},"end":{"line":599,"column":63}},"599":{"start":{"line":600,"column":0},"end":{"line":600,"column":69}},"600":{"start":{"line":601,"column":0},"end":{"line":601,"column":6}},"614":{"start":{"line":615,"column":0},"end":{"line":615,"column":286}},"615":{"start":{"line":616,"column":0},"end":{"line":616,"column":102}},"616":{"start":{"line":617,"column":0},"end":{"line":617,"column":6}},"630":{"start":{"line":631,"column":0},"end":{"line":631,"column":225}},"631":{"start":{"line":632,"column":0},"end":{"line":632,"column":101}},"632":{"start":{"line":633,"column":0},"end":{"line":633,"column":6}},"642":{"start":{"line":643,"column":0},"end":{"line":643,"column":238}},"643":{"start":{"line":644,"column":0},"end":{"line":644,"column":103}},"644":{"start":{"line":645,"column":0},"end":{"line":645,"column":6}},"654":{"start":{"line":655,"column":0},"end":{"line":655,"column":251}},"655":{"start":{"line":656,"column":0},"end":{"line":656,"column":110}},"656":{"start":{"line":657,"column":0},"end":{"line":657,"column":6}},"663":{"start":{"line":664,"column":0},"end":{"line":664,"column":19}},"670":{"start":{"line":671,"column":0},"end":{"line":671,"column":76}},"671":{"start":{"line":672,"column":0},"end":{"line":672,"column":56}},"672":{"start":{"line":673,"column":0},"end":{"line":673,"column":6}},"686":{"start":{"line":687,"column":0},"end":{"line":687,"column":305}},"687":{"start":{"line":688,"column":0},"end":{"line":688,"column":103}},"688":{"start":{"line":689,"column":0},"end":{"line":689,"column":159}},"689":{"start":{"line":690,"column":0},"end":{"line":690,"column":6}},"703":{"start":{"line":704,"column":0},"end":{"line":704,"column":244}},"704":{"start":{"line":705,"column":0},"end":{"line":705,"column":102}},"705":{"start":{"line":706,"column":0},"end":{"line":706,"column":129}},"706":{"start":{"line":707,"column":0},"end":{"line":707,"column":6}},"716":{"start":{"line":717,"column":0},"end":{"line":717,"column":257}},"717":{"start":{"line":718,"column":0},"end":{"line":718,"column":104}},"718":{"start":{"line":719,"column":0},"end":{"line":719,"column":141}},"719":{"start":{"line":720,"column":0},"end":{"line":720,"column":6}},"729":{"start":{"line":730,"column":0},"end":{"line":730,"column":270}},"730":{"start":{"line":731,"column":0},"end":{"line":731,"column":111}},"731":{"start":{"line":732,"column":0},"end":{"line":732,"column":144}},"732":{"start":{"line":733,"column":0},"end":{"line":733,"column":6}},"742":{"start":{"line":743,"column":0},"end":{"line":743,"column":46}},"743":{"start":{"line":744,"column":0},"end":{"line":744,"column":64}},"744":{"start":{"line":745,"column":0},"end":{"line":745,"column":3}},"758":{"start":{"line":759,"column":0},"end":{"line":759,"column":239}},"759":{"start":{"line":760,"column":0},"end":{"line":760,"column":101}},"760":{"start":{"line":761,"column":0},"end":{"line":761,"column":122}},"761":{"start":{"line":762,"column":0},"end":{"line":762,"column":3}},"775":{"start":{"line":776,"column":0},"end":{"line":776,"column":178}},"776":{"start":{"line":777,"column":0},"end":{"line":777,"column":100}},"777":{"start":{"line":778,"column":0},"end":{"line":778,"column":92}},"778":{"start":{"line":779,"column":0},"end":{"line":779,"column":3}},"783":{"start":{"line":784,"column":0},"end":{"line":784,"column":11}},"787":{"start":{"line":788,"column":0},"end":{"line":788,"column":13}},"791":{"start":{"line":792,"column":0},"end":{"line":792,"column":70}},"792":{"start":{"line":793,"column":0},"end":{"line":793,"column":65}},"793":{"start":{"line":794,"column":0},"end":{"line":794,"column":16}},"794":{"start":{"line":795,"column":0},"end":{"line":795,"column":38}},"795":{"start":{"line":796,"column":0},"end":{"line":796,"column":56}},"796":{"start":{"line":797,"column":0},"end":{"line":797,"column":64}},"797":{"start":{"line":798,"column":0},"end":{"line":798,"column":44}},"798":{"start":{"line":799,"column":0},"end":{"line":799,"column":40}},"799":{"start":{"line":800,"column":0},"end":{"line":800,"column":68}},"801":{"start":{"line":802,"column":0},"end":{"line":802,"column":8}},"805":{"start":{"line":806,"column":0},"end":{"line":806,"column":149}},"809":{"start":{"line":810,"column":0},"end":{"line":810,"column":167}},"813":{"start":{"line":814,"column":0},"end":{"line":814,"column":172}},"817":{"start":{"line":818,"column":0},"end":{"line":818,"column":155}},"821":{"start":{"line":822,"column":0},"end":{"line":822,"column":151}},"825":{"start":{"line":826,"column":0},"end":{"line":826,"column":176}},"829":{"start":{"line":830,"column":0},"end":{"line":830,"column":44}},"830":{"start":{"line":831,"column":0},"end":{"line":831,"column":23}},"831":{"start":{"line":832,"column":0},"end":{"line":832,"column":45}},"832":{"start":{"line":833,"column":0},"end":{"line":833,"column":57}},"833":{"start":{"line":834,"column":0},"end":{"line":834,"column":84}},"834":{"start":{"line":835,"column":0},"end":{"line":835,"column":12}},"838":{"start":{"line":839,"column":0},"end":{"line":839,"column":270}},"839":{"start":{"line":840,"column":0},"end":{"line":840,"column":128}},"840":{"start":{"line":841,"column":0},"end":{"line":841,"column":125}},"841":{"start":{"line":842,"column":0},"end":{"line":842,"column":19}},"842":{"start":{"line":843,"column":0},"end":{"line":843,"column":8}},"846":{"start":{"line":847,"column":0},"end":{"line":847,"column":209}},"847":{"start":{"line":848,"column":0},"end":{"line":848,"column":127}},"848":{"start":{"line":849,"column":0},"end":{"line":849,"column":95}},"849":{"start":{"line":850,"column":0},"end":{"line":850,"column":19}},"850":{"start":{"line":851,"column":0},"end":{"line":851,"column":8}},"854":{"start":{"line":855,"column":0},"end":{"line":855,"column":235}},"855":{"start":{"line":856,"column":0},"end":{"line":856,"column":129}},"856":{"start":{"line":857,"column":0},"end":{"line":857,"column":37}},"857":{"start":{"line":858,"column":0},"end":{"line":858,"column":19}},"858":{"start":{"line":859,"column":0},"end":{"line":859,"column":8}},"862":{"start":{"line":863,"column":0},"end":{"line":863,"column":248}},"863":{"start":{"line":864,"column":0},"end":{"line":864,"column":136}},"864":{"start":{"line":865,"column":0},"end":{"line":865,"column":110}},"865":{"start":{"line":866,"column":0},"end":{"line":866,"column":19}},"866":{"start":{"line":867,"column":0},"end":{"line":867,"column":8}},"870":{"start":{"line":871,"column":0},"end":{"line":871,"column":51}},"871":{"start":{"line":872,"column":0},"end":{"line":872,"column":101}},"872":{"start":{"line":873,"column":0},"end":{"line":873,"column":19}},"873":{"start":{"line":874,"column":0},"end":{"line":874,"column":8}},"874":{"start":{"line":875,"column":0},"end":{"line":875,"column":68}},"875":{"start":{"line":876,"column":0},"end":{"line":876,"column":84}},"876":{"start":{"line":877,"column":0},"end":{"line":877,"column":19}},"877":{"start":{"line":878,"column":0},"end":{"line":878,"column":8}},"878":{"start":{"line":879,"column":0},"end":{"line":879,"column":24}},"879":{"start":{"line":880,"column":0},"end":{"line":880,"column":26}},"880":{"start":{"line":881,"column":0},"end":{"line":881,"column":23}},"881":{"start":{"line":882,"column":0},"end":{"line":882,"column":8}},"882":{"start":{"line":883,"column":0},"end":{"line":883,"column":49}},"883":{"start":{"line":884,"column":0},"end":{"line":884,"column":26}},"884":{"start":{"line":885,"column":0},"end":{"line":885,"column":90}},"885":{"start":{"line":886,"column":0},"end":{"line":886,"column":16}},"886":{"start":{"line":887,"column":0},"end":{"line":887,"column":20}},"887":{"start":{"line":888,"column":0},"end":{"line":888,"column":125}},"889":{"start":{"line":890,"column":0},"end":{"line":890,"column":8}},"890":{"start":{"line":891,"column":0},"end":{"line":891,"column":39}},"891":{"start":{"line":892,"column":0},"end":{"line":892,"column":26}},"892":{"start":{"line":893,"column":0},"end":{"line":893,"column":50}},"893":{"start":{"line":894,"column":0},"end":{"line":894,"column":16}},"894":{"start":{"line":895,"column":0},"end":{"line":895,"column":20}},"895":{"start":{"line":896,"column":0},"end":{"line":896,"column":125}},"897":{"start":{"line":898,"column":0},"end":{"line":898,"column":7}},"899":{"start":{"line":900,"column":0},"end":{"line":900,"column":3}}},"s":{"0":1,"26":1,"42":1,"43":1,"45":1,"46":1,"47":1,"49":1,"50":1,"51":1,"229":1,"238":1,"239":2,"240":2,"241":2,"242":2,"244":2,"253":1,"254":1,"255":1,"256":1,"257":1,"259":1,"268":1,"269":2,"270":2,"271":2,"272":2,"274":2,"283":1,"284":1,"285":1,"286":1,"287":1,"289":1,"295":1,"306":1,"307":5,"308":5,"309":5,"310":5,"311":5,"314":1,"315":0,"316":0,"319":1,"320":0,"321":0,"324":1,"325":0,"326":0,"336":1,"337":0,"338":0,"349":1,"350":0,"352":0,"353":0,"361":1,"362":5,"363":5,"364":5,"365":5,"366":5,"371":1,"375":1,"382":1,"383":0,"384":0,"392":1,"396":1,"403":1,"404":0,"405":0,"413":1,"417":1,"424":1,"425":0,"426":0,"427":0,"436":1,"454":1,"455":5,"456":0,"457":0,"458":0,"459":5,"465":1,"466":4,"467":4,"474":1,"475":0,"476":0,"485":1,"486":0,"488":0,"489":0,"492":1,"493":0,"494":0,"497":1,"498":0,"499":0,"502":1,"503":0,"504":0,"507":1,"508":0,"509":0,"512":1,"513":5,"514":5,"519":1,"526":1,"527":0,"528":0,"542":1,"543":2,"544":2,"558":1,"559":1,"560":1,"570":1,"571":2,"572":2,"582":1,"583":1,"584":1,"591":1,"598":1,"599":0,"600":0,"614":1,"615":0,"616":0,"630":1,"631":0,"632":0,"642":1,"643":0,"644":0,"654":1,"655":0,"656":0,"663":1,"670":1,"671":0,"672":0,"686":1,"687":0,"688":0,"689":0,"703":1,"704":0,"705":0,"706":0,"716":1,"717":0,"718":0,"719":0,"729":1,"730":0,"731":0,"732":0,"742":1,"743":0,"744":0,"758":1,"759":0,"760":0,"761":0,"775":1,"776":0,"777":0,"778":0,"783":1,"787":1,"791":1,"792":1,"793":1,"794":1,"795":1,"796":1,"797":1,"798":1,"799":1,"801":1,"805":1,"809":1,"813":1,"817":1,"821":1,"825":1,"829":1,"830":5,"831":5,"832":5,"833":5,"834":5,"838":5,"839":2,"840":2,"841":2,"842":2,"846":5,"847":1,"848":1,"849":1,"850":1,"854":5,"855":2,"856":2,"857":2,"858":2,"862":5,"863":1,"864":1,"865":1,"866":1,"870":5,"871":0,"872":0,"873":0,"874":5,"875":0,"876":0,"877":0,"878":5,"879":0,"880":0,"881":0,"882":5,"883":4,"884":4,"885":4,"886":4,"887":4,"889":4,"890":5,"891":1,"892":1,"893":1,"894":1,"895":1,"897":1,"899":5},"branchMap":{"0":{"type":"bra
[...]
ns":[{"start":{"line":920,"column":6},"end":{"line":924,"column":8}}]},"28":{"type":"branch","line":921,"loc":{"start":{"line":921,"column":41},"end":{"line":921,"column":126}},"locations":[{"start":{"line":921,"column":41},"end":{"line":921,"column":126}}]},"29":{"type":"branch","line":922,"loc":{"start":{"line":922,"column":27},"end":{"line":922,"column":123}},"locations":[{"start":{"line":922,"column":27},"end":{"line":922,"column":123}}]},"30":{"type":"branch","line":928,"loc":{"start":{"line":928,"column":6},"end":{"line":932,"column":8}},"locations":[{"start":{"line":928,"column":6},"end":{"line":932,"column":8}}]},"31":{"type":"branch","line":929,"loc":{"start":{"line":929,"column":41},"end":{"line":929,"column":127}},"locations":[{"start":{"line":929,"column":41},"end":{"line":929,"column":127}}]},"32":{"type":"branch","line":936,"loc":{"start":{"line":936,"column":6},"end":{"line":940,"column":8}},"locations":[{"start":{"line":936,"column":6},"end":{"line":940,"column":8}}]},"33":{"type":"branch","line":937,"loc":{"start":{"line":937,"column":41},"end":{"line":937,"column":134}},"locations":[{"start":{"line":937,"column":41},"end":{"line":937,"column":134}}]},"34":{"type":"branch","line":938,"loc":{"start":{"line":938,"column":27},"end":{"line":938,"column":108}},"locations":[{"start":{"line":938,"column":27},"end":{"line":938,"column":108}}]},"35":{"type":"branch","line":944,"loc":{"start":{"line":944,"column":6},"end":{"line":948,"column":8}},"locations":[{"start":{"line":944,"column":6},"end":{"line":948,"column":8}}]},"36":{"type":"branch","line":945,"loc":{"start":{"line":945,"column":41},"end":{"line":945,"column":133}},"locations":[{"start":{"line":945,"column":41},"end":{"line":945,"column":133}}]},"37":{"type":"branch","line":946,"loc":{"start":{"line":946,"column":27},"end":{"line":946,"column":100}},"locations":[{"start":{"line":946,"column":27},"end":{"line":946,"column":100}}]},"38":{"type":"branch","line":952,"loc":{"start":{"line":952,"column":6},"end":{"line":956,"column":8}},"locations":[{"start":{"line":952,"column":6},"end":{"line":956,"column":8}}]},"39":{"type":"branch","line":953,"loc":{"start":{"line":953,"column":41},"end":{"line":953,"column":127}},"locations":[{"start":{"line":953,"column":41},"end":{"line":953,"column":127}}]},"40":{"type":"branch","line":957,"loc":{"start":{"line":957,"column":6},"end":{"line":965,"column":8}},"locations":[{"start":{"line":957,"column":6},"end":{"line":965,"column":8}}]},"41":{"type":"branch","line":959,"loc":{"start":{"line":959,"column":30},"end":{"line":963,"column":12}},"locations":[{"start":{"line":959,"column":30},"end":{"line":963,"column":12}}]},"42":{"type":"branch","line":960,"loc":{"start":{"line":960,"column":45},"end":{"line":960,"column":140}},"locations":[{"start":{"line":960,"column":45},"end":{"line":960,"column":140}}]},"43":{"type":"branch","line":981,"loc":{"start":{"line":981,"column":6},"end":{"line":988,"column":8}},"locations":[{"start":{"line":981,"column":6},"end":{"line":988,"column":8}}]},"44":{"type":"branch","line":983,"loc":{"start":{"line":983,"column":58},"end":{"line":983,"column":90}},"locations":[{"start":{"line":983,"column":58},"end":{"line":983,"column":90}}]},"45":{"type":"branch","line":983,"loc":{"start":{"line":983,"column":88},"end":{"line":986,"column":39}},"locations":[{"start":{"line":983,"column":88},"end":{"line":986,"column":39}}]},"46":{"type":"branch","line":986,"loc":{"start":{"line":986,"column":39},"end":{"line":986,"column":124}},"locations":[{"start":{"line":986,"column":39},"end":{"line":986,"column":124}}]},"47":{"type":"branch","line":986,"loc":{"start":{"line":986,"column":72},"end":{"line":986,"column":109}},"locations":[{"start":{"line":986,"column":72},"end":{"line":986,"column":109}}]},"48":{"type":"branch","line":986,"loc":{"start":{"line":986,"column":105},"end":{"line":986,"column":124}},"locations":[{"start":{"line":986,"column":105},"end":{"line":986,"column":124}}]},"49":{"type":"branch","line":989,"loc":{"start":{"line":989,"column":6},"end":{"line":996,"column":7}},"locations":[{"start":{"line":989,"column":6},"end":{"line":996,"column":7}}]},"50":{"type":"branch","line":994,"loc":{"start":{"line":994,"column":39},"end":{"line":994,"column":124}},"locations":[{"start":{"line":994,"column":39},"end":{"line":994,"column":124}}]},"51":{"type":"branch","line":994,"loc":{"start":{"line":994,"column":72},"end":{"line":994,"column":109}},"locations":[{"start":{"line":994,"column":72},"end":{"line":994,"column":109}}]},"52":{"type":"branch","line":994,"loc":{"start":{"line":994,"column":105},"end":{"line":994,"column":124}},"locations":[{"start":{"line":994,"column":105},"end":{"line":994,"column":124}}]}},"b":{"0":[5],"1":[5],"2":[0],"3":[4],"4":[0],"5":[2],"6":[0],"7":[1],"8":[0],"9":[1],"10":[0],"11":[1],"12":[0],"13":[5],"14":[5],"15":[5],"16":[0],"17":[5],"18":[4],"19":[2],"20":[1],"21":[1],"22":[1],"23":[5],"24":[0],"25":[12],"26":[12],"27":[4],"28":[4],"29":[3],"30":[2],"31":[2],"32":[1],"33":[1],"34":[1],"35":[1],"36":[1],"37":[1],"38":[1],"39":[1],"40":[5],"41":[5],"42":[5],"43":[5],"44":[0],"45":[4],"46":[6],"47":[4],"48":[2],"49":[7],"50":[7],"51":[1],"52":[6]},"fnMap":{"0":{"name":"BinaryStateValue","decl":{"start":{"line":44,"column":2},"end":{"line":44,"column":55}},"loc":{"start":{"line":44,"column":2},"end":{"line":44,"column":55}},"line":44},"1":{"name":"asByteArray","decl":{"start":{"line":46,"column":2},"end":{"line":48,"column":3}},"loc":{"start":{"line":46,"column":2},"end":{"line":48,"column":3}},"line":46},"2":{"name":"asString","decl":{"start":{"line":50,"column":2},"end":{"line":52,"column":3}},"loc":{"start":{"line":50,"column":2},"end":{"line":52,"column":3}},"line":50},"3":{"name":"get optIn","decl":{"start":{"line":227,"column":2},"end":{"line":243,"column":3}},"loc":{"start":{"line":227,"column":2},"end":{"line":243,"column":3}},"line":227},"4":{"name":"optInToApplication","decl":{"start":{"line":235,"column":6},"end":{"line":241,"column":8}},"loc":{"start":{"line":235,"column":6},"end":{"line":241,"column":8}},"line":235},"5":{"name":"readLocalState","decl":{"start":{"line":253,"column":9},"end":{"line":259,"column":3}},"loc":{"start":{"line":253,"column":9},"end":{"line":259,"column":3}},"line":253},"6":{"name":"writeLocalState","decl":{"start":{"line":268,"column":9},"end":{"line":274,"column":3}},"loc":{"start":{"line":268,"column":9},"end":{"line":274,"column":3}},"line":268},"7":{"name":"writeDynamicLocalState","decl":{"start":{"line":283,"column":9},"end":{"line":289,"column":3}},"loc":{"start":{"line":283,"column":9},"end":{"line":289,"column":3}},"line":283},"8":{"name":"readDynamicLocalState","decl":{"start":{"line":298,"column":9},"end":{"line":304,"column":3}},"loc":{"start":{"line":298,"column":9},"end":{"line":304,"column":3}},"line":298},"9":{"name":"clearLocalState","decl":{"start":{"line":313,"column":9},"end":{"line":319,"column":3}},"loc":{"start":{"line":313,"column":9},"end":{"line":319,"column":3}},"line":313},"10":{"name":"LocalStorageFactory","decl":{"start":{"line":336,"column":2},"end":{"line":341,"column":3}},"loc":{"start":{"line":336,"column":2},"end":{"line":341,"column":3}},"line":336},"11":{"name":"bare","decl":{"start":{"line":412,"column":12},"end":{"line":414,"column":8}},"loc":{"start":{"line":412,"column":12},"end":{"line":414,"column":8}},"line":412},"12":{"name":"bare","decl":{"start":{"line":433,"column":12},"end":{"line":435,"column":8}},"loc":{"start":{"line":433,"column":12},"end":{"line":435,"column":8}},"line":433},"13":{"name":"bare","decl":{"start":{"line":454,"column":12},"end":{"line":457,"column":8}},"loc":{"start":{"line":454,"column":12},"end":{"line":457,"column":8}},"line":454},"14":{"name":"get appName","decl":{"start":{"line":344,"column":2},"end":{"line":346,"column":3}},"loc":{"start":{"line":344,"column":2},"end":{"line":346,"column":3}},"line":344},"15":{"name":"get appSpec","decl":{"start":{"line":349,"column":2},"end":{"line":351,"column":3}},"loc":{"start":{"line":349,"column":2},"end":{"line":351,"column":3}},"line":349},"16":{"name":"get algorand","decl":{"start":{"line":354,"column":2},"end":{"line":356,"column":3}},"loc":{"start":{"line":354,"column":2},"end":{"line":356,"column":3}},"line":354},"17":{"name":"getAppClientById","decl":{"start":{"line":366,"column":9},"end":{"line":368,"column":3}},"loc":{"start":{"line":366,"column":9},"end":{"line":368,"column":3}},"line":366},"18":{"name":"getAppClientByCreatorAndName","decl":{"start":{"line":379,"column":9},"end":{"line":383,"column":3}},"loc":{"start":{"line":379,"column":9},"end":{"line":383,"column":3}},"line":379},"19":{"name":"deploy","decl":{"start":{"line":391,"column":9},"end":{"line":396,"column":3}},"loc":{"start":{"line":391,"column":9},"end":{"line":396,"column":3}},"line":391},"20":{"name":"LocalStorageClient","decl":{"start":{"line":484,"column":2},"end":{"line":489,"column":3}},"loc":{"start":{"line":484,"column":2},"end":{"line":489,"column":3}},"line":484},"21":{"name":"optInToApplication","decl":{"start":{"line":560,"column":26},"end":{"line":562,"column":8}},"loc":{"start":{"line":560,"column":26},"end":{"line":562,"column":8}},"line":560},"22":{"name":"clearState","decl":{"start":{"line":572,"column":16},"end":{"line":574,"column":6}},"loc":{"start":{"line":572,"column":16},"end":{"line":574,"column":6}},"line":572},"23":{"name":"readLocalState","decl":{"start":{"line":586,"column":20},"end":{"line":588,"column":6}},"loc":{"start":{"line":586,"column":20},"end":{"line":588,"column":6}},"line":586},"24":{"name":"writeLocalState","decl":{"start":{"line":598,"column":21},"end":{"line":600,"column":6}},"loc":{"start":{"line":598,"column":21},"end":{"line":600,"column":6}},"line":598},"25":{"name":"writeDynamicLocalState","decl":{"start":{"line":610,"column":28},"end":{"line":612,"column":6}},"loc":{"start":{"line":610,"column":28},"end":{"line":612,"column":6}},"line":610},"26":{"name":"readDynamicLocalState","decl":{"start":{"line":622,"column":27},"end":{"line":624,"column":6}},"loc":{"start":{"line":622,"column":27},"end":{"line":624,"column":6}},"line":622},"27":{"name":"clearLocalState","decl":{"start":{"line":634,"column":21},"end":{"line":636,"column":6}},"loc":{"start":{"line":634,"column":21},"end":{"line":636,"column":6}},"line":634},"28":{"name":"optInToApplication","decl":{"start":{"line":654,"column":26},"end":{"line":656,"column":8}},"loc":{"start":{"line":654,"column":26},"end":{"line":656,"column":8}},"line":654},"29":{"name":"clearState","decl":{"start":{"line":666,"column":16},"end":{"line":668,"column":6}},"loc":{"start":{"line":666,"column":16},"end":{"line":668,"column":6}},"line":666},"30":{"name":"readLocalState","decl":{"start":{"line":680,"column":20},"end":{"line":682,"column":6}},"loc":{"start":{"line":680,"column":20},"end":{"line":682,"column":6}},"line":680},"31":{"name":"writeLocalState","decl":{"start":{"line":692,"column":21},"end":{"line":694,"column":6}},"loc":{"start":{"line":692,"column":21},"end":{"line":694,"column":6}},"line":692},"32":{"name":"writeDynamicLocalState","decl":{"start":{"line":704,"column":28},"end":{"line":706,"column":6}},"loc":{"start":{"line":704,"column":28},"end":{"line":706,"column":6}},"line":704},"33":{"name":"readDynamicLocalState","decl":{"start":{"line":716,"column":27},"end":{"line":718,"column":6}},"loc":{"start":{"line":716,"column":27},"end":{"line":718,"column":6}},"line":716},"34":{"name":"clearLocalState","decl":{"start":{"line":728,"column":21},"end":{"line":730,"column":6}},"loc":{"start":{"line":728,"column":21},"end":{"line":730,"column":6}},"line":728},"35":{"name":"optInToApplication","decl":{"start":{"line":748,"column":26},"end":{"line":751,"column":8}},"loc":{"start":{"line":748,"column":26},"end":{"line":751,"column":8}},"line":748},"36":{"name":"clearState","decl":{"start":{"line":761,"column":16},"end":{"line":763,"column":6}},"loc":{"start":{"line":761,"column":16},"end":{"line":763,"column":6}},"line":761},"37":{"name":"readLocalState","decl":{"start":{"line":775,"column":20},"end":{"line":778,"column":6}},"loc":{"start":{"line":775,"column":20},"end":{"line":778,"column":6}},"line":775},"38":{"name":"writeLocalState","decl":{"start":{"line":788,"column":21},"end":{"line":791,"column":6}},"loc":{"start":{"line":788,"column":21},"end":{"line":791,"column":6}},"line":788},"39":{"name":"writeDynamicLocalState","decl":{"start":{"line":801,"column":28},"end":{"line":804,"column":6}},"loc":{"start":{"line":801,"column":28},"end":{"line":804,"column":6}},"line":801},"40":{"name":"readDynamicLocalState","decl":{"start":{"line":814,"column":27},"end":{"line":817,"column":6}},"loc":{"start":{"line":814,"column":27},"end":{"line":817,"column":6}},"line":814},"41":{"name":"clearLocalState","decl":{"start":{"line":827,"column":21},"end":{"line":830,"column":6}},"loc":{"start":{"line":827,"column":21},"end":{"line":830,"column":6}},"line":827},"42":{"name":"local","decl":{"start":{"line":866,"column":11},"end":{"line":908,"column":6}},"loc":{"start":{"line":866,"column":11},"end":{"line":908,"column":6}},"line":866},"43":{"name":"decodeReturnValue","decl":{"start":{"line":495,"column":2},"end":{"line":497,"column":3}},"loc":{"start":{"line":495,"column":2},"end":{"line":497,"column":3}},"line":495},"44":{"name":"fromCreatorAndName","decl":{"start":{"line":504,"column":9},"end":{"line":506,"column":3}},"loc":{"start":{"line":504,"column":9},"end":{"line":506,"column":3}},"line":504},"45":{"name":"fromNetwork","decl":{"start":{"line":515,"column":2},"end":{"line":519,"column":3}},"loc":{"start":{"line":515,"column":2},"end":{"line":519,"column":3}},"line":515},"46":{"name":"get appId","decl":{"start":{"line":522,"column":2},"end":{"line":524,"column":3}},"loc":{"start":{"line":522,"column":2},"end":{"line":524,"column":3}},"line":522},"47":{"name":"get appAddress","decl":{"start":{"line":527,"column":2},"end":{"line":529,"column":3}},"loc":{"start":{"line":527,"column":2},"end":{"line":529,"column":3}},"line":527},"48":{"name":"get appName","decl":{"start":{"line":532,"column":2},"end":{"line":534,"column":3}},"loc":{"start":{"line":532,"column":2},"end":{"line":534,"column":3}},"line":532},"49":{"name":"get appSpec","decl":{"start":{"line":537,"column":2},"end":{"line":539,"column":3}},"loc":{"start":{"line":537,"column":2},"end":{"line":539,"column":3}},"line":537},"50":{"name":"get algorand","decl":{"start":{"line":542,"column":2},"end":{"line":544,"column":3}},"loc":{"start":{"line":542,"column":2},"end":{"line":544,"column":3}},"line":542},"51":{"name":"clone","decl":{"start":{"line":840,"column":9},"end":{"line":842,"column":3}},"loc":{"start":{"line":840,"column":9},"end":{"line":842,"column":3}},"line":840},"52":{"name":"readLocalState","decl":{"start":{"line":854,"column":2},"end":{"line":857,"column":3}},"loc":{"start":{"line":854,"column":2},"end":{"line":857,"column":3}},"line":854},"53":{"name":"newGroup","decl":{"start":{"line":911,"column":9},"end":{"line":998,"column":3}},"loc":{"start":{"line":911,"column":9},"end":{"line":998,"column":3}},"line":911},"54":{"name":"readLocalState","decl":{"start":{"line":920,"column":6},"end":{"line":924,"column":8}},"loc":{"start":{"line":920,"column":6},"end":{"line":924,"column":8}},"line":920},"55":{"name":"writeLocalState","decl":{"start":{"line":928,"column":6},"end":{"line":932,"column":8}},"loc":{"start":{"line":928,"column":6},"end":{"line":932,"column":8}},"line":928},"56":{"name":"writeDynamicLocalState","decl":{"start":{"line":936,"column":6},"end":{"line":940,"column":8}},"loc":{"start":{"line":936,"column":6},"end":{"line":940,"column":8}},"line":936},"57":{"name":"readDynamicLocalState","decl":{"start":{"line":944,"column":6},"end":{"line":948,"column":8}},"loc":{"start":{"line":944,"column":6},"end":{"line":948,"column":8}},"line":944},"58":{"name":"clearLocalState","decl":{"start":{"line":952,"column":6},"end":{"line":956,"column":8}},"loc":{"start":{"line":952,"column":6},"end":{"line":956,"column":8}},"line":952},"59":{"name":"get optIn","decl":{"start":{"line":957,"column":6},"end":{"line":965,"column":8}},"loc":{"start":{"line":957,"column":6},"end":{"line":965,"column":8}},"line":957},"60":{"name":"optInToApplication","decl":{"start":{"line":959,"column":30},"end":{"line":963,"column":12}},"loc":{"start":{"line":959,"column":30},"end":{"line":963,"column":12}},"line":959},"61":{"name":"clearState","decl":{"start":{"line":969,"column":6},"end":{"line":972,"column":8}},"loc":{"start":{"line":969,"column":6},"end":{"line":972,"column":8}},"line":969},"62":{"name":"addTransaction","decl":{"start":{"line":973,"column":6},"end":{"line":976,"column":8}},"loc":{"start":{"line":973,"column":6},"end":{"line":976,"column":8}},"line":973},"63":{"name":"composer","decl":{"start":{"line":977,"column":6},"end":{"line":980,"column":8}},"loc":{"start":{"line":977,"column":6},"end":{"line":980,"column":8}},"line":977},"64":{"name":"simulate","decl":{"start":{"line":981,"column":6},"end":{"line":988,"column":8}},"loc":{"start":{"line":981,"column":6},"end":{"line":988,"column":8}},"line":981},"65":{"name":"send","decl":{"start":{"line":989,"column":6},"end":{"line":996,"column":7}},"loc":{"start":{"line":989,"column":6},"end":{"line":996,"column":7}},"line":989}},"f":{"0":0,"1":0,"2":0,"3":5,"4":5,"5":4,"6":2,"7":1,"8":1,"9":1,"10":5,"11":0,"12":0,"13":0,"14":0,"15":0,"16":0,"17":0,"18":0,"19":5,"20":5,"21":5,"22":0,"23":4,"24":2,"25":1,"26":1,"27":1,"28":0,"29":0,"30":0,"31":0,"32":0,"33":0,"34":0,"35":0,"36":0,"37":0,"38":0,"39":0,"40":0,"41":0,"42":0,"43":5,"44":0,"45":0,"46":0,"47":0,"48":0,"49":0,"50":12,"51":0,"52":0,"53":12,"54":4,"55":2,"56":1,"57":1,"58":1,"59":5,"60":5,"61":0,"62":0,"63":0,"64":5,"65":7}}
,"/Users/gabe.algo/Code/devportal-code-examples/projects/typescript-examples/utils/getOperationMessage.ts": {"path":"/Users/gabe.algo/Code/devportal-code-examples/projects/typescript-examples/utils/getOperationMessage.ts","all":true,"statementMap":{"0":{"start":{"line":1,"column":0},"end":{"line":1,"column":96}},"1":{"start":{"line":2,"column":0},"end":{"line":2,"column":22}},"2":{"start":{"line":3,"column":0},"end":{"line":3,"column":18}},"3":{"start":{"line":4,"column":0},"end":{"line":4,"column":57}},"4":{"start":{"line":5,"column":0},"end":{"line":5,"column":18}},"5":{"start":{"line":6,"column":0},"end":{"line":6,"column":51}},"6":{"start":{"line":7,"column":0},"end":{"line":7,"column":19}},"7":{"start":{"line":8,"column":0},"end":{"line":8,"column":53}},"8":{"start":{"line":9,"column":0},"end":{"line":9,"column":19}},"9":{"start":{"line":10,"column":0},"end":{"line":10,"column":64}},"10":{"start":{"line":11,"column":0},"end":{"line":11,"column":3}},"11":{"start":{"line":12,"column":0},"end":{"line":12,"column":1}}},"s":{"0":0,"1":0,"2":0,"3":0,"4":0,"5":0,"6":0,"7":0,"8":0,"9":0,"10":0,"11":0},"branchMap":{"0":{"type":"branch","line":1,"loc":{"start":{"line":1,"column":432},"end":{"line":12,"column":1}},"locations":[{"start":{"line":1,"column":432},"end":{"line":12,"column":1}}]}},"b":{"0":[0]},"fnMap":{"0":{"name":"(empty-report)","decl":{"start":{"line":1,"column":432},"end":{"line":12,"column":1}},"loc":{"start":{"line":1,"column":432},"end":{"line":12,"column":1}},"line":1}},"f":{"0":0}}
,"/Users/gabe.algo/Code/devportal-code-examples/projects/typescript-examples/utils/index.ts": {"path":"/Users/gabe.algo/Code/devportal-code-examples/projects/typescript-examples/utils/index.ts","all":true,"statementMap":{"0":{"start":{"line":1,"column":0},"end":{"line":1,"column":37}}},"s":{"0":0},"branchMap":{"0":{"type":"branch","line":1,"loc":{"start":{"line":1,"column":0},"end":{"line":1,"column":14}},"locations":[{"start":{"line":1,"column":0},"end":{"line":1,"column":14}}]}},"b":{"0":[0]},"fnMap":{"0":{"name":"(empty-report)","decl":{"start":{"line":1,"column":0},"end":{"line":1,"column":14}},"loc":{"start":{"line":1,"column":0},"end":{"line":1,"column":14}},"line":1}},"f":{"0":0}}
}
