{"/Users/gabe.algo/Code/devportal-code-examples/projects/typescript-examples/algokit-utils-ts/setup-localnet-environment.ts": {"path":"/Users/gabe.algo/Code/devportal-code-examples/projects/typescript-examples/algokit-utils-ts/setup-localnet-environment.ts","all":true,"statementMap":{"0":{"start":{"line":1,"column":0},"end":{"line":1,"column":72}},"19":{"start":{"line":20,"column":0},"end":{"line":20,"column":59}},"28":{"start":{"line":29,"column":0},"end":{"line":29,"column":51}},"30":{"start":{"line":31,"column":0},"end":{"line":31,"column":62}},"33":{"start":{"line":34,"column":0},"end":{"line":34,"column":83}},"36":{"start":{"line":37,"column":0},"end":{"line":37,"column":113}},"38":{"start":{"line":39,"column":0},"end":{"line":39,"column":89}},"40":{"start":{"line":41,"column":0},"end":{"line":41,"column":10}},"41":{"start":{"line":42,"column":0},"end":{"line":42,"column":13}},"42":{"start":{"line":43,"column":0},"end":{"line":43,"column":14}},"43":{"start":{"line":44,"column":0},"end":{"line":44,"column":19}},"44":{"start":{"line":45,"column":0},"end":{"line":45,"column":19}},"45":{"start":{"line":46,"column":0},"end":{"line":46,"column":19}},"46":{"start":{"line":47,"column":0},"end":{"line":47,"column":19}},"48":{"start":{"line":49,"column":0},"end":{"line":49,"column":1}}},"s":{"0":0,"19":0,"28":0,"30":0,"33":0,"36":0,"38":0,"40":0,"41":0,"42":0,"43":0,"44":0,"45":0,"46":0,"48":0},"branchMap":{"0":{"type":"branch","line":1,"loc":{"start":{"line":1,"column":1558},"end":{"line":49,"column":1}},"locations":[{"start":{"line":1,"column":1558},"end":{"line":49,"column":1}}]}},"b":{"0":[0]},"fnMap":{"0":{"name":"(empty-report)","decl":{"start":{"line":1,"column":1558},"end":{"line":49,"column":1}},"loc":{"start":{"line":1,"column":1558},"end":{"line":49,"column":1}},"line":1}},"f":{"0":0}}
,"/Users/gabe.algo/Code/devportal-code-examples/projects/typescript-examples/algokit-utils-ts/accounts/creating-accounts.ts": {"path":"/Users/gabe.algo/Code/devportal-code-examples/projects/typescript-examples/algokit-utils-ts/accounts/creating-accounts.ts","all":true,"statementMap":{"0":{"start":{"line":1,"column":0},"end":{"line":1,"column":54}},"1":{"start":{"line":2,"column":0},"end":{"line":2,"column":88}},"3":{"start":{"line":4,"column":0},"end":{"line":4,"column":35}},"4":{"start":{"line":5,"column":0},"end":{"line":5,"column":55}},"11":{"start":{"line":12,"column":0},"end":{"line":12,"column":49}},"12":{"start":{"line":13,"column":0},"end":{"line":13,"column":50}},"13":{"start":{"line":14,"column":0},"end":{"line":14,"column":50}},"22":{"start":{"line":23,"column":0},"end":{"line":23,"column":79}},"30":{"start":{"line":31,"column":0},"end":{"line":31,"column":76}},"38":{"start":{"line":39,"column":0},"end":{"line":39,"column":61}},"45":{"start":{"line":46,"column":0},"end":{"line":46,"column":68}},"50":{"start":{"line":51,"column":0},"end":{"line":51,"column":88}},"52":{"start":{"line":53,"column":0},"end":{"line":53,"column":1}},"54":{"start":{"line":55,"column":0},"end":{"line":55,"column":18}}},"s":{"0":0,"1":0,"3":0,"4":0,"11":0,"12":0,"13":0,"22":0,"30":0,"38":0,"45":0,"50":0,"52":0,"54":0},"branchMap":{"0":{"type":"branch","line":1,"loc":{"start":{"line":1,"column":1810},"end":{"line":55,"column":18}},"locations":[{"start":{"line":1,"column":1810},"end":{"line":55,"column":18}}]}},"b":{"0":[0]},"fnMap":{"0":{"name":"(empty-report)","decl":{"start":{"line":1,"column":1810},"end":{"line":55,"column":18}},"loc":{"start":{"line":1,"column":1810},"end":{"line":55,"column":18}},"line":1}},"f":{"0":0}}
,"/Users/gabe.algo/Code/devportal-code-examples/projects/typescript-examples/algokit-utils-ts/accounts/funding-accounts.ts": {"path":"/Users/gabe.algo/Code/devportal-code-examples/projects/typescript-examples/algokit-utils-ts/accounts/funding-accounts.ts","all":true,"statementMap":{"0":{"start":{"line":1,"column":0},"end":{"line":1,"column":54}},"1":{"start":{"line":2,"column":0},"end":{"line":2,"column":72}},"3":{"start":{"line":4,"column":0},"end":{"line":4,"column":34}},"5":{"start":{"line":6,"column":0},"end":{"line":6,"column":51}},"11":{"start":{"line":12,"column":0},"end":{"line":12,"column":70}},"18":{"start":{"line":19,"column":0},"end":{"line":19,"column":80}},"26":{"start":{"line":27,"column":0},"end":{"line":27,"column":83}},"34":{"start":{"line":35,"column":0},"end":{"line":35,"column":79}},"43":{"start":{"line":44,"column":0},"end":{"line":44,"column":78}},"44":{"start":{"line":45,"column":0},"end":{"line":45,"column":104}},"51":{"start":{"line":52,"column":0},"end":{"line":52,"column":79}},"52":{"start":{"line":53,"column":0},"end":{"line":53,"column":58}},"54":{"start":{"line":55,"column":0},"end":{"line":55,"column":1}},"56":{"start":{"line":57,"column":0},"end":{"line":57,"column":17}}},"s":{"0":0,"1":0,"3":0,"5":0,"11":0,"18":0,"26":0,"34":0,"43":0,"44":0,"51":0,"52":0,"54":0,"56":0},"branchMap":{"0":{"type":"branch","line":1,"loc":{"start":{"line":1,"column":2063},"end":{"line":57,"column":17}},"locations":[{"start":{"line":1,"column":2063},"end":{"line":57,"column":17}}]}},"b":{"0":[0]},"fnMap":{"0":{"name":"(empty-report)","decl":{"start":{"line":1,"column":2063},"end":{"line":57,"column":17}},"loc":{"start":{"line":1,"column":2063},"end":{"line":57,"column":17}},"line":1}},"f":{"0":0}}
,"/Users/gabe.algo/Code/devportal-code-examples/projects/typescript-examples/algokit-utils-ts/accounts/keys-and-signing.ts": {"path":"/Users/gabe.algo/Code/devportal-code-examples/projects/typescript-examples/algokit-utils-ts/accounts/keys-and-signing.ts","all":true,"statementMap":{"0":{"start":{"line":1,"column":0},"end":{"line":1,"column":54}},"4":{"start":{"line":5,"column":0},"end":{"line":5,"column":40}},"5":{"start":{"line":6,"column":0},"end":{"line":6,"column":103}},"12":{"start":{"line":13,"column":0},"end":{"line":13,"column":51}},"20":{"start":{"line":21,"column":0},"end":{"line":21,"column":18}},"21":{"start":{"line":22,"column":0},"end":{"line":22,"column":41}},"22":{"start":{"line":23,"column":0},"end":{"line":23,"column":41}},"23":{"start":{"line":24,"column":0},"end":{"line":24,"column":41}},"31":{"start":{"line":32,"column":0},"end":{"line":32,"column":62}},"39":{"start":{"line":40,"column":0},"end":{"line":40,"column":70}},"41":{"start":{"line":42,"column":0},"end":{"line":42,"column":63}},"42":{"start":{"line":43,"column":0},"end":{"line":43,"column":27}},"43":{"start":{"line":44,"column":0},"end":{"line":44,"column":29}},"44":{"start":{"line":45,"column":0},"end":{"line":45,"column":20}},"45":{"start":{"line":46,"column":0},"end":{"line":46,"column":32}},"46":{"start":{"line":47,"column":0},"end":{"line":47,"column":4}},"49":{"start":{"line":50,"column":0},"end":{"line":50,"column":81}},"50":{"start":{"line":51,"column":0},"end":{"line":51,"column":23}},"53":{"start":{"line":54,"column":0},"end":{"line":54,"column":1}},"55":{"start":{"line":56,"column":0},"end":{"line":56,"column":16}}},"s":{"0":0,"4":0,"5":0,"12":0,"20":0,"21":0,"22":0,"23":0,"31":0,"39":0,"41":0,"42":0,"43":0,"44":0,"45":0,"46":0,"49":0,"50":0,"53":0,"55":0},"branchMap":{"0":{"type":"branch","line":1,"loc":{"start":{"line":1,"column":1770},"end":{"line":56,"column":16}},"locations":[{"start":{"line":1,"column":1770},"end":{"line":56,"column":16}}]}},"b":{"0":[0]},"fnMap":{"0":{"name":"(empty-report)","decl":{"start":{"line":1,"column":1770},"end":{"line":56,"column":16}},"loc":{"start":{"line":1,"column":1770},"end":{"line":56,"column":16}},"line":1}},"f":{"0":0}}
,"/Users/gabe.algo/Code/devportal-code-examples/projects/typescript-examples/algokit-utils-ts/accounts/multisignature-accounts.ts": {"path":"/Users/gabe.algo/Code/devportal-code-examples/projects/typescript-examples/algokit-utils-ts/accounts/multisignature-accounts.ts","all":true,"statementMap":{"0":{"start":{"line":1,"column":0},"end":{"line":1,"column":56}},"1":{"start":{"line":2,"column":0},"end":{"line":2,"column":88}},"3":{"start":{"line":4,"column":0},"end":{"line":4,"column":41}},"5":{"start":{"line":6,"column":0},"end":{"line":6,"column":114}},"10":{"start":{"line":11,"column":0},"end":{"line":11,"column":53}},"11":{"start":{"line":12,"column":0},"end":{"line":12,"column":90}},"12":{"start":{"line":13,"column":0},"end":{"line":13,"column":77}},"16":{"start":{"line":17,"column":0},"end":{"line":17,"column":79}},"21":{"start":{"line":22,"column":0},"end":{"line":22,"column":31}},"22":{"start":{"line":23,"column":0},"end":{"line":23,"column":29}},"23":{"start":{"line":24,"column":0},"end":{"line":24,"column":29}},"24":{"start":{"line":25,"column":0},"end":{"line":25,"column":20}},"25":{"start":{"line":26,"column":0},"end":{"line":26,"column":4}},"27":{"start":{"line":28,"column":0},"end":{"line":28,"column":1}},"29":{"start":{"line":30,"column":0},"end":{"line":30,"column":24}}},"s":{"0":0,"1":0,"3":0,"5":0,"10":0,"11":0,"12":0,"16":0,"21":0,"22":0,"23":0,"24":0,"25":0,"27":0,"29":0},"branchMap":{"0":{"type":"branch","line":1,"loc":{"start":{"line":1,"column":1255},"end":{"line":30,"column":24}},"locations":[{"start":{"line":1,"column":1255},"end":{"line":30,"column":24}}]}},"b":{"0":[0]},"fnMap":{"0":{"name":"(empty-report)","decl":{"start":{"line":1,"column":1255},"end":{"line":30,"column":24}},"loc":{"start":{"line":1,"column":1255},"end":{"line":30,"column":24}},"line":1}},"f":{"0":0}}
,"/Users/gabe.algo/Code/devportal-code-examples/projects/typescript-examples/algokit-utils-ts/accounts/rekeying-accounts.ts": {"path":"/Users/gabe.algo/Code/devportal-code-examples/projects/typescript-examples/algokit-utils-ts/accounts/rekeying-accounts.ts","all":true,"statementMap":{"0":{"start":{"line":1,"column":0},"end":{"line":1,"column":56}},"1":{"start":{"line":2,"column":0},"end":{"line":2,"column":88}},"3":{"start":{"line":4,"column":0},"end":{"line":4,"column":35}},"4":{"start":{"line":5,"column":0},"end":{"line":5,"column":103}},"11":{"start":{"line":12,"column":0},"end":{"line":12,"column":69}},"15":{"start":{"line":16,"column":0},"end":{"line":16,"column":31}},"16":{"start":{"line":17,"column":0},"end":{"line":17,"column":27}},"17":{"start":{"line":18,"column":0},"end":{"line":18,"column":29}},"18":{"start":{"line":19,"column":0},"end":{"line":19,"column":20}},"19":{"start":{"line":20,"column":0},"end":{"line":20,"column":4}},"22":{"start":{"line":23,"column":0},"end":{"line":23,"column":1}},"24":{"start":{"line":25,"column":0},"end":{"line":25,"column":18}}},"s":{"0":0,"1":0,"3":0,"4":0,"11":0,"15":0,"16":0,"17":0,"18":0,"19":0,"22":0,"24":0},"branchMap":{"0":{"type":"branch","line":1,"loc":{"start":{"line":1,"column":826},"end":{"line":25,"column":18}},"locations":[{"start":{"line":1,"column":826},"end":{"line":25,"column":18}}]}},"b":{"0":[0]},"fnMap":{"0":{"name":"(empty-report)","decl":{"start":{"line":1,"column":826},"end":{"line":25,"column":18}},"loc":{"start":{"line":1,"column":826},"end":{"line":25,"column":18}},"line":1}},"f":{"0":0}}
,"/Users/gabe.algo/Code/devportal-code-examples/projects/typescript-examples/algokit-utils-ts/transactions/atomic-transaction-groups.ts": {"path":"/Users/gabe.algo/Code/devportal-code-examples/projects/typescript-examples/algokit-utils-ts/transactions/atomic-transaction-groups.ts","all":true,"statementMap":{"0":{"start":{"line":1,"column":0},"end":{"line":1,"column":56}},"1":{"start":{"line":2,"column":0},"end":{"line":2,"column":88}},"3":{"start":{"line":4,"column":0},"end":{"line":4,"column":42}},"4":{"start":{"line":5,"column":0},"end":{"line":5,"column":103}},"9":{"start":{"line":10,"column":0},"end":{"line":10,"column":16}},"10":{"start":{"line":11,"column":0},"end":{"line":11,"column":15}},"12":{"start":{"line":13,"column":0},"end":{"line":13,"column":17}},"13":{"start":{"line":14,"column":0},"end":{"line":14,"column":29}},"14":{"start":{"line":15,"column":0},"end":{"line":15,"column":31}},"15":{"start":{"line":16,"column":0},"end":{"line":16,"column":22}},"16":{"start":{"line":17,"column":0},"end":{"line":17,"column":44}},"17":{"start":{"line":18,"column":0},"end":{"line":18,"column":6}},"19":{"start":{"line":20,"column":0},"end":{"line":20,"column":17}},"20":{"start":{"line":21,"column":0},"end":{"line":21,"column":29}},"21":{"start":{"line":22,"column":0},"end":{"line":22,"column":31}},"22":{"start":{"line":23,"column":0},"end":{"line":23,"column":67}},"23":{"start":{"line":24,"column":0},"end":{"line":24,"column":45}},"24":{"start":{"line":25,"column":0},"end":{"line":25,"column":6}},"26":{"start":{"line":27,"column":0},"end":{"line":27,"column":11}},"32":{"start":{"line":33,"column":0},"end":{"line":33,"column":24}},"33":{"start":{"line":34,"column":0},"end":{"line":34,"column":15}},"34":{"start":{"line":35,"column":0},"end":{"line":35,"column":17}},"35":{"start":{"line":36,"column":0},"end":{"line":36,"column":29}},"36":{"start":{"line":37,"column":0},"end":{"line":37,"column":31}},"37":{"start":{"line":38,"column":0},"end":{"line":38,"column":22}},"38":{"start":{"line":39,"column":0},"end":{"line":39,"column":6}},"39":{"start":{"line":40,"column":0},"end":{"line":40,"column":17}},"40":{"start":{"line":41,"column":0},"end":{"line":41,"column":29}},"41":{"start":{"line":42,"column":0},"end":{"line":42,"column":31}},"42":{"start":{"line":43,"column":0},"end":{"line":43,"column":24}},"43":{"start":{"line":44,"column":0},"end":{"line":44,"column":6}},"50":{"start":{"line":51,"column":0},"end":{"line":51,"column":47}},"51":{"start":{"line":52,"column":0},"end":{"line":52,"column":63}},"53":{"start":{"line":54,"column":0},"end":{"line":54,"column":38}},"54":{"start":{"line":55,"column":0},"end":{"line":55,"column":53}},"55":{"start":{"line":56,"column":0},"end":{"line":56,"column":38}},"56":{"start":{"line":57,"column":0},"end":{"line":57,"column":45}},"57":{"start":{"line":58,"column":0},"end":{"line":58,"column":4}},"60":{"start":{"line":61,"column":0},"end":{"line":61,"column":20}},"62":{"start":{"line":63,"column":0},"end":{"line":63,"column":1}},"64":{"start":{"line":65,"column":0},"end":{"line":65,"column":25}}},"s":{"0":0,"1":0,"3":0,"4":0,"9":0,"10":0,"12":0,"13":0,"14":0,"15":0,"16":0,"17":0,"19":0,"20":0,"21":0,"22":0,"23":0,"24":0,"26":0,"32":0,"33":0,"34":0,"35":0,"36":0,"37":0,"38":0,"39":0,"40":0,"41":0,"42":0,"43":0,"50":0,"51":0,"53":0,"54":0,"55":0,"56":0,"57":0,"60":0,"62":0,"64":0},"branchMap":{"0":{"type":"branch","line":1,"loc":{"start":{"line":1,"column":2025},"end":{"line":65,"column":25}},"locations":[{"start":{"line":1,"column":2025},"end":{"line":65,"column":25}}]}},"b":{"0":[0]},"fnMap":{"0":{"name":"(empty-report)","decl":{"start":{"line":1,"column":2025},"end":{"line":65,"column":25}},"loc":{"start":{"line":1,"column":2025},"end":{"line":65,"column":25}},"line":1}},"f":{"0":0}}
,"/Users/gabe.algo/Code/devportal-code-examples/projects/typescript-examples/algokit-utils-ts/transactions/leases.ts": {"path":"/Users/gabe.algo/Code/devportal-code-examples/projects/typescript-examples/algokit-utils-ts/transactions/leases.ts","all":true,"statementMap":{"0":{"start":{"line":1,"column":0},"end":{"line":1,"column":56}},"1":{"start":{"line":2,"column":0},"end":{"line":2,"column":88}},"3":{"start":{"line":4,"column":0},"end":{"line":4,"column":25}},"4":{"start":{"line":5,"column":0},"end":{"line":5,"column":103}},"8":{"start":{"line":9,"column":0},"end":{"line":9,"column":57}},"13":{"start":{"line":14,"column":0},"end":{"line":14,"column":31}},"14":{"start":{"line":15,"column":0},"end":{"line":15,"column":27}},"15":{"start":{"line":16,"column":0},"end":{"line":16,"column":29}},"16":{"start":{"line":17,"column":0},"end":{"line":17,"column":20}},"17":{"start":{"line":18,"column":0},"end":{"line":18,"column":17}},"19":{"start":{"line":20,"column":0},"end":{"line":20,"column":67}},"20":{"start":{"line":21,"column":0},"end":{"line":21,"column":4}},"24":{"start":{"line":25,"column":0},"end":{"line":25,"column":7}},"25":{"start":{"line":26,"column":0},"end":{"line":26,"column":33}},"26":{"start":{"line":27,"column":0},"end":{"line":27,"column":65}},"27":{"start":{"line":28,"column":0},"end":{"line":28,"column":31}},"28":{"start":{"line":29,"column":0},"end":{"line":29,"column":23}},"29":{"start":{"line":30,"column":0},"end":{"line":30,"column":19}},"30":{"start":{"line":31,"column":0},"end":{"line":31,"column":81}},"31":{"start":{"line":32,"column":0},"end":{"line":32,"column":6}},"32":{"start":{"line":33,"column":0},"end":{"line":33,"column":20}},"33":{"start":{"line":34,"column":0},"end":{"line":34,"column":59}},"34":{"start":{"line":35,"column":0},"end":{"line":35,"column":3}},"36":{"start":{"line":37,"column":0},"end":{"line":37,"column":1}},"38":{"start":{"line":39,"column":0},"end":{"line":39,"column":8}}},"s":{"0":0,"1":0,"3":0,"4":0,"8":0,"13":0,"14":0,"15":0,"16":0,"17":0,"19":0,"20":0,"24":0,"25":0,"26":0,"27":0,"28":0,"29":0,"30":0,"31":0,"32":0,"33":0,"34":0,"36":0,"38":0},"branchMap":{"0":{"type":"branch","line":1,"loc":{"start":{"line":1,"column":1406},"end":{"line":39,"column":8}},"locations":[{"start":{"line":1,"column":1406},"end":{"line":39,"column":8}}]}},"b":{"0":[0]},"fnMap":{"0":{"name":"(empty-report)","decl":{"start":{"line":1,"column":1406},"end":{"line":39,"column":8}},"loc":{"start":{"line":1,"column":1406},"end":{"line":39,"column":8}},"line":1}},"f":{"0":0}}
,"/Users/gabe.algo/Code/devportal-code-examples/projects/typescript-examples/algokit-utils-ts/transactions/signing-transactions.ts": {"path":"/Users/gabe.algo/Code/devportal-code-examples/projects/typescript-examples/algokit-utils-ts/transactions/signing-transactions.ts","all":true,"statementMap":{"0":{"start":{"line":1,"column":0},"end":{"line":1,"column":56}},"1":{"start":{"line":2,"column":0},"end":{"line":2,"column":88}},"3":{"start":{"line":4,"column":0},"end":{"line":4,"column":38}},"4":{"start":{"line":5,"column":0},"end":{"line":5,"column":87}},"9":{"start":{"line":10,"column":0},"end":{"line":10,"column":51}},"12":{"start":{"line":13,"column":0},"end":{"line":13,"column":92}},"16":{"start":{"line":17,"column":0},"end":{"line":17,"column":31}},"17":{"start":{"line":18,"column":0},"end":{"line":18,"column":27}},"18":{"start":{"line":19,"column":0},"end":{"line":19,"column":29}},"19":{"start":{"line":20,"column":0},"end":{"line":20,"column":20}},"20":{"start":{"line":21,"column":0},"end":{"line":21,"column":4}},"26":{"start":{"line":27,"column":0},"end":{"line":27,"column":16}},"27":{"start":{"line":28,"column":0},"end":{"line":28,"column":15}},"28":{"start":{"line":29,"column":0},"end":{"line":29,"column":17}},"29":{"start":{"line":30,"column":0},"end":{"line":30,"column":29}},"30":{"start":{"line":31,"column":0},"end":{"line":31,"column":31}},"31":{"start":{"line":32,"column":0},"end":{"line":32,"column":22}},"32":{"start":{"line":33,"column":0},"end":{"line":33,"column":6}},"33":{"start":{"line":34,"column":0},"end":{"line":34,"column":17}},"34":{"start":{"line":35,"column":0},"end":{"line":35,"column":29}},"35":{"start":{"line":36,"column":0},"end":{"line":36,"column":31}},"36":{"start":{"line":37,"column":0},"end":{"line":37,"column":24}},"37":{"start":{"line":38,"column":0},"end":{"line":38,"column":6}},"38":{"start":{"line":39,"column":0},"end":{"line":39,"column":11}},"40":{"start":{"line":41,"column":0},"end":{"line":41,"column":1}},"42":{"start":{"line":43,"column":0},"end":{"line":43,"column":21}}},"s":{"0":0,"1":0,"3":0,"4":0,"9":0,"12":0,"16":0,"17":0,"18":0,"19":0,"20":0,"26":0,"27":0,"28":0,"29":0,"30":0,"31":0,"32":0,"33":0,"34":0,"35":0,"36":0,"37":0,"38":0,"40":0,"42":0},"branchMap":{"0":{"type":"branch","line":1,"loc":{"start":{"line":1,"column":1408},"end":{"line":43,"column":21}},"locations":[{"start":{"line":1,"column":1408},"end":{"line":43,"column":21}}]}},"b":{"0":[0]},"fnMap":{"0":{"name":"(empty-report)","decl":{"start":{"line":1,"column":1408},"end":{"line":43,"column":21}},"loc":{"start":{"line":1,"column":1408},"end":{"line":43,"column":21}},"line":1}},"f":{"0":0}}
,"/Users/gabe.algo/Code/devportal-code-examples/projects/typescript-examples/algokit-utils-ts/transactions/transacton-types.ts": {"path":"/Users/gabe.algo/Code/devportal-code-examples/projects/typescript-examples/algokit-utils-ts/transactions/transacton-types.ts","all":true,"statementMap":{"0":{"start":{"line":1,"column":0},"end":{"line":1,"column":56}},"1":{"start":{"line":2,"column":0},"end":{"line":2,"column":88}},"3":{"start":{"line":4,"column":0},"end":{"line":4,"column":42}},"4":{"start":{"line":5,"column":0},"end":{"line":5,"column":87}},"7":{"start":{"line":8,"column":0},"end":{"line":8,"column":44}},"8":{"start":{"line":9,"column":0},"end":{"line":9,"column":81}},"9":{"start":{"line":10,"column":0},"end":{"line":10,"column":86}},"10":{"start":{"line":11,"column":0},"end":{"line":11,"column":38}},"11":{"start":{"line":12,"column":0},"end":{"line":12,"column":4}},"13":{"start":{"line":14,"column":0},"end":{"line":14,"column":1}},"15":{"start":{"line":16,"column":0},"end":{"line":16,"column":25}},"17":{"start":{"line":18,"column":0},"end":{"line":18,"column":40}},"18":{"start":{"line":19,"column":0},"end":{"line":19,"column":87}},"21":{"start":{"line":22,"column":0},"end":{"line":22,"column":48}},"22":{"start":{"line":23,"column":0},"end":{"line":23,"column":63}},"23":{"start":{"line":24,"column":0},"end":{"line":24,"column":74}},"24":{"start":{"line":25,"column":0},"end":{"line":25,"column":70}},"25":{"start":{"line":26,"column":0},"end":{"line":26,"column":89}},"26":{"start":{"line":27,"column":0},"end":{"line":27,"column":4}},"30":{"start":{"line":31,"column":0},"end":{"line":31,"column":48}},"31":{"start":{"line":32,"column":0},"end":{"line":32,"column":62}},"32":{"start":{"line":33,"column":0},"end":{"line":33,"column":52}},"33":{"start":{"line":34,"column":0},"end":{"line":34,"column":73}},"34":{"start":{"line":35,"column":0},"end":{"line":35,"column":4}},"38":{"start":{"line":39,"column":0},"end":{"line":39,"column":50}},"39":{"start":{"line":40,"column":0},"end":{"line":40,"column":56}},"40":{"start":{"line":41,"column":0},"end":{"line":41,"column":60}},"41":{"start":{"line":42,"column":0},"end":{"line":42,"column":49}},"42":{"start":{"line":43,"column":0},"end":{"line":43,"column":53}},"43":{"start":{"line":44,"column":0},"end":{"line":44,"column":4}},"47":{"start":{"line":48,"column":0},"end":{"line":48,"column":48}},"48":{"start":{"line":49,"column":0},"end":{"line":49,"column":57}},"49":{"start":{"line":50,"column":0},"end":{"line":50,"column":56}},"50":{"start":{"line":51,"column":0},"end":{"line":51,"column":58}},"51":{"start":{"line":52,"column":0},"end":{"line":52,"column":56}},"52":{"start":{"line":53,"column":0},"end":{"line":53,"column":4}},"56":{"start":{"line":57,"column":0},"end":{"line":57,"column":49}},"57":{"start":{"line":58,"column":0},"end":{"line":58,"column":56}},"58":{"start":{"line":59,"column":0},"end":{"line":59,"column":48}},"59":{"start":{"line":60,"column":0},"end":{"line":60,"column":4}},"63":{"start":{"line":64,"column":0},"end":{"line":64,"column":47}},"64":{"start":{"line":65,"column":0},"end":{"line":65,"column":70}},"65":{"start":{"line":66,"column":0},"end":{"line":66,"column":49}},"66":{"start":{"line":67,"column":0},"end":{"line":67,"column":4}},"70":{"start":{"line":71,"column":0},"end":{"line":71,"column":48}},"71":{"start":{"line":72,"column":0},"end":{"line":72,"column":161}},"72":{"start":{"line":73,"column":0},"end":{"line":73,"column":82}},"73":{"start":{"line":74,"column":0},"end":{"line":74,"column":64}},"74":{"start":{"line":75,"column":0},"end":{"line":75,"column":4}},"76":{"start":{"line":77,"column":0},"end":{"line":77,"column":1}},"78":{"start":{"line":79,"column":0},"end":{"line":79,"column":23}},"80":{"start":{"line":81,"column":0},"end":{"line":81,"column":46}},"81":{"start":{"line":82,"column":0},"end":{"line":82,"column":71}},"84":{"start":{"line":85,"column":0},"end":{"line":85,"column":23}},"91":{"start":{"line":92,"column":0},"end":{"line":92,"column":48}},"92":{"start":{"line":93,"column":0},"end":{"line":93,"column":57}},"93":{"start":{"line":94,"column":0},"end":{"line":94,"column":79}},"94":{"start":{"line":95,"column":0},"end":{"line":95,"column":77}},"95":{"start":{"line":96,"column":0},"end":{"line":96,"column":4}},"97":{"start":{"line":98,"column":0},"end":{"line":98,"column":60}},"101":{"start":{"line":102,"column":0},"end":{"line":102,"column":43}},"102":{"start":{"line":103,"column":0},"end":{"line":103,"column":70}},"103":{"start":{"line":104,"column":0},"end":{"line":104,"column":67}},"105":{"start":{"line":106,"column":0},"end":{"line":106,"column":33}},"106":{"start":{"line":107,"column":0},"end":{"line":107,"column":27}},"107":{"start":{"line":108,"column":0},"end":{"line":108,"column":84}},"108":{"start":{"line":109,"column":0},"end":{"line":109,"column":83}},"109":{"start":{"line":110,"column":0},"end":{"line":110,"column":4}},"112":{"start":{"line":113,"column":0},"end":{"line":113,"column":46}},"113":{"start":{"line":114,"column":0},"end":{"line":114,"column":62}},"114":{"start":{"line":115,"column":0},"end":{"line":115,"column":43}},"115":{"start":{"line":116,"column":0},"end":{"line":116,"column":68}},"116":{"start":{"line":117,"column":0},"end":{"line":117,"column":73}},"117":{"start":{"line":118,"column":0},"end":{"line":118,"column":4}},"121":{"start":{"line":122,"column":0},"end":{"line":122,"column":44}},"122":{"start":{"line":123,"column":0},"end":{"line":123,"column":82}},"123":{"start":{"line":124,"column":0},"end":{"line":124,"column":81}},"124":{"start":{"line":125,"column":0},"end":{"line":125,"column":4}},"128":{"start":{"line":129,"column":0},"end":{"line":129,"column":46}},"129":{"start":{"line":130,"column":0},"end":{"line":130,"column":82}},"130":{"start":{"line":131,"column":0},"end":{"line":131,"column":81}},"131":{"start":{"line":132,"column":0},"end":{"line":132,"column":4}},"133":{"start":{"line":134,"column":0},"end":{"line":134,"column":1}},"135":{"start":{"line":136,"column":0},"end":{"line":136,"column":29}},"137":{"start":{"line":138,"column":0},"end":{"line":138,"column":50}},"138":{"start":{"line":139,"column":0},"end":{"line":139,"column":71}},"141":{"start":{"line":142,"column":0},"end":{"line":142,"column":58}},"142":{"start":{"line":143,"column":0},"end":{"line":143,"column":81}},"143":{"start":{"line":144,"column":0},"end":{"line":144,"column":67}},"144":{"start":{"line":145,"column":0},"end":{"line":145,"column":57}},"145":{"start":{"line":146,"column":0},"end":{"line":146,"column":148}},"146":{"start":{"line":147,"column":0},"end":{"line":147,"column":145}},"147":{"start":{"line":148,"column":0},"end":{"line":148,"column":164}},"148":{"start":{"line":149,"column":0},"end":{"line":149,"column":4}},"152":{"start":{"line":153,"column":0},"end":{"line":153,"column":59}},"153":{"start":{"line":154,"column":0},"end":{"line":154,"column":81}},"154":{"start":{"line":155,"column":0},"end":{"line":155,"column":4}},"156":{"start":{"line":157,"column":0},"end":{"line":157,"column":1}},"158":{"start":{"line":159,"column":0},"end":{"line":159,"column":33}}},"s":{"0":0,"1":0,"3":0,"4":0,"7":0,"8":0,"9":0,"10":0,"11":0,"13":0,"15":0,"17":0,"18":0,"21":0,"22":0,"23":0,"24":0,"25":0,"26":0,"30":0,"31":0,"32":0,"33":0,"34":0,"38":0,"39":0,"40":0,"41":0,"42":0,"43":0,"47":0,"48":0,"49":0,"50":0,"51":0,"52":0,"56":0,"57":0,"58":0,"59":0,"63":0,"64":0,"65":0,"66":0,"70":0,"71":0,"72":0,"73":0,"74":0,"76":0,"78":0,"80":0,"81":0,"84":0,"91":0,"92":0,"93":0,"94":0,"95":0,"97":0,"101":0,"102":0,"103":0,"105":0,"106":0,"107":0,"108":0,"109":0,"112":0,"113":0,"114":0,"115":0,"116":0,"117":0,"121":0,"122":0,"123":0,"124":0,"128":0,"129":0,"130":0,"131":0,"133":0,"135":0,"137":0,"138":0,"141":0,"142":0,"143":0,"144":0,"145":0,"146":0,"147":0,"148":0,"152":0,"153":0,"154":0,"156":0,"158":0},"branchMap":{"0":{"type":"branch","line":1,"loc":{"start":{"line":1,"column":6515},"end":{"line":159,"column":33}},"locations":[{"start":{"line":1,"column":6515},"end":{"line":159,"column":33}}]}},"b":{"0":[0]},"fnMap":{"0":{"name":"(empty-report)","decl":{"start":{"line":1,"column":6515},"end":{"line":159,"column":33}},"loc":{"start":{"line":1,"column":6515},"end":{"line":159,"column":33}},"line":1}},"f":{"0":0}}
,"/Users/gabe.algo/Code/devportal-code-examples/projects/typescript-examples/contracts/index.ts": {"path":"/Users/gabe.algo/Code/devportal-code-examples/projects/typescript-examples/contracts/index.ts","all":true,"statementMap":{"0":{"start":{"line":1,"column":0},"end":{"line":1,"column":58}},"1":{"start":{"line":2,"column":0},"end":{"line":2,"column":84}},"2":{"start":{"line":3,"column":0},"end":{"line":3,"column":79}},"3":{"start":{"line":4,"column":0},"end":{"line":4,"column":29}},"4":{"start":{"line":5,"column":0},"end":{"line":5,"column":33}},"9":{"start":{"line":10,"column":0},"end":{"line":10,"column":18}},"10":{"start":{"line":11,"column":0},"end":{"line":11,"column":24}},"11":{"start":{"line":12,"column":0},"end":{"line":12,"column":14}},"13":{"start":{"line":14,"column":0},"end":{"line":14,"column":2}},"14":{"start":{"line":15,"column":0},"end":{"line":15,"column":28}},"17":{"start":{"line":18,"column":0},"end":{"line":18,"column":39}},"20":{"start":{"line":21,"column":0},"end":{"line":21,"column":52}},"21":{"start":{"line":22,"column":0},"end":{"line":22,"column":57}},"23":{"start":{"line":24,"column":0},"end":{"line":24,"column":83}},"24":{"start":{"line":25,"column":0},"end":{"line":25,"column":47}},"25":{"start":{"line":26,"column":0},"end":{"line":26,"column":52}},"26":{"start":{"line":27,"column":0},"end":{"line":27,"column":3}},"27":{"start":{"line":28,"column":0},"end":{"line":28,"column":13}},"28":{"start":{"line":29,"column":0},"end":{"line":29,"column":1}},"31":{"start":{"line":32,"column":0},"end":{"line":32,"column":31}},"32":{"start":{"line":33,"column":0},"end":{"line":33,"column":59}},"33":{"start":{"line":34,"column":0},"end":{"line":34,"column":64}},"35":{"start":{"line":36,"column":0},"end":{"line":36,"column":109}},"37":{"start":{"line":38,"column":0},"end":{"line":38,"column":67}},"38":{"start":{"line":39,"column":0},"end":{"line":39,"column":32}},"39":{"start":{"line":40,"column":0},"end":{"line":40,"column":3}},"41":{"start":{"line":42,"column":0},"end":{"line":42,"column":62}},"42":{"start":{"line":43,"column":0},"end":{"line":43,"column":68}},"45":{"start":{"line":46,"column":0},"end":{"line":46,"column":78}},"46":{"start":{"line":47,"column":0},"end":{"line":47,"column":100}},"47":{"start":{"line":48,"column":0},"end":{"line":48,"column":1}},"50":{"start":{"line":51,"column":0},"end":{"line":51,"column":15}},"51":{"start":{"line":52,"column":0},"end":{"line":52,"column":76}},"52":{"start":{"line":53,"column":0},"end":{"line":53,"column":48}},"54":{"start":{"line":55,"column":0},"end":{"line":55,"column":40}},"55":{"start":{"line":56,"column":0},"end":{"line":56,"column":76}},"56":{"start":{"line":57,"column":0},"end":{"line":57,"column":23}},"58":{"start":{"line":59,"column":0},"end":{"line":59,"column":55}},"59":{"start":{"line":60,"column":0},"end":{"line":60,"column":72}},"60":{"start":{"line":61,"column":0},"end":{"line":61,"column":10}},"61":{"start":{"line":62,"column":0},"end":{"line":62,"column":3}},"63":{"start":{"line":64,"column":0},"end":{"line":64,"column":45}},"64":{"start":{"line":65,"column":0},"end":{"line":65,"column":9}},"65":{"start":{"line":66,"column":0},"end":{"line":66,"column":29}},"66":{"start":{"line":67,"column":0},"end":{"line":67,"column":17}},"67":{"start":{"line":68,"column":0},"end":{"line":68,"column":59}},"68":{"start":{"line":69,"column":0},"end":{"line":69,"column":5}},"69":{"start":{"line":70,"column":0},"end":{"line":70,"column":3}},"70":{"start":{"line":71,"column":0},"end":{"line":71,"column":4}}},"s":{"0":0,"1":0,"2":0,"3":0,"4":0,"9":0,"10":0,"11":0,"13":0,"14":0,"17":0,"20":0,"21":0,"23":0,"24":0,"25":0,"26":0,"27":0,"28":0,"31":0,"32":0,"33":0,"35":0,"37":0,"38":0,"39":0,"41":0,"42":0,"45":0,"46":0,"47":0,"50":0,"51":0,"52":0,"54":0,"55":0,"56":0,"58":0,"59":0,"60":0,"61":0,"63":0,"64":0,"65":0,"66":0,"67":0,"68":0,"69":0,"70":0},"branchMap":{"0":{"type":"branch","line":1,"loc":{"start":{"line":1,"column":2682},"end":{"line":71,"column":4}},"locations":[{"start":{"line":1,"column":2682},"end":{"line":71,"column":4}}]}},"b":{"0":[0]},"fnMap":{"0":{"name":"(empty-report)","decl":{"start":{"line":1,"column":2682},"end":{"line":71,"column":4}},"loc":{"start":{"line":1,"column":2682},"end":{"line":71,"column":4}},"line":1}},"f":{"0":0}}
,"/Users/gabe.algo/Code/devportal-code-examples/projects/typescript-examples/contracts/GlobalStorage/contract.algo.ts": {"path":"/Users/gabe.algo/Code/devportal-code-examples/projects/typescript-examples/contracts/GlobalStorage/contract.algo.ts","all":true,"statementMap":{"0":{"start":{"line":1,"column":0},"end":{"line":1,"column":108}},"6":{"start":{"line":7,"column":0},"end":{"line":7,"column":33}},"7":{"start":{"line":8,"column":0},"end":{"line":8,"column":58}},"9":{"start":{"line":10,"column":0},"end":{"line":10,"column":92}},"10":{"start":{"line":11,"column":0},"end":{"line":11,"column":76}},"14":{"start":{"line":15,"column":0},"end":{"line":15,"column":89}},"15":{"start":{"line":16,"column":0},"end":{"line":16,"column":76}},"19":{"start":{"line":20,"column":0},"end":{"line":20,"column":77}},"20":{"start":{"line":21,"column":0},"end":{"line":21,"column":76}},"24":{"start":{"line":25,"column":0},"end":{"line":25,"column":45}},"28":{"start":{"line":29,"column":0},"end":{"line":29,"column":63}},"32":{"start":{"line":33,"column":0},"end":{"line":33,"column":51}},"36":{"start":{"line":37,"column":0},"end":{"line":37,"column":37}},"37":{"start":{"line":38,"column":0},"end":{"line":38,"column":44}},"38":{"start":{"line":39,"column":0},"end":{"line":39,"column":57}},"39":{"start":{"line":40,"column":0},"end":{"line":40,"column":3}},"42":{"start":{"line":43,"column":0},"end":{"line":43,"column":37}},"43":{"start":{"line":44,"column":0},"end":{"line":44,"column":46}},"44":{"start":{"line":45,"column":0},"end":{"line":45,"column":44}},"45":{"start":{"line":46,"column":0},"end":{"line":46,"column":38}},"47":{"start":{"line":48,"column":0},"end":{"line":48,"column":28}},"48":{"start":{"line":49,"column":0},"end":{"line":49,"column":3}},"51":{"start":{"line":52,"column":0},"end":{"line":52,"column":19}},"52":{"start":{"line":53,"column":0},"end":{"line":53,"column":38}},"53":{"start":{"line":54,"column":0},"end":{"line":54,"column":34}},"54":{"start":{"line":55,"column":0},"end":{"line":55,"column":3}},"58":{"start":{"line":59,"column":0},"end":{"line":59,"column":19}},"59":{"start":{"line":60,"column":0},"end":{"line":60,"column":96}},"60":{"start":{"line":61,"column":0},"end":{"line":61,"column":48}},"61":{"start":{"line":62,"column":0},"end":{"line":62,"column":58}},"63":{"start":{"line":64,"column":0},"end":{"line":64,"column":46}},"64":{"start":{"line":65,"column":0},"end":{"line":65,"column":42}},"66":{"start":{"line":67,"column":0},"end":{"line":67,"column":39}},"67":{"start":{"line":68,"column":0},"end":{"line":68,"column":49}},"68":{"start":{"line":69,"column":0},"end":{"line":69,"column":3}}},"s":{"0":0,"6":0,"7":0,"9":0,"10":0,"14":0,"15":0,"19":0,"20":0,"24":0,"28":0,"32":0,"36":0,"37":0,"38":0,"39":0,"42":0,"43":0,"44":0,"45":0,"47":0,"48":0,"51":0,"52":0,"53":0,"54":0,"58":0,"59":0,"60":0,"61":0,"63":0,"64":0,"66":0,"67":0,"68":0},"branchMap":{"0":{"type":"branch","line":1,"loc":{"start":{"line":1,"column":2659},"end":{"line":79,"column":1}},"locations":[{"start":{"line":1,"column":2659},"end":{"line":79,"column":1}}]}},"b":{"0":[0]},"fnMap":{"0":{"name":"(empty-report)","decl":{"start":{"line":1,"column":2659},"end":{"line":79,"column":1}},"loc":{"start":{"line":1,"column":2659},"end":{"line":79,"column":1}},"line":1}},"f":{"0":0}}
,"/Users/gabe.algo/Code/devportal-code-examples/projects/typescript-examples/contracts/GlobalStorage/deploy-config.ts": {"path":"/Users/gabe.algo/Code/devportal-code-examples/projects/typescript-examples/contracts/GlobalStorage/deploy-config.ts","all":true,"statementMap":{"0":{"start":{"line":1,"column":0},"end":{"line":1,"column":66}},"4":{"start":{"line":5,"column":0},"end":{"line":5,"column":32}},"5":{"start":{"line":6,"column":0},"end":{"line":6,"column":54}},"7":{"start":{"line":8,"column":0},"end":{"line":8,"column":51}},"8":{"start":{"line":9,"column":0},"end":{"line":9,"column":69}},"10":{"start":{"line":11,"column":0},"end":{"line":11,"column":76}},"11":{"start":{"line":12,"column":0},"end":{"line":12,"column":33}},"12":{"start":{"line":13,"column":0},"end":{"line":13,"column":4}},"14":{"start":{"line":15,"column":0},"end":{"line":15,"column":54}},"15":{"start":{"line":16,"column":0},"end":{"line":16,"column":23}},"16":{"start":{"line":17,"column":0},"end":{"line":17,"column":28}},"17":{"start":{"line":18,"column":0},"end":{"line":18,"column":4}},"20":{"start":{"line":21,"column":0},"end":{"line":21,"column":66}},"21":{"start":{"line":22,"column":0},"end":{"line":22,"column":33}},"22":{"start":{"line":23,"column":0},"end":{"line":23,"column":25}},"23":{"start":{"line":24,"column":0},"end":{"line":24,"column":28}},"24":{"start":{"line":25,"column":0},"end":{"line":25,"column":37}},"25":{"start":{"line":26,"column":0},"end":{"line":26,"column":6}},"26":{"start":{"line":27,"column":0},"end":{"line":27,"column":3}},"28":{"start":{"line":29,"column":0},"end":{"line":29,"column":81}},"29":{"start":{"line":30,"column":0},"end":{"line":30,"column":1}},"31":{"start":{"line":32,"column":0},"end":{"line":32,"column":8}}},"s":{"0":0,"4":0,"5":0,"7":0,"8":0,"10":0,"11":0,"12":0,"14":0,"15":0,"16":0,"17":0,"20":0,"21":0,"22":0,"23":0,"24":0,"25":0,"26":0,"28":0,"29":0,"31":0},"branchMap":{"0":{"type":"branch","line":1,"loc":{"start":{"line":1,"column":0},"end":{"line":32,"column":-22}},"locations":[{"start":{"line":1,"column":0},"end":{"line":32,"column":-22}}]}},"b":{"0":[0]},"fnMap":{"0":{"name":"(empty-report)","decl":{"start":{"line":1,"column":0},"end":{"line":32,"column":-22}},"loc":{"start":{"line":1,"column":0},"end":{"line":32,"column":-22}},"line":1}},"f":{"0":0}}
,"/Users/gabe.algo/Code/devportal-code-examples/projects/typescript-examples/contracts/HelloWorld/contract.algo.ts": {"path":"/Users/gabe.algo/Code/devportal-code-examples/projects/typescript-examples/contracts/HelloWorld/contract.algo.ts","all":false,"statementMap":{"0":{"start":{"line":1,"column":0},"end":{"line":1,"column":62}},"5":{"start":{"line":6,"column":0},"end":{"line":6,"column":51}},"10":{"start":{"line":11,"column":0},"end":{"line":11,"column":61}},"11":{"start":{"line":12,"column":0},"end":{"line":12,"column":31}},"12":{"start":{"line":13,"column":0},"end":{"line":13,"column":20}},"13":{"start":{"line":14,"column":0},"end":{"line":14,"column":3}},"19":{"start":{"line":20,"column":0},"end":{"line":20,"column":54}},"26":{"start":{"line":27,"column":0},"end":{"line":27,"column":64}},"27":{"start":{"line":28,"column":0},"end":{"line":28,"column":51}},"28":{"start":{"line":29,"column":0},"end":{"line":29,"column":17}},"29":{"start":{"line":30,"column":0},"end":{"line":30,"column":3}}},"s":{"0":1,"5":1,"10":1,"11":1,"12":1,"13":1,"19":1,"26":1,"27":1,"28":1,"29":1},"branchMap":{"0":{"type":"branch","line":12,"loc":{"start":{"line":12,"column":9},"end":{"line":14,"column":3}},"locations":[{"start":{"line":12,"column":9},"end":{"line":14,"column":3}}]},"1":{"type":"branch","line":27,"loc":{"start":{"line":27,"column":9},"end":{"line":30,"column":3}},"locations":[{"start":{"line":27,"column":9},"end":{"line":30,"column":3}}]}},"b":{"0":[1],"1":[1]},"fnMap":{"0":{"name":"has","decl":{"start":{"line":12,"column":2},"end":{"line":12,"column":9}},"loc":{"start":{"line":12,"column":2},"end":{"line":12,"column":9}},"line":12},"1":{"name":"get","decl":{"start":{"line":12,"column":2},"end":{"line":12,"column":19}},"loc":{"start":{"line":12,"column":2},"end":{"line":12,"column":19}},"line":12},"2":{"name":"sayBananas","decl":{"start":{"line":12,"column":9},"end":{"line":14,"column":3}},"loc":{"start":{"line":12,"column":9},"end":{"line":14,"column":3}},"line":12},"3":{"name":"sayHello","decl":{"start":{"line":27,"column":9},"end":{"line":30,"column":3}},"loc":{"start":{"line":27,"column":9},"end":{"line":30,"column":3}},"line":27}},"f":{"0":0,"1":0,"2":1,"3":1}}
,"/Users/gabe.algo/Code/devportal-code-examples/projects/typescript-examples/contracts/HelloWorld/deploy-config.ts": {"path":"/Users/gabe.algo/Code/devportal-code-examples/projects/typescript-examples/contracts/HelloWorld/deploy-config.ts","all":true,"statementMap":{"0":{"start":{"line":1,"column":0},"end":{"line":1,"column":66}},"4":{"start":{"line":5,"column":0},"end":{"line":5,"column":32}},"5":{"start":{"line":6,"column":0},"end":{"line":6,"column":54}},"7":{"start":{"line":8,"column":0},"end":{"line":8,"column":51}},"8":{"start":{"line":9,"column":0},"end":{"line":9,"column":69}},"10":{"start":{"line":11,"column":0},"end":{"line":11,"column":73}},"11":{"start":{"line":12,"column":0},"end":{"line":12,"column":33}},"12":{"start":{"line":13,"column":0},"end":{"line":13,"column":4}},"14":{"start":{"line":15,"column":0},"end":{"line":15,"column":54}},"15":{"start":{"line":16,"column":0},"end":{"line":16,"column":23}},"16":{"start":{"line":17,"column":0},"end":{"line":17,"column":28}},"17":{"start":{"line":18,"column":0},"end":{"line":18,"column":4}},"20":{"start":{"line":21,"column":0},"end":{"line":21,"column":66}},"21":{"start":{"line":22,"column":0},"end":{"line":22,"column":33}},"22":{"start":{"line":23,"column":0},"end":{"line":23,"column":25}},"23":{"start":{"line":24,"column":0},"end":{"line":24,"column":28}},"24":{"start":{"line":25,"column":0},"end":{"line":25,"column":37}},"25":{"start":{"line":26,"column":0},"end":{"line":26,"column":6}},"26":{"start":{"line":27,"column":0},"end":{"line":27,"column":3}},"28":{"start":{"line":29,"column":0},"end":{"line":29,"column":81}},"29":{"start":{"line":30,"column":0},"end":{"line":30,"column":1}}},"s":{"0":0,"4":0,"5":0,"7":0,"8":0,"10":0,"11":0,"12":0,"14":0,"15":0,"16":0,"17":0,"20":0,"21":0,"22":0,"23":0,"24":0,"25":0,"26":0,"28":0,"29":0},"branchMap":{"0":{"type":"branch","line":1,"loc":{"start":{"line":1,"column":0},"end":{"line":30,"column":-29}},"locations":[{"start":{"line":1,"column":0},"end":{"line":30,"column":-29}}]}},"b":{"0":[0]},"fnMap":{"0":{"name":"(empty-report)","decl":{"start":{"line":1,"column":0},"end":{"line":30,"column":-29}},"loc":{"start":{"line":1,"column":0},"end":{"line":30,"column":-29}},"line":1}},"f":{"0":0}}
,"/Users/gabe.algo/Code/devportal-code-examples/projects/typescript-examples/contracts/artifacts/clients/GlobalStorage/GlobalStorageClient.ts": {"path":"/Users/gabe.algo/Code/devportal-code-examples/projects/typescript-examples/contracts/artifacts/clients/GlobalStorage/GlobalStorageClient.ts","all":true,"statementMap":{"0":{"start":{"line":1,"column":0},"end":{"line":1,"column":20}},"26":{"start":{"line":27,"column":0},"end":{"line":27,"column":20534}},"42":{"start":{"line":43,"column":0},"end":{"line":43,"column":47}},"43":{"start":{"line":44,"column":0},"end":{"line":44,"column":55}},"45":{"start":{"line":46,"column":0},"end":{"line":46,"column":41}},"46":{"start":{"line":47,"column":0},"end":{"line":47,"column":21}},"47":{"start":{"line":48,"column":0},"end":{"line":48,"column":3}},"49":{"start":{"line":50,"column":0},"end":{"line":50,"column":34}},"50":{"start":{"line":51,"column":0},"end":{"line":51,"column":91}},"51":{"start":{"line":52,"column":0},"end":{"line":52,"column":3}},"222":{"start":{"line":223,"column":0},"end":{"line":223,"column":50}},"229":{"start":{"line":230,"column":0},"end":{"line":230,"column":213}},"230":{"start":{"line":231,"column":0},"end":{"line":231,"column":12}},"231":{"start":{"line":232,"column":0},"end":{"line":232,"column":16}},"232":{"start":{"line":233,"column":0},"end":{"line":233,"column":48}},"233":{"start":{"line":234,"column":0},"end":{"line":234,"column":58}},"235":{"start":{"line":236,"column":0},"end":{"line":236,"column":3}},"242":{"start":{"line":243,"column":0},"end":{"line":243,"column":227}},"243":{"start":{"line":244,"column":0},"end":{"line":244,"column":12}},"244":{"start":{"line":245,"column":0},"end":{"line":245,"column":16}},"245":{"start":{"line":246,"column":0},"end":{"line":246,"column":55}},"246":{"start":{"line":247,"column":0},"end":{"line":247,"column":58}},"248":{"start":{"line":249,"column":0},"end":{"line":249,"column":3}},"255":{"start":{"line":256,"column":0},"end":{"line":256,"column":252}},"256":{"start":{"line":257,"column":0},"end":{"line":257,"column":12}},"257":{"start":{"line":258,"column":0},"end":{"line":258,"column":16}},"258":{"start":{"line":259,"column":0},"end":{"line":259,"column":64}},"259":{"start":{"line":260,"column":0},"end":{"line":260,"column":58}},"261":{"start":{"line":262,"column":0},"end":{"line":262,"column":3}},"268":{"start":{"line":269,"column":0},"end":{"line":269,"column":221}},"269":{"start":{"line":270,"column":0},"end":{"line":270,"column":12}},"270":{"start":{"line":271,"column":0},"end":{"line":271,"column":16}},"271":{"start":{"line":272,"column":0},"end":{"line":272,"column":52}},"272":{"start":{"line":273,"column":0},"end":{"line":273,"column":75}},"274":{"start":{"line":275,"column":0},"end":{"line":275,"column":3}},"281":{"start":{"line":282,"column":0},"end":{"line":282,"column":264}},"282":{"start":{"line":283,"column":0},"end":{"line":283,"column":12}},"283":{"start":{"line":284,"column":0},"end":{"line":284,"column":16}},"284":{"start":{"line":285,"column":0},"end":{"line":285,"column":70}},"285":{"start":{"line":286,"column":0},"end":{"line":286,"column":127}},"287":{"start":{"line":288,"column":0},"end":{"line":288,"column":3}},"294":{"start":{"line":295,"column":0},"end":{"line":295,"column":209}},"295":{"start":{"line":296,"column":0},"end":{"line":296,"column":12}},"296":{"start":{"line":297,"column":0},"end":{"line":297,"column":16}},"297":{"start":{"line":298,"column":0},"end":{"line":298,"column":46}},"298":{"start":{"line":299,"column":0},"end":{"line":299,"column":58}},"300":{"start":{"line":301,"column":0},"end":{"line":301,"column":3}},"306":{"start":{"line":307,"column":0},"end":{"line":307,"column":35}},"317":{"start":{"line":318,"column":0},"end":{"line":318,"column":58}},"318":{"start":{"line":319,"column":0},"end":{"line":319,"column":39}},"319":{"start":{"line":320,"column":0},"end":{"line":320,"column":16}},"320":{"start":{"line":321,"column":0},"end":{"line":321,"column":24}},"321":{"start":{"line":322,"column":0},"end":{"line":322,"column":6}},"322":{"start":{"line":323,"column":0},"end":{"line":323,"column":3}},"325":{"start":{"line":326,"column":0},"end":{"line":326,"column":24}},"326":{"start":{"line":327,"column":0},"end":{"line":327,"column":34}},"327":{"start":{"line":328,"column":0},"end":{"line":328,"column":3}},"330":{"start":{"line":331,"column":0},"end":{"line":331,"column":17}},"331":{"start":{"line":332,"column":0},"end":{"line":332,"column":19}},"332":{"start":{"line":333,"column":0},"end":{"line":333,"column":3}},"335":{"start":{"line":336,"column":0},"end":{"line":336,"column":50}},"336":{"start":{"line":337,"column":0},"end":{"line":337,"column":35}},"337":{"start":{"line":338,"column":0},"end":{"line":338,"column":3}},"347":{"start":{"line":348,"column":0},"end":{"line":348,"column":62}},"348":{"start":{"line":349,"column":0},"end":{"line":349,"column":76}},"349":{"start":{"line":350,"column":0},"end":{"line":350,"column":3}},"360":{"start":{"line":361,"column":0},"end":{"line":361,"column":44}},"361":{"start":{"line":362,"column":0},"end":{"line":362,"column":61}},"363":{"start":{"line":364,"column":0},"end":{"line":364,"column":94}},"364":{"start":{"line":365,"column":0},"end":{"line":365,"column":3}},"372":{"start":{"line":373,"column":0},"end":{"line":373,"column":63}},"373":{"start":{"line":374,"column":0},"end":{"line":374,"column":49}},"374":{"start":{"line":375,"column":0},"end":{"line":375,"column":16}},"375":{"start":{"line":376,"column":0},"end":{"line":376,"column":6}},"376":{"start":{"line":377,"column":0},"end":{"line":377,"column":90}},"377":{"start":{"line":378,"column":0},"end":{"line":378,"column":3}},"382":{"start":{"line":383,"column":0},"end":{"line":383,"column":21}},"386":{"start":{"line":387,"column":0},"end":{"line":387,"column":13}},"393":{"start":{"line":394,"column":0},"end":{"line":394,"column":149}},"394":{"start":{"line":395,"column":0},"end":{"line":395,"column":57}},"395":{"start":{"line":396,"column":0},"end":{"line":396,"column":8}},"403":{"start":{"line":404,"column":0},"end":{"line":404,"column":32}},"407":{"start":{"line":408,"column":0},"end":{"line":408,"column":13}},"414":{"start":{"line":415,"column":0},"end":{"line":415,"column":149}},"415":{"start":{"line":416,"column":0},"end":{"line":416,"column":68}},"416":{"start":{"line":417,"column":0},"end":{"line":417,"column":8}},"424":{"start":{"line":425,"column":0},"end":{"line":425,"column":19}},"428":{"start":{"line":429,"column":0},"end":{"line":429,"column":13}},"435":{"start":{"line":436,"column":0},"end":{"line":436,"column":168}},"436":{"start":{"line":437,"column":0},"end":{"line":437,"column":69}},"437":{"start":{"line":438,"column":0},"end":{"line":438,"column":94}},"438":{"start":{"line":439,"column":0},"end":{"line":439,"column":8}},"447":{"start":{"line":448,"column":0},"end":{"line":448,"column":34}},"465":{"start":{"line":466,"column":0},"end":{"line":466,"column":81}},"466":{"start":{"line":467,"column":0},"end":{"line":467,"column":99}},"467":{"start":{"line":468,"column":0},"end":{"line":468,"column":27}},"468":{"start":{"line":469,"column":0},"end":{"line":469,"column":24}},"469":{"start":{"line":470,"column":0},"end":{"line":470,"column":6}},"470":{"start":{"line":471,"column":0},"end":{"line":471,"column":3}},"476":{"start":{"line":477,"column":0},"end":{"line":477,"column":134}},"477":{"start":{"line":478,"column":0},"end":{"line":478,"column":164}},"478":{"start":{"line":479,"column":0},"end":{"line":479,"column":3}},"485":{"start":{"line":486,"column":0},"end":{"line":486,"column":131}},"486":{"start":{"line":487,"column":0},"end":{"line":487,"column":103}},"487":{"start":{"line":488,"column":0},"end":{"line":488,"column":3}},"496":{"start":{"line":497,"column":0},"end":{"line":497,"column":27}},"497":{"start":{"line":498,"column":0},"end":{"line":498,"column":54}},"499":{"start":{"line":500,"column":0},"end":{"line":500,"column":96}},"500":{"start":{"line":501,"column":0},"end":{"line":501,"column":3}},"503":{"start":{"line":504,"column":0},"end":{"line":504,"column":22}},"504":{"start":{"line":505,"column":0},"end":{"line":505,"column":31}},"505":{"start":{"line":506,"column":0},"end":{"line":506,"column":3}},"508":{"start":{"line":509,"column":0},"end":{"line":509,"column":27}},"509":{"start":{"line":510,"column":0},"end":{"line":510,"column":36}},"510":{"start":{"line":511,"column":0},"end":{"line":511,"column":3}},"513":{"start":{"line":514,"column":0},"end":{"line":514,"column":24}},"514":{"start":{"line":515,"column":0},"end":{"line":515,"column":33}},"515":{"start":{"line":516,"column":0},"end":{"line":516,"column":3}},"518":{"start":{"line":519,"column":0},"end":{"line":519,"column":24}},"519":{"start":{"line":520,"column":0},"end":{"line":520,"column":33}},"520":{"start":{"line":521,"column":0},"end":{"line":521,"column":3}},"523":{"start":{"line":524,"column":0},"end":{"line":524,"column":50}},"524":{"start":{"line":525,"column":0},"end":{"line":525,"column":34}},"525":{"start":{"line":526,"column":0},"end":{"line":526,"column":3}},"530":{"start":{"line":531,"column":0},"end":{"line":531,"column":21}},"537":{"start":{"line":538,"column":0},"end":{"line":538,"column":63}},"538":{"start":{"line":539,"column":0},"end":{"line":539,"column":58}},"539":{"start":{"line":540,"column":0},"end":{"line":540,"column":6}},"549":{"start":{"line":550,"column":0},"end":{"line":550,"column":211}},"550":{"start":{"line":551,"column":0},"end":{"line":551,"column":90}},"551":{"start":{"line":552,"column":0},"end":{"line":552,"column":6}},"561":{"start":{"line":562,"column":0},"end":{"line":562,"column":225}},"562":{"start":{"line":563,"column":0},"end":{"line":563,"column":90}},"563":{"start":{"line":564,"column":0},"end":{"line":564,"column":6}},"571":{"start":{"line":572,"column":0},"end":{"line":572,"column":250}},"572":{"start":{"line":573,"column":0},"end":{"line":573,"column":97}},"573":{"start":{"line":574,"column":0},"end":{"line":574,"column":6}},"581":{"start":{"line":582,"column":0},"end":{"line":582,"column":206}},"582":{"start":{"line":583,"column":0},"end":{"line":583,"column":90}},"583":{"start":{"line":584,"column":0},"end":{"line":584,"column":6}},"591":{"start":{"line":592,"column":0},"end":{"line":592,"column":249}},"592":{"start":{"line":593,"column":0},"end":{"line":593,"column":97}},"593":{"start":{"line":594,"column":0},"end":{"line":594,"column":6}},"601":{"start":{"line":602,"column":0},"end":{"line":602,"column":207}},"602":{"start":{"line":603,"column":0},"end":{"line":603,"column":90}},"603":{"start":{"line":604,"column":0},"end":{"line":604,"column":6}},"610":{"start":{"line":611,"column":0},"end":{"line":611,"column":32}},"617":{"start":{"line":618,"column":0},"end":{"line":618,"column":63}},"618":{"start":{"line":619,"column":0},"end":{"line":619,"column":69}},"619":{"start":{"line":620,"column":0},"end":{"line":620,"column":6}},"629":{"start":{"line":630,"column":0},"end":{"line":630,"column":211}},"630":{"start":{"line":631,"column":0},"end":{"line":631,"column":101}},"631":{"start":{"line":632,"column":0},"end":{"line":632,"column":6}},"641":{"start":{"line":642,"column":0},"end":{"line":642,"column":225}},"642":{"start":{"line":643,"column":0},"end":{"line":643,"column":101}},"643":{"start":{"line":644,"column":0},"end":{"line":644,"column":6}},"651":{"start":{"line":652,"column":0},"end":{"line":652,"column":250}},"652":{"start":{"line":653,"column":0},"end":{"line":653,"column":108}},"653":{"start":{"line":654,"column":0},"end":{"line":654,"column":6}},"661":{"start":{"line":662,"column":0},"end":{"line":662,"column":206}},"662":{"start":{"line":663,"column":0},"end":{"line":663,"column":101}},"663":{"start":{"line":664,"column":0},"end":{"line":664,"column":6}},"671":{"start":{"line":672,"column":0},"end":{"line":672,"column":249}},"672":{"start":{"line":673,"column":0},"end":{"line":673,"column":108}},"673":{"start":{"line":674,"column":0},"end":{"line":674,"column":6}},"681":{"start":{"line":682,"column":0},"end":{"line":682,"column":207}},"682":{"start":{"line":683,"column":0},"end":{"line":683,"column":101}},"683":{"start":{"line":684,"column":0},"end":{"line":684,"column":6}},"690":{"start":{"line":691,"column":0},"end":{"line":691,"column":19}},"697":{"start":{"line":698,"column":0},"end":{"line":698,"column":76}},"698":{"start":{"line":699,"column":0},"end":{"line":699,"column":56}},"699":{"start":{"line":700,"column":0},"end":{"line":700,"column":6}},"709":{"start":{"line":710,"column":0},"end":{"line":710,"column":230}},"710":{"start":{"line":711,"column":0},"end":{"line":711,"column":102}},"711":{"start":{"line":712,"column":0},"end":{"line":712,"column":122}},"712":{"start":{"line":713,"column":0},"end":{"line":713,"column":6}},"722":{"start":{"line":723,"column":0},"end":{"line":723,"column":244}},"723":{"start":{"line":724,"column":0},"end":{"line":724,"column":102}},"724":{"start":{"line":725,"column":0},"end":{"line":725,"column":129}},"725":{"start":{"line":726,"column":0},"end":{"line":726,"column":6}},"733":{"start":{"line":734,"column":0},"end":{"line":734,"column":269}},"734":{"start":{"line":735,"column":0},"end":{"line":735,"column":109}},"735":{"start":{"line":736,"column":0},"end":{"line":736,"column":138}},"736":{"start":{"line":737,"column":0},"end":{"line":737,"column":6}},"744":{"start":{"line":745,"column":0},"end":{"line":745,"column":225}},"745":{"start":{"line":746,"column":0},"end":{"line":746,"column":102}},"746":{"start":{"line":747,"column":0},"end":{"line":747,"column":126}},"747":{"start":{"line":748,"column":0},"end":{"line":748,"column":6}},"755":{"start":{"line":756,"column":0},"end":{"line":756,"column":268}},"756":{"start":{"line":757,"column":0},"end":{"line":757,"column":109}},"757":{"start":{"line":758,"column":0},"end":{"line":758,"column":144}},"758":{"start":{"line":759,"column":0},"end":{"line":759,"column":6}},"766":{"start":{"line":767,"column":0},"end":{"line":767,"column":226}},"767":{"start":{"line":768,"column":0},"end":{"line":768,"column":102}},"768":{"start":{"line":769,"column":0},"end":{"line":769,"column":120}},"769":{"start":{"line":770,"column":0},"end":{"line":770,"column":6}},"779":{"start":{"line":780,"column":0},"end":{"line":780,"column":46}},"780":{"start":{"line":781,"column":0},"end":{"line":781,"column":64}},"781":{"start":{"line":782,"column":0},"end":{"line":782,"column":3}},"791":{"start":{"line":792,"column":0},"end":{"line":792,"column":164}},"792":{"start":{"line":793,"column":0},"end":{"line":793,"column":100}},"793":{"start":{"line":794,"column":0},"end":{"line":794,"column":85}},"794":{"start":{"line":795,"column":0},"end":{"line":795,"column":3}},"804":{"start":{"line":805,"column":0},"end":{"line":805,"column":178}},"805":{"start":{"line":806,"column":0},"end":{"line":806,"column":100}},"806":{"start":{"line":807,"column":0},"end":{"line":807,"column":92}},"807":{"start":{"line":808,"column":0},"end":{"line":808,"column":3}},"812":{"start":{"line":813,"column":0},"end":{"line":813,"column":11}},"816":{"start":{"line":817,"column":0},"end":{"line":817,"column":13}},"820":{"start":{"line":821,"column":0},"end":{"line":821,"column":70}},"821":{"start":{"line":822,"column":0},"end":{"line":822,"column":65}},"822":{"start":{"line":823,"column":0},"end":{"line":823,"column":16}},"823":{"start":{"line":824,"column":0},"end":{"line":824,"column":38}},"824":{"start":{"line":825,"column":0},"end":{"line":825,"column":56}},"825":{"start":{"line":826,"column":0},"end":{"line":826,"column":64}},"826":{"start":{"line":827,"column":0},"end":{"line":827,"column":82}},"827":{"start":{"line":828,"column":0},"end":{"line":828,"column":40}},"828":{"start":{"line":829,"column":0},"end":{"line":829,"column":58}},"829":{"start":{"line":830,"column":0},"end":{"line":830,"column":42}},"830":{"start":{"line":831,"column":0},"end":{"line":831,"column":54}},"831":{"start":{"line":832,"column":0},"end":{"line":832,"column":68}},"833":{"start":{"line":834,"column":0},"end":{"line":834,"column":8}},"837":{"start":{"line":838,"column":0},"end":{"line":838,"column":149}},"841":{"start":{"line":842,"column":0},"end":{"line":842,"column":167}},"845":{"start":{"line":846,"column":0},"end":{"line":846,"column":172}},"849":{"start":{"line":850,"column":0},"end":{"line":850,"column":190}},"853":{"start":{"line":854,"column":0},"end":{"line":854,"column":151}},"857":{"start":{"line":858,"column":0},"end":{"line":858,"column":169}},"861":{"start":{"line":862,"column":0},"end":{"line":862,"column":153}},"865":{"start":{"line":866,"column":0},"end":{"line":866,"column":165}},"869":{"start":{"line":870,"column":0},"end":{"line":870,"column":176}},"873":{"start":{"line":874,"column":0},"end":{"line":874,"column":44}},"874":{"start":{"line":875,"column":0},"end":{"line":875,"column":23}},"875":{"start":{"line":876,"column":0},"end":{"line":876,"column":45}},"876":{"start":{"line":877,"column":0},"end":{"line":877,"column":57}},"877":{"start":{"line":878,"column":0},"end":{"line":878,"column":84}},"878":{"start":{"line":879,"column":0},"end":{"line":879,"column":12}},"882":{"start":{"line":883,"column":0},"end":{"line":883,"column":195}},"883":{"start":{"line":884,"column":0},"end":{"line":884,"column":127}},"884":{"start":{"line":885,"column":0},"end":{"line":885,"column":88}},"885":{"start":{"line":886,"column":0},"end":{"line":886,"column":19}},"886":{"start":{"line":887,"column":0},"end":{"line":887,"column":8}},"890":{"start":{"line":891,"column":0},"end":{"line":891,"column":209}},"891":{"start":{"line":892,"column":0},"end":{"line":892,"column":127}},"892":{"start":{"line":893,"column":0},"end":{"line":893,"column":95}},"893":{"start":{"line":894,"column":0},"end":{"line":894,"column":19}},"894":{"start":{"line":895,"column":0},"end":{"line":895,"column":8}},"898":{"start":{"line":899,"column":0},"end":{"line":899,"column":234}},"899":{"start":{"line":900,"column":0},"end":{"line":900,"column":134}},"900":{"start":{"line":901,"column":0},"end":{"line":901,"column":104}},"901":{"start":{"line":902,"column":0},"end":{"line":902,"column":19}},"902":{"start":{"line":903,"column":0},"end":{"line":903,"column":8}},"906":{"start":{"line":907,"column":0},"end":{"line":907,"column":203}},"907":{"start":{"line":908,"column":0},"end":{"line":908,"column":127}},"908":{"start":{"line":909,"column":0},"end":{"line":909,"column":37}},"909":{"start":{"line":910,"column":0},"end":{"line":910,"column":19}},"910":{"start":{"line":911,"column":0},"end":{"line":911,"column":8}},"914":{"start":{"line":915,"column":0},"end":{"line":915,"column":246}},"915":{"start":{"line":916,"column":0},"end":{"line":916,"column":134}},"916":{"start":{"line":917,"column":0},"end":{"line":917,"column":37}},"917":{"start":{"line":918,"column":0},"end":{"line":918,"column":19}},"918":{"start":{"line":919,"column":0},"end":{"line":919,"column":8}},"922":{"start":{"line":923,"column":0},"end":{"line":923,"column":191}},"923":{"start":{"line":924,"column":0},"end":{"line":924,"column":127}},"924":{"start":{"line":925,"column":0},"end":{"line":925,"column":86}},"925":{"start":{"line":926,"column":0},"end":{"line":926,"column":19}},"926":{"start":{"line":927,"column":0},"end":{"line":927,"column":8}},"930":{"start":{"line":931,"column":0},"end":{"line":931,"column":51}},"931":{"start":{"line":932,"column":0},"end":{"line":932,"column":101}},"932":{"start":{"line":933,"column":0},"end":{"line":933,"column":19}},"933":{"start":{"line":934,"column":0},"end":{"line":934,"column":8}},"934":{"start":{"line":935,"column":0},"end":{"line":935,"column":68}},"935":{"start":{"line":936,"column":0},"end":{"line":936,"column":84}},"936":{"start":{"line":937,"column":0},"end":{"line":937,"column":19}},"937":{"start":{"line":938,"column":0},"end":{"line":938,"column":8}},"938":{"start":{"line":939,"column":0},"end":{"line":939,"column":24}},"939":{"start":{"line":940,"column":0},"end":{"line":940,"column":26}},"940":{"start":{"line":941,"column":0},"end":{"line":941,"column":23}},"941":{"start":{"line":942,"column":0},"end":{"line":942,"column":8}},"942":{"start":{"line":943,"column":0},"end":{"line":943,"column":49}},"943":{"start":{"line":944,"column":0},"end":{"line":944,"column":26}},"944":{"start":{"line":945,"column":0},"end":{"line":945,"column":90}},"945":{"start":{"line":946,"column":0},"end":{"line":946,"column":16}},"946":{"start":{"line":947,"column":0},"end":{"line":947,"column":20}},"947":{"start":{"line":948,"column":0},"end":{"line":948,"column":125}},"949":{"start":{"line":950,"column":0},"end":{"line":950,"column":8}},"950":{"start":{"line":951,"column":0},"end":{"line":951,"column":39}},"951":{"start":{"line":952,"column":0},"end":{"line":952,"column":26}},"952":{"start":{"line":953,"column":0},"end":{"line":953,"column":50}},"953":{"start":{"line":954,"column":0},"end":{"line":954,"column":16}},"954":{"start":{"line":955,"column":0},"end":{"line":955,"column":20}},"955":{"start":{"line":956,"column":0},"end":{"line":956,"column":125}},"957":{"start":{"line":958,"column":0},"end":{"line":958,"column":7}},"959":{"start":{"line":960,"column":0},"end":{"line":960,"column":3}}},"s":{"0":0,"26":0,"42":0,"43":0,"45":0,"46":0,"47":0,"49":0,"50":0,"51":0,"222":0,"229":0,"230":0,"231":0,"232":0,"233":0,"235":0,"242":0,"243":0,"244":0,"245":0,"246":0,"248":0,"255":0,"256":0,"257":0,"258":0,"259":0,"261":0,"268":0,"269":0,"270":0,"271":0,"272":0,"274":0,"281":0,"282":0,"283":0,"284":0,"285":0,"287":0,"294":0,"295":0,"296":0,"297":0,"298":0,"300":0,"306":0,"317":0,"318":0,"319":0,"320":0,"321":0,"322":0,"325":0,"326":0,"327":0,"330":0,"331":0,"332":0,"335":0,"336":0,"337":0,"347":0,"348":0,"349":0,"360":0,"361":0,"363":0,"364":0,"372":0,"373":0,"374":0,"375":0,"376":0,"377":0,"382":0,"386":0,"393":0,"394":0,"395":0,"403":0,"407":0,"414":0,"415":0,"416":0,"424":0,"428":0,"435":0,"436":0,"437":0,"438":0,"447":0,"465":0,"466":0,"467":0,"468":0,"469":0,"470":0,"476":0,"477":0,"478":0,"485":0,"486":0,"487":0,"496":0,"497":0,"499":0,"500":0,"503":0,"504":0,"505":0,"508":0,"509":0,"510":0,"513":0,"514":0,"515":0,"518":0,"519":0,"520":0,"523":0,"524":0,"525":0,"530":0,"537":0,"538":0,"539":0,"549":0,"550":0,"551":0,"561":0,"562":0,"563":0,"571":0,"572":0,"573":0,"581":0,"582":0,"583":0,"591":0,"592":0,"593":0,"601":0,"602":0,"603":0,"610":0,"617":0,"618":0,"619":0,"629":0,"630":0,"631":0,"641":0,"642":0,"643":0,"651":0,"652":0,"653":0,"661":0,"662":0,"663":0,"671":0,"672":0,"673":0,"681":0,"682":0,"683":0,"690":0,"697":0,"698":0,"699":0,"709":0,"710":0,"711":0,"712":0,"722":0,"723":0,"724":0,"725":0,"733":0,"734":0,"735":0,"736":0,"744":0,"745":0,"746":0,"747":0,"755":0,"756":0,"757":0,"758":0,"766":0,"767":0,"768":0,"769":0,"779":0,"780":0,"781":0,"791":0,"792":0,"793":0,"794":0,"804":0,"805":0,"806":0,"807":0,"812":0,"816":0,"820":0,"821":0,"822":0,"823":0,"824":0,"825":0,"826":0,"827":0,"828":0,"829":0,"830":0,"831":0,"833":0,"837":0,"841":0,"845":0,"849":0,"853":0,"857":0,"861":0,"865":0,"869":0,"873":0,"874":0,"875":0,"876":0,"877":0,"878":0,"882":0,"883":0,"884":0,"885":0,"886":0,"890":0,"891":0,"892":0,"893":0,"894":0,"898":0,"899":0,"900":0,"901":0,"902":0,"906":0,"907":0,"908":0,"909":0,"910":0,"914":0,"915":0,"916":0,"917":0,"918":0,"922":0,"923":0,"924":0,"925":0,"926":0,"930":0,"931":0,"932":0,"933":0,"934":0,"935":0,"936":0,"937":0,"938":0,"939":0,"940":0,"941":0,"942":0,"943":0,"944":0,"945":0,"946":0,"947":0,"949":0,"950":0,"951":0,"952":0,"953":0,"954":0,"955":0,"957":0,"959":0},"branchMap":{"0":{"type":"branch","line":1,"loc":{"start":{"line":1,"column":69155},"end":{"line":1049,"column":2}},"locations":[{"start":{"line":1,"column":69155},"end":{"line":1049,"column":2}}]}},"b":{"0":[0]},"fnMap":{"0":{"name":"(empty-report)","decl":{"start":{"line":1,"column":69155},"end":{"line":1049,"column":2}},"loc":{"start":{"line":1,"column":69155},"end":{"line":1049,"column":2}},"line":1}},"f":{"0":0}}
,"/Users/gabe.algo/Code/devportal-code-examples/projects/typescript-examples/contracts/artifacts/clients/HelloWorld/HelloWorldClient.ts": {"path":"/Users/gabe.algo/Code/devportal-code-examples/projects/typescript-examples/contracts/artifacts/clients/HelloWorld/HelloWorldClient.ts","all":false,"statementMap":{"0":{"start":{"line":1,"column":0},"end":{"line":1,"column":20}},"26":{"start":{"line":27,"column":0},"end":{"line":27,"column":5380}},"42":{"start":{"line":43,"column":0},"end":{"line":43,"column":47}},"43":{"start":{"line":44,"column":0},"end":{"line":44,"column":55}},"45":{"start":{"line":46,"column":0},"end":{"line":46,"column":41}},"46":{"start":{"line":47,"column":0},"end":{"line":47,"column":21}},"47":{"start":{"line":48,"column":0},"end":{"line":48,"column":3}},"49":{"start":{"line":50,"column":0},"end":{"line":50,"column":34}},"50":{"start":{"line":51,"column":0},"end":{"line":51,"column":91}},"51":{"start":{"line":52,"column":0},"end":{"line":52,"column":3}},"175":{"start":{"line":176,"column":0},"end":{"line":176,"column":47}},"184":{"start":{"line":185,"column":0},"end":{"line":185,"column":215}},"185":{"start":{"line":186,"column":0},"end":{"line":186,"column":12}},"186":{"start":{"line":187,"column":0},"end":{"line":187,"column":16}},"187":{"start":{"line":188,"column":0},"end":{"line":188,"column":55}},"188":{"start":{"line":189,"column":0},"end":{"line":189,"column":101}},"190":{"start":{"line":191,"column":0},"end":{"line":191,"column":3}},"199":{"start":{"line":200,"column":0},"end":{"line":200,"column":195}},"200":{"start":{"line":201,"column":0},"end":{"line":201,"column":12}},"201":{"start":{"line":202,"column":0},"end":{"line":202,"column":16}},"202":{"start":{"line":203,"column":0},"end":{"line":203,"column":44}},"203":{"start":{"line":204,"column":0},"end":{"line":204,"column":58}},"205":{"start":{"line":206,"column":0},"end":{"line":206,"column":3}},"211":{"start":{"line":212,"column":0},"end":{"line":212,"column":32}},"222":{"start":{"line":223,"column":0},"end":{"line":223,"column":58}},"223":{"start":{"line":224,"column":0},"end":{"line":224,"column":39}},"224":{"start":{"line":225,"column":0},"end":{"line":225,"column":16}},"225":{"start":{"line":226,"column":0},"end":{"line":226,"column":24}},"226":{"start":{"line":227,"column":0},"end":{"line":227,"column":6}},"227":{"start":{"line":228,"column":0},"end":{"line":228,"column":3}},"230":{"start":{"line":231,"column":0},"end":{"line":231,"column":24}},"231":{"start":{"line":232,"column":0},"end":{"line":232,"column":34}},"232":{"start":{"line":233,"column":0},"end":{"line":233,"column":3}},"235":{"start":{"line":236,"column":0},"end":{"line":236,"column":17}},"236":{"start":{"line":237,"column":0},"end":{"line":237,"column":19}},"237":{"start":{"line":238,"column":0},"end":{"line":238,"column":3}},"240":{"start":{"line":241,"column":0},"end":{"line":241,"column":50}},"241":{"start":{"line":242,"column":0},"end":{"line":242,"column":35}},"242":{"start":{"line":243,"column":0},"end":{"line":243,"column":3}},"252":{"start":{"line":253,"column":0},"end":{"line":253,"column":62}},"253":{"start":{"line":254,"column":0},"end":{"line":254,"column":73}},"254":{"start":{"line":255,"column":0},"end":{"line":255,"column":3}},"265":{"start":{"line":266,"column":0},"end":{"line":266,"column":44}},"266":{"start":{"line":267,"column":0},"end":{"line":267,"column":61}},"268":{"start":{"line":269,"column":0},"end":{"line":269,"column":91}},"269":{"start":{"line":270,"column":0},"end":{"line":270,"column":3}},"277":{"start":{"line":278,"column":0},"end":{"line":278,"column":60}},"278":{"start":{"line":279,"column":0},"end":{"line":279,"column":49}},"279":{"start":{"line":280,"column":0},"end":{"line":280,"column":16}},"280":{"start":{"line":281,"column":0},"end":{"line":281,"column":6}},"281":{"start":{"line":282,"column":0},"end":{"line":282,"column":87}},"282":{"start":{"line":283,"column":0},"end":{"line":283,"column":3}},"287":{"start":{"line":288,"column":0},"end":{"line":288,"column":21}},"291":{"start":{"line":292,"column":0},"end":{"line":292,"column":13}},"298":{"start":{"line":299,"column":0},"end":{"line":299,"column":149}},"299":{"start":{"line":300,"column":0},"end":{"line":300,"column":57}},"300":{"start":{"line":301,"column":0},"end":{"line":301,"column":8}},"308":{"start":{"line":309,"column":0},"end":{"line":309,"column":32}},"312":{"start":{"line":313,"column":0},"end":{"line":313,"column":13}},"319":{"start":{"line":320,"column":0},"end":{"line":320,"column":149}},"320":{"start":{"line":321,"column":0},"end":{"line":321,"column":68}},"321":{"start":{"line":322,"column":0},"end":{"line":322,"column":8}},"329":{"start":{"line":330,"column":0},"end":{"line":330,"column":19}},"333":{"start":{"line":334,"column":0},"end":{"line":334,"column":13}},"340":{"start":{"line":341,"column":0},"end":{"line":341,"column":168}},"341":{"start":{"line":342,"column":0},"end":{"line":342,"column":69}},"342":{"start":{"line":343,"column":0},"end":{"line":343,"column":91}},"343":{"start":{"line":344,"column":0},"end":{"line":344,"column":8}},"352":{"start":{"line":353,"column":0},"end":{"line":353,"column":31}},"370":{"start":{"line":371,"column":0},"end":{"line":371,"column":81}},"371":{"start":{"line":372,"column":0},"end":{"line":372,"column":99}},"372":{"start":{"line":373,"column":0},"end":{"line":373,"column":27}},"373":{"start":{"line":374,"column":0},"end":{"line":374,"column":24}},"374":{"start":{"line":375,"column":0},"end":{"line":375,"column":6}},"375":{"start":{"line":376,"column":0},"end":{"line":376,"column":3}},"381":{"start":{"line":382,"column":0},"end":{"line":382,"column":131}},"382":{"start":{"line":383,"column":0},"end":{"line":383,"column":164}},"383":{"start":{"line":384,"column":0},"end":{"line":384,"column":3}},"390":{"start":{"line":391,"column":0},"end":{"line":391,"column":128}},"391":{"start":{"line":392,"column":0},"end":{"line":392,"column":100}},"392":{"start":{"line":393,"column":0},"end":{"line":393,"column":3}},"401":{"start":{"line":402,"column":0},"end":{"line":402,"column":27}},"402":{"start":{"line":403,"column":0},"end":{"line":403,"column":54}},"404":{"start":{"line":405,"column":0},"end":{"line":405,"column":93}},"405":{"start":{"line":406,"column":0},"end":{"line":406,"column":3}},"408":{"start":{"line":409,"column":0},"end":{"line":409,"column":22}},"409":{"start":{"line":410,"column":0},"end":{"line":410,"column":31}},"410":{"start":{"line":411,"column":0},"end":{"line":411,"column":3}},"413":{"start":{"line":414,"column":0},"end":{"line":414,"column":27}},"414":{"start":{"line":415,"column":0},"end":{"line":415,"column":36}},"415":{"start":{"line":416,"column":0},"end":{"line":416,"column":3}},"418":{"start":{"line":419,"column":0},"end":{"line":419,"column":24}},"419":{"start":{"line":420,"column":0},"end":{"line":420,"column":33}},"420":{"start":{"line":421,"column":0},"end":{"line":421,"column":3}},"423":{"start":{"line":424,"column":0},"end":{"line":424,"column":24}},"424":{"start":{"line":425,"column":0},"end":{"line":425,"column":33}},"425":{"start":{"line":426,"column":0},"end":{"line":426,"column":3}},"428":{"start":{"line":429,"column":0},"end":{"line":429,"column":50}},"429":{"start":{"line":430,"column":0},"end":{"line":430,"column":34}},"430":{"start":{"line":431,"column":0},"end":{"line":431,"column":3}},"435":{"start":{"line":436,"column":0},"end":{"line":436,"column":21}},"442":{"start":{"line":443,"column":0},"end":{"line":443,"column":63}},"443":{"start":{"line":444,"column":0},"end":{"line":444,"column":58}},"444":{"start":{"line":445,"column":0},"end":{"line":445,"column":6}},"454":{"start":{"line":455,"column":0},"end":{"line":455,"column":200}},"455":{"start":{"line":456,"column":0},"end":{"line":456,"column":81}},"456":{"start":{"line":457,"column":0},"end":{"line":457,"column":6}},"468":{"start":{"line":469,"column":0},"end":{"line":469,"column":193}},"469":{"start":{"line":470,"column":0},"end":{"line":470,"column":83}},"470":{"start":{"line":471,"column":0},"end":{"line":471,"column":6}},"477":{"start":{"line":478,"column":0},"end":{"line":478,"column":32}},"484":{"start":{"line":485,"column":0},"end":{"line":485,"column":63}},"485":{"start":{"line":486,"column":0},"end":{"line":486,"column":69}},"486":{"start":{"line":487,"column":0},"end":{"line":487,"column":6}},"496":{"start":{"line":497,"column":0},"end":{"line":497,"column":200}},"497":{"start":{"line":498,"column":0},"end":{"line":498,"column":92}},"498":{"start":{"line":499,"column":0},"end":{"line":499,"column":6}},"510":{"start":{"line":511,"column":0},"end":{"line":511,"column":193}},"511":{"start":{"line":512,"column":0},"end":{"line":512,"column":94}},"512":{"start":{"line":513,"column":0},"end":{"line":513,"column":6}},"519":{"start":{"line":520,"column":0},"end":{"line":520,"column":19}},"526":{"start":{"line":527,"column":0},"end":{"line":527,"column":76}},"527":{"start":{"line":528,"column":0},"end":{"line":528,"column":56}},"528":{"start":{"line":529,"column":0},"end":{"line":529,"column":6}},"538":{"start":{"line":539,"column":0},"end":{"line":539,"column":219}},"539":{"start":{"line":540,"column":0},"end":{"line":540,"column":93}},"540":{"start":{"line":541,"column":0},"end":{"line":541,"column":126}},"541":{"start":{"line":542,"column":0},"end":{"line":542,"column":6}},"553":{"start":{"line":554,"column":0},"end":{"line":554,"column":212}},"554":{"start":{"line":555,"column":0},"end":{"line":555,"column":95}},"555":{"start":{"line":556,"column":0},"end":{"line":556,"column":115}},"556":{"start":{"line":557,"column":0},"end":{"line":557,"column":6}},"566":{"start":{"line":567,"column":0},"end":{"line":567,"column":46}},"567":{"start":{"line":568,"column":0},"end":{"line":568,"column":61}},"568":{"start":{"line":569,"column":0},"end":{"line":569,"column":3}},"580":{"start":{"line":581,"column":0},"end":{"line":581,"column":146}},"581":{"start":{"line":582,"column":0},"end":{"line":582,"column":93}},"582":{"start":{"line":583,"column":0},"end":{"line":583,"column":78}},"583":{"start":{"line":584,"column":0},"end":{"line":584,"column":3}},"588":{"start":{"line":589,"column":0},"end":{"line":589,"column":11}},"591":{"start":{"line":592,"column":0},"end":{"line":592,"column":41}},"592":{"start":{"line":593,"column":0},"end":{"line":593,"column":23}},"593":{"start":{"line":594,"column":0},"end":{"line":594,"column":45}},"594":{"start":{"line":595,"column":0},"end":{"line":595,"column":57}},"595":{"start":{"line":596,"column":0},"end":{"line":596,"column":84}},"596":{"start":{"line":597,"column":0},"end":{"line":597,"column":12}},"600":{"start":{"line":601,"column":0},"end":{"line":601,"column":197}},"601":{"start":{"line":602,"column":0},"end":{"line":602,"column":121}},"602":{"start":{"line":603,"column":0},"end":{"line":603,"column":95}},"603":{"start":{"line":604,"column":0},"end":{"line":604,"column":19}},"604":{"start":{"line":605,"column":0},"end":{"line":605,"column":8}},"608":{"start":{"line":609,"column":0},"end":{"line":609,"column":177}},"609":{"start":{"line":610,"column":0},"end":{"line":610,"column":123}},"610":{"start":{"line":611,"column":0},"end":{"line":611,"column":84}},"611":{"start":{"line":612,"column":0},"end":{"line":612,"column":19}},"612":{"start":{"line":613,"column":0},"end":{"line":613,"column":8}},"616":{"start":{"line":617,"column":0},"end":{"line":617,"column":51}},"617":{"start":{"line":618,"column":0},"end":{"line":618,"column":101}},"618":{"start":{"line":619,"column":0},"end":{"line":619,"column":19}},"619":{"start":{"line":620,"column":0},"end":{"line":620,"column":8}},"620":{"start":{"line":621,"column":0},"end":{"line":621,"column":68}},"621":{"start":{"line":622,"column":0},"end":{"line":622,"column":84}},"622":{"start":{"line":623,"column":0},"end":{"line":623,"column":19}},"623":{"start":{"line":624,"column":0},"end":{"line":624,"column":8}},"624":{"start":{"line":625,"column":0},"end":{"line":625,"column":24}},"625":{"start":{"line":626,"column":0},"end":{"line":626,"column":26}},"626":{"start":{"line":627,"column":0},"end":{"line":627,"column":23}},"627":{"start":{"line":628,"column":0},"end":{"line":628,"column":8}},"628":{"start":{"line":629,"column":0},"end":{"line":629,"column":49}},"629":{"start":{"line":630,"column":0},"end":{"line":630,"column":26}},"630":{"start":{"line":631,"column":0},"end":{"line":631,"column":90}},"631":{"start":{"line":632,"column":0},"end":{"line":632,"column":16}},"632":{"start":{"line":633,"column":0},"end":{"line":633,"column":20}},"633":{"start":{"line":634,"column":0},"end":{"line":634,"column":125}},"635":{"start":{"line":636,"column":0},"end":{"line":636,"column":8}},"636":{"start":{"line":637,"column":0},"end":{"line":637,"column":39}},"637":{"start":{"line":638,"column":0},"end":{"line":638,"column":26}},"638":{"start":{"line":639,"column":0},"end":{"line":639,"column":50}},"639":{"start":{"line":640,"column":0},"end":{"line":640,"column":16}},"640":{"start":{"line":641,"column":0},"end":{"line":641,"column":20}},"641":{"start":{"line":642,"column":0},"end":{"line":642,"column":125}},"643":{"start":{"line":644,"column":0},"end":{"line":644,"column":7}},"645":{"start":{"line":646,"column":0},"end":{"line":646,"column":3}}},"s":{"0":1,"26":1,"42":1,"43":1,"45":1,"46":0,"47":0,"49":1,"50":0,"51":0,"175":1,"184":1,"185":2,"186":2,"187":2,"188":2,"190":2,"199":1,"200":2,"201":2,"202":2,"203":2,"205":2,"211":1,"222":1,"223":2,"224":2,"225":2,"226":2,"227":2,"230":1,"231":0,"232":0,"235":1,"236":0,"237":0,"240":1,"241":0,"242":0,"252":1,"253":0,"254":0,"265":1,"266":0,"268":0,"269":0,"277":1,"278":2,"279":2,"280":2,"281":2,"282":2,"287":1,"291":1,"298":1,"299":0,"300":0,"308":1,"312":1,"319":1,"320":0,"321":0,"329":1,"333":1,"340":1,"341":0,"342":0,"343":0,"352":1,"370":1,"371":2,"372":0,"373":0,"374":0,"375":2,"381":1,"382":4,"383":4,"390":1,"391":0,"392":0,"401":1,"402":0,"404":0,"405":0,"408":1,"409":0,"410":0,"413":1,"414":0,"415":0,"418":1,"419":0,"420":0,"423":1,"424":0,"425":0,"428":1,"429":2,"430":2,"435":1,"442":1,"443":0,"444":0,"454":1,"455":2,"456":2,"468":1,"469":2,"470":2,"477":1,"484":1,"485":0,"486":0,"496":1,"497":0,"498":0,"510":1,"511":0,"512":0,"519":1,"526":1,"527":0,"528":0,"538":1,"539":0,"540":0,"541":0,"553":1,"554":0,"555":0,"556":0,"566":1,"567":0,"568":0,"580":1,"581":0,"582":0,"583":0,"588":1,"591":1,"592":2,"593":2,"594":2,"595":2,"596":2,"600":2,"601":2,"602":2,"603":2,"604":2,"608":2,"609":2,"610":2,"611":2,"612":2,"616":2,"617":0,"618":0,"619":0,"620":2,"621":0,"622":0,"623":0,"624":2,"625":0,"626":0,"627":0,"628":2,"629":1,"630":1,"631":1,"632":1,"633":1,"635":1,"636":2,"637":1,"638":1,"639":1,"640":1,"641":1,"643":1,"645":2},"branchMap":{"0":{"type":"branch","line":185,"loc":{"start":{"line":185,"column":9},"end":{"line":191,"column":3}},"locations":[{"start":{"line":185,"column":9},"end":{"line":191,"column":3}}]},"1":{"type":"branch","line":189,"loc":{"start":{"line":189,"column":37},"end":{"line":189,"column":55}},"locations":[{"start":{"line":189,"column":37},"end":{"line":189,"column":55}}]},"2":{"type":"branch","line":200,"loc":{"start":{"line":200,"column":9},"end":{"line":206,"column":3}},"locations":[{"start":{"line":200,"column":9},"end":{"line":206,"column":3}}]},"3":{"type":"branch","line":204,"loc":{"start":{"line":204,"column":48},"end":{"line":204,"column":58}},"locations":[{"start":{"line":204,"column":48},"end":{"line":204,"column":58}}]},"4":{"type":"branch","line":223,"loc":{"start":{"line":223,"column":2},"end":{"line":228,"column":3}},"locations":[{"start":{"line":223,"column":2},"end":{"line":228,"column":3}}]},"5":{"type":"branch","line":278,"loc":{"start":{"line":278,"column":9},"end":{"line":283,"column":3}},"locations":[{"start":{"line":278,"column":9},"end":{"line":283,"column":3}}]},"6":{"type":"branch","line":371,"loc":{"start":{"line":371,"column":2},"end":{"line":376,"column":3}},"locations":[{"start":{"line":371,"column":2},"end":{"line":376,"column":3}}]},"7":{"type":"branch","line":372,"loc":{"start":{"line":372,"column":63},"end":{"line":375,"column":6}},"locations":[{"start":{"line":372,"column":63},"end":{"line":375,"column":6}}]},"8":{"type":"branch","line":455,"loc":{"start":{"line":455,"column":14},"end":{"line":457,"column":6}},"locations":[{"start":{"line":455,"column":14},"end":{"line":457,"column":6}}]},"9":{"type":"branch","line":469,"loc":{"start":{"line":469,"column":16},"end":{"line":471,"column":6}},"locations":[{"start":{"line":469,"column":16},"end":{"line":471,"column":6}}]},"10":{"type":"branch","line":382,"loc":{"start":{"line":382,"column":2},"end":{"line":384,"column":3}},"locations":[{"start":{"line":382,"column":2},"end":{"line":384,"column":3}}]},"11":{"type":"branch","line":383,"loc":{"start":{"line":383,"column":151},"end":{"line":383,"column":164}},"locations":[{"start":{"line":383,"column":151},"end":{"line":383,"column":164}}]},"12":{"type":"branch","line":429,"loc":{"start":{"line":429,"column":2},"end":{"line":431,"column":3}},"locations":[{"start":{"line":429,"column":2},"end":{"line":431,"column":3}}]},"13":{"type":"branch","line":592,"loc":{"start":{"line":592,"column":9},"end":{"line":646,"column":3}},"locations":[{"start":{"line":592,"column":9},"end":{"line":646,"column":3}}]},"14":{"type":"branch","line":601,"loc":{"start":{"line":601,"column":6},"end":{"line":605,"column":8}},"locations":[{"start":{"line":601,"column":6},"end":{"line":605,"column":8}}]},"15":{"type":"branch","line":602,"loc":{"start":{"line":602,"column":41},"end":{"line":602,"column":120}},"locations":[{"start":{"line":602,"column":41},"end":{"line":602,"column":120}}]},"16":{"type":"branch","line":603,"loc":{"start":{"line":603,"column":27},"end":{"line":603,"column":94}},"locations":[{"start":{"line":603,"column":27},"end":{"line":603,"column":94}}]},"17":{"type":"branch","line":609,"loc":{"start":{"line":609,"column":6},"end":{"line":613,"column":8}},"locations":[{"start":{"line":609,"column":6},"end":{"line":613,"column":8}}]},"18":{"type":"branch","line":610,"loc":{"start":{"line":610,"column":41},"end":{"line":610,"column":122}},"locations":[{"start":{"line":610,"column":41},"end":{"line":610,"column":122}}]},"19":{"type":"branch","line":611,"loc":{"start":{"line":611,"column":27},"end":{"line":611,"column":83}},"locations":[{"start":{"line":611,"column":27},"end":{"line":611,"column":83}}]},"20":{"type":"branch","line":629,"loc":{"start":{"line":629,"column":6},"end":{"line":636,"column":8}},"locations":[{"start":{"line":629,"column":6},"end":{"line":636,"column":8}}]},"21":{"type":"branch","line":631,"loc":{"start":{"line":631,"column":58},"end":{"line":631,"column":90}},"locations":[{"start":{"line":631,"column":58},"end":{"line":631,"column":90}}]},"22":{"type":"branch","line":634,"loc":{"start":{"line":634,"column":39},"end":{"line":634,"column":124}},"locations":[{"start":{"line":634,"column":39},"end":{"line":634,"column":124}}]},"23":{"type":"branch","line":634,"loc":{"start":{"line":634,"column":105},"end":{"line":634,"column":124}},"locations":[{"start":{"line":634,"column":105},"end":{"line":634,"column":124}}]},"24":{"type":"branch","line":637,"loc":{"start":{"line":637,"column":6},"end":{"line":644,"column":7}},"locations":[{"start":{"line":637,"column":6},"end":{"line":644,"column":7}}]},"25":{"type":"branch","line":642,"loc":{"start":{"line":642,"column":39},"end":{"line":642,"column":124}},"locations":[{"start":{"line":642,"column":39},"end":{"line":642,"column":124}}]},"26":{"type":"branch","line":642,"loc":{"start":{"line":642,"column":105},"end":{"line":642,"column":124}},"locations":[{"start":{"line":642,"column":105},"end":{"line":642,"column":124}}]}},"b":{"0":[2],"1":[0],"2":[2],"3":[0],"4":[2],"5":[2],"6":[2],"7":[0],"8":[2],"9":[2],"10":[4],"11":[0],"12":[2],"13":[2],"14":[2],"15":[2],"16":[2],"17":[2],"18":[2],"19":[2],"20":[1],"21":[0],"22":[2],"23":[0],"24":[1],"25":[2],"26":[0]},"fnMap":{"0":{"name":"BinaryStateValue","decl":{"start":{"line":44,"column":2},"end":{"line":44,"column":55}},"loc":{"start":{"line":44,"column":2},"end":{"line":44,"column":55}},"line":44},"1":{"name":"asByteArray","decl":{"start":{"line":46,"column":2},"end":{"line":48,"column":3}},"loc":{"start":{"line":46,"column":2},"end":{"line":48,"column":3}},"line":46},"2":{"name":"asString","decl":{"start":{"line":50,"column":2},"end":{"line":52,"column":3}},"loc":{"start":{"line":50,"column":2},"end":{"line":52,"column":3}},"line":50},"3":{"name":"sayHello","decl":{"start":{"line":185,"column":9},"end":{"line":191,"column":3}},"loc":{"start":{"line":185,"column":9},"end":{"line":191,"column":3}},"line":185},"4":{"name":"sayBananas","decl":{"start":{"line":200,"column":9},"end":{"line":206,"column":3}},"loc":{"start":{"line":200,"column":9},"end":{"line":206,"column":3}},"line":200},"5":{"name":"HelloWorldFactory","decl":{"start":{"line":223,"column":2},"end":{"line":228,"column":3}},"loc":{"start":{"line":223,"column":2},"end":{"line":228,"column":3}},"line":223},"6":{"name":"bare","decl":{"start":{"line":299,"column":12},"end":{"line":301,"column":8}},"loc":{"start":{"line":299,"column":12},"end":{"line":301,"column":8}},"line":299},"7":{"name":"bare","decl":{"start":{"line":320,"column":12},"end":{"line":322,"column":8}},"loc":{"start":{"line":320,"column":12},"end":{"line":322,"column":8}},"line":320},"8":{"name":"bare","decl":{"start":{"line":341,"column":12},"end":{"line":344,"column":8}},"loc":{"start":{"line":341,"column":12},"end":{"line":344,"column":8}},"line":341},"9":{"name":"get appName","decl":{"start":{"line":231,"column":2},"end":{"line":233,"column":3}},"loc":{"start":{"line":231,"column":2},"end":{"line":233,"column":3}},"line":231},"10":{"name":"get appSpec","decl":{"start":{"line":236,"column":2},"end":{"line":238,"column":3}},"loc":{"start":{"line":236,"column":2},"end":{"line":238,"column":3}},"line":236},"11":{"name":"get algorand","decl":{"start":{"line":241,"column":2},"end":{"line":243,"column":3}},"loc":{"start":{"line":241,"column":2},"end":{"line":243,"column":3}},"line":241},"12":{"name":"getAppClientById","decl":{"start":{"line":253,"column":9},"end":{"line":255,"column":3}},"loc":{"start":{"line":253,"column":9},"end":{"line":255,"column":3}},"line":253},"13":{"name":"getAppClientByCreatorAndName","decl":{"start":{"line":266,"column":9},"end":{"line":270,"column":3}},"loc":{"start":{"line":266,"column":9},"end":{"line":270,"column":3}},"line":266},"14":{"name":"deploy","decl":{"start":{"line":278,"column":9},"end":{"line":283,"column":3}},"loc":{"start":{"line":278,"column":9},"end":{"line":283,"column":3}},"line":278},"15":{"name":"HelloWorldClient","decl":{"start":{"line":371,"column":2},"end":{"line":376,"column":3}},"loc":{"start":{"line":371,"column":2},"end":{"line":376,"column":3}},"line":371},"16":{"name":"clearState","decl":{"start":{"line":443,"column":16},"end":{"line":445,"column":6}},"loc":{"start":{"line":443,"column":16},"end":{"line":445,"column":6}},"line":443},"17":{"name":"sayHello","decl":{"start":{"line":455,"column":14},"end":{"line":457,"column":6}},"loc":{"start":{"line":455,"column":14},"end":{"line":457,"column":6}},"line":455},"18":{"name":"sayBananas","decl":{"start":{"line":469,"column":16},"end":{"line":471,"column":6}},"loc":{"start":{"line":469,"column":16},"end":{"line":471,"column":6}},"line":469},"19":{"name":"clearState","decl":{"start":{"line":485,"column":16},"end":{"line":487,"column":6}},"loc":{"start":{"line":485,"column":16},"end":{"line":487,"column":6}},"line":485},"20":{"name":"sayHello","decl":{"start":{"line":497,"column":14},"end":{"line":499,"column":6}},"loc":{"start":{"line":497,"column":14},"end":{"line":499,"column":6}},"line":497},"21":{"name":"sayBananas","decl":{"start":{"line":511,"column":16},"end":{"line":513,"column":6}},"loc":{"start":{"line":511,"column":16},"end":{"line":513,"column":6}},"line":511},"22":{"name":"clearState","decl":{"start":{"line":527,"column":16},"end":{"line":529,"column":6}},"loc":{"start":{"line":527,"column":16},"end":{"line":529,"column":6}},"line":527},"23":{"name":"sayHello","decl":{"start":{"line":539,"column":14},"end":{"line":542,"column":6}},"loc":{"start":{"line":539,"column":14},"end":{"line":542,"column":6}},"line":539},"24":{"name":"sayBananas","decl":{"start":{"line":554,"column":16},"end":{"line":557,"column":6}},"loc":{"start":{"line":554,"column":16},"end":{"line":557,"column":6}},"line":554},"25":{"name":"decodeReturnValue","decl":{"start":{"line":382,"column":2},"end":{"line":384,"column":3}},"loc":{"start":{"line":382,"column":2},"end":{"line":384,"column":3}},"line":382},"26":{"name":"fromCreatorAndName","decl":{"start":{"line":391,"column":9},"end":{"line":393,"column":3}},"loc":{"start":{"line":391,"column":9},"end":{"line":393,"column":3}},"line":391},"27":{"name":"fromNetwork","decl":{"start":{"line":402,"column":2},"end":{"line":406,"column":3}},"loc":{"start":{"line":402,"column":2},"end":{"line":406,"column":3}},"line":402},"28":{"name":"get appId","decl":{"start":{"line":409,"column":2},"end":{"line":411,"column":3}},"loc":{"start":{"line":409,"column":2},"end":{"line":411,"column":3}},"line":409},"29":{"name":"get appAddress","decl":{"start":{"line":414,"column":2},"end":{"line":416,"column":3}},"loc":{"start":{"line":414,"column":2},"end":{"line":416,"column":3}},"line":414},"30":{"name":"get appName","decl":{"start":{"line":419,"column":2},"end":{"line":421,"column":3}},"loc":{"start":{"line":419,"column":2},"end":{"line":421,"column":3}},"line":419},"31":{"name":"get appSpec","decl":{"start":{"line":424,"column":2},"end":{"line":426,"column":3}},"loc":{"start":{"line":424,"column":2},"end":{"line":426,"column":3}},"line":424},"32":{"name":"get algorand","decl":{"start":{"line":429,"column":2},"end":{"line":431,"column":3}},"loc":{"start":{"line":429,"column":2},"end":{"line":431,"column":3}},"line":429},"33":{"name":"clone","decl":{"start":{"line":567,"column":9},"end":{"line":569,"column":3}},"loc":{"start":{"line":567,"column":9},"end":{"line":569,"column":3}},"line":567},"34":{"name":"sayBananas","decl":{"start":{"line":581,"column":2},"end":{"line":584,"column":3}},"loc":{"start":{"line":581,"column":2},"end":{"line":584,"column":3}},"line":581},"35":{"name":"newGroup","decl":{"start":{"line":592,"column":9},"end":{"line":646,"column":3}},"loc":{"start":{"line":592,"column":9},"end":{"line":646,"column":3}},"line":592},"36":{"name":"sayHello","decl":{"start":{"line":601,"column":6},"end":{"line":605,"column":8}},"loc":{"start":{"line":601,"column":6},"end":{"line":605,"column":8}},"line":601},"37":{"name":"sayBananas","decl":{"start":{"line":609,"column":6},"end":{"line":613,"column":8}},"loc":{"start":{"line":609,"column":6},"end":{"line":613,"column":8}},"line":609},"38":{"name":"clearState","decl":{"start":{"line":617,"column":6},"end":{"line":620,"column":8}},"loc":{"start":{"line":617,"column":6},"end":{"line":620,"column":8}},"line":617},"39":{"name":"addTransaction","decl":{"start":{"line":621,"column":6},"end":{"line":624,"column":8}},"loc":{"start":{"line":621,"column":6},"end":{"line":624,"column":8}},"line":621},"40":{"name":"composer","decl":{"start":{"line":625,"column":6},"end":{"line":628,"column":8}},"loc":{"start":{"line":625,"column":6},"end":{"line":628,"column":8}},"line":625},"41":{"name":"simulate","decl":{"start":{"line":629,"column":6},"end":{"line":636,"column":8}},"loc":{"start":{"line":629,"column":6},"end":{"line":636,"column":8}},"line":629},"42":{"name":"send","decl":{"start":{"line":637,"column":6},"end":{"line":644,"column":7}},"loc":{"start":{"line":637,"column":6},"end":{"line":644,"column":7}},"line":637}},"f":{"0":0,"1":0,"2":0,"3":2,"4":2,"5":2,"6":0,"7":0,"8":0,"9":0,"10":0,"11":0,"12":0,"13":0,"14":2,"15":2,"16":0,"17":2,"18":2,"19":0,"20":0,"21":0,"22":0,"23":0,"24":0,"25":4,"26":0,"27":0,"28":0,"29":0,"30":0,"31":0,"32":2,"33":0,"34":0,"35":2,"36":2,"37":2,"38":0,"39":0,"40":0,"41":1,"42":1}}
}
